2023-08-15 11:44:17,472 [INFO] WebApp:330 - JxBrowser engine has been closed 
2023-08-15 11:57:19,207 [INFO] Activator:176 - 


2023-08-15 11:57:19,209 [INFO] Activator:177 - !SESSION log4j initialized
2023-08-15 11:57:24,737 [INFO] LogOutputStream:77 - [STDOUT_REDIRECT] 
2023-08-15 11:57:26,368 [INFO] ApplicationProperties:184 - Using Application install path: C:\ST\STM32CubeIDE_1.13.1\STM32CubeIDE\plugins\com.st.stm32cube.common.mx_6.9.1.202307191849
2023-08-15 11:57:26,386 [INFO] DbMcusXml:78 - Set database path to: C:\ST\STM32CubeIDE_1.13.1\STM32CubeIDE\plugins\com.st.stm32cube.common.mx_6.9.1.202307191849\\db\/mcu/
2023-08-15 11:57:26,386 [INFO] ApiDb:274 - Set plugin database path to: C:\ST\STM32CubeIDE_1.13.1\STM32CubeIDE\plugins\com.st.stm32cube.common.mx_6.9.1.202307191849\\db\/plugins/boardmanager/
2023-08-15 11:57:26,387 [WARN] ApiDb:259 - Overriding images path with different value:  => C:\ST\STM32CubeIDE_1.13.1\STM32CubeIDE\plugins\com.st.stm32cube.common.mx_6.9.1.202307191849\\db\/plugins/mcufinder/images/
2023-08-15 11:57:26,402 [INFO] ApiDb:250 - Set database path to: C:\Users\work\.stmcufinder\plugins\mcufinder//mcu/
2023-08-15 11:57:26,404 [INFO] DbMcusAds:125 - Set database path to: C:\Users\work\.stmcufinder\plugins\mcufinder//mcu/
2023-08-15 11:57:26,407 [INFO] CrossReferenceDbSqlite:203 - Set database path to: C:\Users\work\.stmcufinder\plugins\mcufinder//mcu/cs/
2023-08-15 11:57:26,538 [INFO] RulesReader:64 - Compatibility file has been processed (293 Rules)
2023-08-15 11:57:26,621 [INFO] DbMcusXml:78 - Set database path to: C:\ST\STM32CubeIDE_1.13.1\STM32CubeIDE\plugins\com.st.stm32cube.common.mx_6.9.1.202307191849\\db\/mcu/
2023-08-15 11:57:26,621 [INFO] ApiDb:274 - Set plugin database path to: C:\ST\STM32CubeIDE_1.13.1\STM32CubeIDE\plugins\com.st.stm32cube.common.mx_6.9.1.202307191849\\db\/plugins/boardmanager/
2023-08-15 11:57:26,623 [INFO] ApiDb:261 - Set plugin images path to: C:\ST\STM32CubeIDE_1.13.1\STM32CubeIDE\plugins\com.st.stm32cube.common.mx_6.9.1.202307191849\\db\/plugins/mcufinder/images/
2023-08-15 11:57:26,623 [WARN] DbFile:41 - Overriding database path with different value: C:\Users\work\.stmcufinder\plugins\mcufinder/ => C:\Users\work\.stmcufinder\plugins\mcufinder
2023-08-15 11:57:26,623 [INFO] ApiDb:250 - Set database path to: C:\Users\work\.stmcufinder\plugins\mcufinder//mcu/
2023-08-15 11:57:26,623 [WARN] DbFile:41 - Overriding database path with different value: C:\Users\work\.stmcufinder\plugins\mcufinder/ => C:\Users\work\.stmcufinder\plugins\mcufinder
2023-08-15 11:57:26,623 [INFO] DbMcusAds:125 - Set database path to: C:\Users\work\.stmcufinder\plugins\mcufinder//mcu/
2023-08-15 11:57:26,623 [WARN] DbFile:41 - Overriding database path with different value: C:\Users\work\.stmcufinder\plugins\mcufinder/ => C:\Users\work\.stmcufinder\plugins\mcufinder
2023-08-15 11:57:26,623 [WARN] DbFile:41 - Overriding database path with different value: C:\Users\work\.stmcufinder\plugins\mcufinder/ => C:\Users\work\.stmcufinder\plugins\mcufinder
2023-08-15 11:57:26,623 [INFO] CrossReferenceDbSqlite:203 - Set database path to: C:\Users\work\.stmcufinder\plugins\mcufinder//mcu/cs/
2023-08-15 11:57:26,693 [INFO] MainPanel:262 - HeapMemory: 268435456
2023-08-15 11:57:26,775 [INFO] DbMcusXml:78 - Set database path to: C:\ST\STM32CubeIDE_1.13.1\STM32CubeIDE\plugins\com.st.stm32cube.common.mx_6.9.1.202307191849\\db\/mcu/
2023-08-15 11:57:26,775 [INFO] ApiDb:274 - Set plugin database path to: C:\ST\STM32CubeIDE_1.13.1\STM32CubeIDE\plugins\com.st.stm32cube.common.mx_6.9.1.202307191849\\db\/plugins/boardmanager/
2023-08-15 11:57:26,775 [INFO] ApiDb:261 - Set plugin images path to: C:\ST\STM32CubeIDE_1.13.1\STM32CubeIDE\plugins\com.st.stm32cube.common.mx_6.9.1.202307191849\\db\/plugins/mcufinder/images/
2023-08-15 11:57:26,776 [WARN] DbFile:41 - Overriding database path with different value: C:\Users\work\.stmcufinder\plugins\mcufinder/ => C:\Users\work\.stmcufinder\plugins\mcufinder
2023-08-15 11:57:26,776 [INFO] ApiDb:250 - Set database path to: C:\Users\work\.stmcufinder\plugins\mcufinder//mcu/
2023-08-15 11:57:26,853 [WARN] DbFile:41 - Overriding database path with different value: C:\Users\work\.stmcufinder\plugins\mcufinder/ => C:\Users\work\.stmcufinder\plugins\mcufinder
2023-08-15 11:57:26,855 [INFO] DbMcusAds:125 - Set database path to: C:\Users\work\.stmcufinder\plugins\mcufinder//mcu/
2023-08-15 11:57:26,855 [WARN] DbFile:41 - Overriding database path with different value: C:\Users\work\.stmcufinder\plugins\mcufinder/ => C:\Users\work\.stmcufinder\plugins\mcufinder
2023-08-15 11:57:26,855 [WARN] DbFile:41 - Overriding database path with different value: C:\Users\work\.stmcufinder\plugins\mcufinder/ => C:\Users\work\.stmcufinder\plugins\mcufinder
2023-08-15 11:57:26,855 [INFO] CrossReferenceDbSqlite:203 - Set database path to: C:\Users\work\.stmcufinder\plugins\mcufinder//mcu/cs/
2023-08-15 11:57:26,871 [INFO] ApplicationProperties:184 - Using Application install path: C:\ST\STM32CubeIDE_1.13.1\STM32CubeIDE\plugins\com.st.stm32cube.common.mx_6.9.1.202307191849
2023-08-15 11:57:26,873 [INFO] PluginManage:196 - Search for loadable plugins [exclusion list=, ]
2023-08-15 11:57:26,875 [INFO] PluginManage:310 - Check plugin analytics
2023-08-15 11:57:27,007 [INFO] AnalyticsPlugin:253 - Accepted Software Licenses: 
2023-08-15 11:57:27,009 [INFO] AnalyticsPlugin:255 - Accepted CMSIS Pack Licenses: STMicroelectronics.X-CUBE-TOUCHGFX.4.21.0
2023-08-15 11:57:27,009 [INFO] AnalyticsPlugin:257 - Accepted Firmware Licenses: FW.F4.1.27.0,FW.MP1.1.6.0,FW.F7.1.17.0,FW.G4.1.5.0,FW.H7.1.10.0
2023-08-15 11:57:27,011 [INFO] PluginManage:359 - Loaded plugin analytics (category:tool,tabindex:-1)
2023-08-15 11:57:27,011 [INFO] PluginManage:310 - Check plugin cadmodel
2023-08-15 11:57:27,025 [INFO] CADModel:105 - Init CAD model plugin
2023-08-15 11:57:27,025 [INFO] PluginManage:359 - Loaded plugin cadmodel (category:power,tabindex:5)
2023-08-15 11:57:27,025 [INFO] PluginManage:310 - Check plugin clock
2023-08-15 11:57:27,040 [INFO] PluginManage:359 - Loaded plugin clock (category:base,tabindex:2)
2023-08-15 11:57:27,040 [INFO] PluginManage:310 - Check plugin ddr
2023-08-15 11:57:27,042 [INFO] PluginManage:359 - Loaded plugin ddr (category:tool,tabindex:6)
2023-08-15 11:57:27,042 [INFO] PluginManage:310 - Check plugin filemanager
2023-08-15 11:57:27,263 [INFO] PluginManage:359 - Loaded plugin filemanager (category:base,tabindex:10)
2023-08-15 11:57:27,263 [INFO] PluginManage:310 - Check plugin ipmanager
2023-08-15 11:57:27,269 [INFO] PluginManage:359 - Loaded plugin ipmanager (category:base,tabindex:5)
2023-08-15 11:57:27,269 [INFO] PluginManage:310 - Check plugin lpbam
2023-08-15 11:57:27,284 [INFO] PluginManage:359 - Loaded plugin lpbam (category:base,tabindex:0)
2023-08-15 11:57:27,284 [INFO] PluginManage:310 - Check plugin memorymap
2023-08-15 11:57:27,305 [INFO] PluginManage:359 - Loaded plugin memorymap (category:base,tabindex:4)
2023-08-15 11:57:27,305 [INFO] PluginManage:310 - Check plugin pinoutandconfiguration
2023-08-15 11:57:27,320 [INFO] PluginManage:359 - Loaded plugin pinoutandconfiguration (category:base,tabindex:1)
2023-08-15 11:57:27,321 [INFO] PluginManage:310 - Check plugin pinoutconfig
2023-08-15 11:57:27,412 [WARN] SupportedApi:132 - Cannot load RTOS API schema: s4s-elt-must-match.1: The content of 'definitions' must match (annotation?, (simpleType | complexType)?, (unique | key | keyref)*)). A problem was found starting at: attribute.
2023-08-15 11:57:27,568 [INFO] PluginManage:359 - Loaded plugin pinoutconfig (category:base,tabindex:0)
2023-08-15 11:57:27,568 [INFO] PluginManage:310 - Check plugin power
2023-08-15 11:57:27,588 [INFO] PluginManage:359 - Loaded plugin power (category:power,tabindex:4)
2023-08-15 11:57:27,588 [INFO] PluginManage:310 - Check plugin projectmanager
2023-08-15 11:57:27,607 [INFO] PluginManage:359 - Loaded plugin projectmanager (category:projectmanager,tabindex:3)
2023-08-15 11:57:27,607 [INFO] PluginManage:310 - Check plugin thirdparty
2023-08-15 11:57:27,876 [INFO] PluginManage:359 - Loaded plugin thirdparty (category:base,tabindex:-1)
2023-08-15 11:57:27,876 [WARN] IntegrityCheckThread:84 - waiting for thirdparty lock release [integrity check]
2023-08-15 11:57:27,877 [INFO] PluginManage:310 - Check plugin tools
2023-08-15 11:57:27,877 [INFO] IntegrityCheckThread:86 - entering critical section [integrity check]
2023-08-15 11:57:27,877 [INFO] ThirdPartyUpdaterWithRetryManager:70 - Updater plugin not ready yet. [1/15]
2023-08-15 11:57:27,916 [INFO] PluginManage:359 - Loaded plugin tools (category:base,tabindex:7)
2023-08-15 11:57:27,916 [INFO] PluginManage:310 - Check plugin tutovideos
2023-08-15 11:57:28,148 [INFO] PluginManage:359 - Loaded plugin tutovideos (category:base,tabindex:-1)
2023-08-15 11:57:28,148 [INFO] PluginManage:310 - Check plugin updater
2023-08-15 11:57:28,161 [INFO] PluginManage:359 - Loaded plugin updater (category:base,tabindex:12)
2023-08-15 11:57:28,161 [INFO] PluginManage:310 - Check plugin userauth
2023-08-15 11:57:28,170 [INFO] UserAuth:113 - Init User Auth plugin
2023-08-15 11:57:28,170 [INFO] PluginManage:359 - Loaded plugin userauth (category:base,tabindex:14)
2023-08-15 11:57:28,170 [INFO] PluginManage:283 - PluginManage : Loaded plugins [17]
2023-08-15 11:57:28,403 [INFO] PinOutPanel:1499 - setPackage(No Configuration,No Configuration)
2023-08-15 11:57:28,517 [INFO] CADModel:165 - CPN selected for project level
2023-08-15 11:57:28,517 [INFO] CADModel:114 - Register for checkConnection events
2023-08-15 11:57:28,575 [INFO] IPUIPlugin:80 - create IPUIPlugin
2023-08-15 11:57:28,575 [INFO] PluginManager:220 - loadIPPluginJar : add adc
2023-08-15 11:57:28,621 [INFO] IPUIPlugin:80 - create IPUIPlugin
2023-08-15 11:57:28,621 [INFO] PluginManager:220 - loadIPPluginJar : add aes
2023-08-15 11:57:28,668 [INFO] IPUIPlugin:80 - create IPUIPlugin
2023-08-15 11:57:28,668 [INFO] PluginManager:220 - loadIPPluginJar : add can
2023-08-15 11:57:28,690 [INFO] IPUIPlugin:80 - create IPUIPlugin
2023-08-15 11:57:28,690 [INFO] PluginManager:220 - loadIPPluginJar : add comp
2023-08-15 11:57:28,724 [INFO] IPUIPlugin:80 - create IPUIPlugin
2023-08-15 11:57:28,725 [INFO] PluginManager:220 - loadIPPluginJar : add cryp
2023-08-15 11:57:28,755 [INFO] IPUIPlugin:80 - create IPUIPlugin
2023-08-15 11:57:28,755 [INFO] PluginManager:220 - loadIPPluginJar : add dfsdm
2023-08-15 11:57:28,768 [INFO] IPUIPlugin:80 - create IPUIPlugin
2023-08-15 11:57:28,768 [INFO] PluginManager:220 - loadIPPluginJar : add dma
2023-08-15 11:57:28,809 [INFO] IPUIPlugin:80 - create IPUIPlugin
2023-08-15 11:57:28,809 [INFO] PluginManager:220 - loadIPPluginJar : add dma3
2023-08-15 11:57:28,826 [INFO] IPUIPlugin:80 - create IPUIPlugin
2023-08-15 11:57:28,826 [INFO] PluginManager:220 - loadIPPluginJar : add fatfs
2023-08-15 11:57:28,865 [INFO] IPUIPlugin:80 - create IPUIPlugin
2023-08-15 11:57:28,865 [INFO] PluginManager:220 - loadIPPluginJar : add fmc
2023-08-15 11:57:28,879 [INFO] IPUIPlugin:80 - create IPUIPlugin
2023-08-15 11:57:28,879 [INFO] PluginManager:220 - loadIPPluginJar : add freertos
2023-08-15 11:57:28,898 [INFO] IPUIPlugin:80 - create IPUIPlugin
2023-08-15 11:57:28,898 [INFO] PluginManager:220 - loadIPPluginJar : add genericplugin
2023-08-15 11:57:28,981 [INFO] IPUIPlugin:80 - create IPUIPlugin
2023-08-15 11:57:28,981 [INFO] PluginManager:220 - loadIPPluginJar : add gfxmmu
2023-08-15 11:57:29,087 [INFO] IPUIPlugin:80 - create IPUIPlugin
2023-08-15 11:57:29,087 [INFO] PluginManager:220 - loadIPPluginJar : add gic
2023-08-15 11:57:29,097 [INFO] IPUIPlugin:80 - create IPUIPlugin
2023-08-15 11:57:29,097 [INFO] PluginManager:220 - loadIPPluginJar : add gpio
2023-08-15 11:57:29,165 [INFO] IPUIPlugin:80 - create IPUIPlugin
2023-08-15 11:57:29,165 [INFO] PluginManager:220 - loadIPPluginJar : add gtzc
2023-08-15 11:57:29,193 [INFO] IPUIPlugin:80 - create IPUIPlugin
2023-08-15 11:57:29,193 [INFO] PluginManager:220 - loadIPPluginJar : add hash
2023-08-15 11:57:29,231 [INFO] IPUIPlugin:80 - create IPUIPlugin
2023-08-15 11:57:29,231 [INFO] PluginManager:220 - loadIPPluginJar : add i2c
2023-08-15 11:57:29,259 [INFO] IPUIPlugin:80 - create IPUIPlugin
2023-08-15 11:57:29,266 [INFO] PluginManager:220 - loadIPPluginJar : add i2s
2023-08-15 11:57:29,295 [INFO] IPUIPlugin:80 - create IPUIPlugin
2023-08-15 11:57:29,296 [INFO] PluginManager:220 - loadIPPluginJar : add i3c
2023-08-15 11:57:29,375 [INFO] IPUIPlugin:80 - create IPUIPlugin
2023-08-15 11:57:29,375 [INFO] PluginManager:220 - loadIPPluginJar : add ipddr
2023-08-15 11:57:29,448 [INFO] IPUIPlugin:80 - create IPUIPlugin
2023-08-15 11:57:29,448 [INFO] PluginManager:220 - loadIPPluginJar : add linkedlist
2023-08-15 11:57:29,477 [INFO] IPUIPlugin:80 - create IPUIPlugin
2023-08-15 11:57:29,477 [INFO] PluginManager:220 - loadIPPluginJar : add lorawan
2023-08-15 11:57:29,505 [INFO] IPUIPlugin:80 - create IPUIPlugin
2023-08-15 11:57:29,505 [INFO] PluginManager:220 - loadIPPluginJar : add ltdc
2023-08-15 11:57:29,517 [INFO] IPUIPlugin:80 - create IPUIPlugin
2023-08-15 11:57:29,517 [INFO] PluginManager:220 - loadIPPluginJar : add mdma
2023-08-15 11:57:29,529 [INFO] IPUIPlugin:80 - create IPUIPlugin
2023-08-15 11:57:29,529 [INFO] PluginManager:220 - loadIPPluginJar : add nvic
2023-08-15 11:57:29,559 [INFO] IPUIPlugin:80 - create IPUIPlugin
2023-08-15 11:57:29,560 [INFO] PluginManager:220 - loadIPPluginJar : add opamp
2023-08-15 11:57:29,603 [INFO] IPUIPlugin:80 - create IPUIPlugin
2023-08-15 11:57:29,603 [INFO] PluginManager:220 - loadIPPluginJar : add openamp
2023-08-15 11:57:29,635 [INFO] IPUIPlugin:80 - create IPUIPlugin
2023-08-15 11:57:29,635 [INFO] PluginManager:220 - loadIPPluginJar : add pdm2pcm
2023-08-15 11:57:29,647 [INFO] IPUIPlugin:80 - create IPUIPlugin
2023-08-15 11:57:29,649 [INFO] PluginManager:220 - loadIPPluginJar : add plateformsettings
2023-08-15 11:57:29,667 [INFO] IPUIPlugin:80 - create IPUIPlugin
2023-08-15 11:57:29,667 [INFO] PluginManager:220 - loadIPPluginJar : add quadspi
2023-08-15 11:57:29,678 [INFO] IPUIPlugin:80 - create IPUIPlugin
2023-08-15 11:57:29,678 [INFO] PluginManager:220 - loadIPPluginJar : add resmgrutility
2023-08-15 11:57:29,715 [INFO] IPUIPlugin:80 - create IPUIPlugin
2023-08-15 11:57:29,715 [INFO] PluginManager:220 - loadIPPluginJar : add sai
2023-08-15 11:57:29,741 [INFO] IPUIPlugin:80 - create IPUIPlugin
2023-08-15 11:57:29,741 [INFO] PluginManager:220 - loadIPPluginJar : add spi
2023-08-15 11:57:29,783 [INFO] IPUIPlugin:80 - create IPUIPlugin
2023-08-15 11:57:29,783 [INFO] PluginManager:220 - loadIPPluginJar : add stm32_wpan
2023-08-15 11:57:29,801 [INFO] IPUIPlugin:80 - create IPUIPlugin
2023-08-15 11:57:29,801 [INFO] PluginManager:220 - loadIPPluginJar : add tim
2023-08-15 11:57:29,841 [INFO] IPUIPlugin:80 - create IPUIPlugin
2023-08-15 11:57:29,841 [INFO] PluginManager:220 - loadIPPluginJar : add touchsensing
2023-08-15 11:57:29,858 [INFO] IPUIPlugin:80 - create IPUIPlugin
2023-08-15 11:57:29,858 [INFO] PluginManager:220 - loadIPPluginJar : add tracer_emb
2023-08-15 11:57:29,877 [INFO] IPUIPlugin:80 - create IPUIPlugin
2023-08-15 11:57:29,877 [INFO] PluginManager:220 - loadIPPluginJar : add ts
2023-08-15 11:57:29,892 [INFO] IPUIPlugin:80 - create IPUIPlugin
2023-08-15 11:57:29,893 [INFO] PluginManager:220 - loadIPPluginJar : add tsc
2023-08-15 11:57:29,909 [INFO] IPUIPlugin:80 - create IPUIPlugin
2023-08-15 11:57:29,909 [INFO] PluginManager:220 - loadIPPluginJar : add ucpd
2023-08-15 11:57:29,946 [INFO] IPUIPlugin:80 - create IPUIPlugin
2023-08-15 11:57:29,946 [INFO] PluginManager:220 - loadIPPluginJar : add usart
2023-08-15 11:57:29,987 [INFO] IPUIPlugin:80 - create IPUIPlugin
2023-08-15 11:57:29,987 [INFO] PluginManager:220 - loadIPPluginJar : add usbx
2023-08-15 11:57:30,108 [INFO] CADModel:165 - CPN selected for project level
2023-08-15 11:57:30,109 [INFO] CADModel:114 - Register for checkConnection events
2023-08-15 11:57:30,109 [FATAL] Updater:308 - Updater called before beeing initialized
2023-08-15 11:57:30,109 [ERROR] CADModel:125 - Updater not yet initialized, retry later 
2023-08-15 11:57:30,243 [INFO] CADModel:165 - CPN selected for project level
2023-08-15 11:57:30,243 [INFO] CADModel:114 - Register for checkConnection events
2023-08-15 11:57:30,243 [FATAL] Updater:308 - Updater called before beeing initialized
2023-08-15 11:57:30,243 [ERROR] CADModel:125 - Updater not yet initialized, retry later 
2023-08-15 11:57:30,248 [FATAL] Updater:308 - Updater called before beeing initialized
2023-08-15 11:57:30,343 [FATAL] Updater:308 - Updater called before beeing initialized
2023-08-15 11:57:30,354 [INFO] DbMcusAds:53 - JSON generation date=Tue Mar 07 14:20:55 IST 2023 (1678179055114)
2023-08-15 11:57:30,354 [FATAL] Updater:308 - Updater called before beeing initialized
2023-08-15 11:57:30,418 [WARN] DetailPanel:346 - Failed to get advertising image, set to default
2023-08-15 11:57:30,506 [FATAL] Updater:308 - Updater called before beeing initialized
2023-08-15 11:57:30,508 [FATAL] Updater:308 - Updater called before beeing initialized
2023-08-15 11:57:30,508 [FATAL] Updater:308 - Updater called before beeing initialized
2023-08-15 11:57:30,508 [WARN] DetailPanel:346 - Failed to get advertising image, set to default
2023-08-15 11:57:30,509 [FATAL] Updater:308 - Updater called before beeing initialized
2023-08-15 11:57:30,557 [ERROR] Updater:1120 - MainUpdater not yet initialized. External WinMGr cannot be set.
2023-08-15 11:57:30,566 [INFO] Updater:1056 - Updater Version found : 6.9.1
2023-08-15 11:57:30,582 [INFO] ApplicationProperties:184 - Using Application install path: C:\ST\STM32CubeIDE_1.13.1\STM32CubeIDE\plugins\com.st.stm32cube.common.mx_6.9.1.202307191849
2023-08-15 11:57:30,789 [INFO] MainUpdater:2868 - connection check result : 10
2023-08-15 11:57:30,789 [INFO] MainUpdater:285 - Updater Check For Update Now.
2023-08-15 11:57:30,789 [INFO] MicroXplorer:498 - Change Database Version : DB.6.0.91
2023-08-15 11:57:30,803 [INFO] McuFinderGlobals:63 - Set McuFinder mode to 2 (CubeIDE integrated)
2023-08-15 11:57:30,803 [INFO] UserAuth:179 - activating auth plugin
2023-08-15 11:57:30,806 [INFO] UserAuth:393 - Internet connection configuration mode: 1
2023-08-15 11:57:30,828 [INFO] JxBrowserEngine:151 - Initiate JxBrowser Engine with user profile folder
2023-08-15 11:57:30,879 [WARN] MainUpdater:1189 - Updater busy. Cannot search thirdparties
2023-08-15 11:57:30,880 [INFO] ThirdPartyUpdaterWithRetryManager:96 - Updater plugin is busy. [1/15]
2023-08-15 11:57:30,971 [INFO] CheckServerUpdateThread:120 - End of CheckServer Thread
2023-08-15 11:57:32,488 [INFO] WebApp:157 - Instantiating new browser for Auth
2023-08-15 11:57:33,030 [INFO] WebApp:753 - Register for checkConnection events
2023-08-15 11:57:33,030 [INFO] WebApp:390 - Apply proxy settings
2023-08-15 11:57:33,030 [INFO] WebApp:475 - Chromium requires no authentication
2023-08-15 11:57:33,037 [INFO] WebApp:418 - Direct internet connection detected
2023-08-15 11:57:33,176 [INFO] WebApp:188 - Starting web application
2023-08-15 11:57:33,176 [INFO] WebApp:520 - Web application path used C:\ST\STM32CubeIDE_1.13.1\STM32CubeIDE\plugins\com.st.stm32cube.common.mx_6.9.1.202307191849\db\plugins\mcufinder\reactClient1\index.html
2023-08-15 11:57:34,033 [WARN] PackLoader:240 - Cannot read IP mode file for STMicroelectronics.X-CUBE-SMBUS.2.1.0
2023-08-15 11:57:34,071 [WARN] PackLoader:240 - Cannot read IP mode file for STMicroelectronics.X-CUBE-AZRTOS-F7.1.1.0
2023-08-15 11:57:34,088 [ERROR] RealEvaluatedCondition:428 - Found unsupported composite condition: GROUP='STM32_MetaDataManager' CLASS='Data Exchange'
2023-08-15 11:57:34,089 [ERROR] RealEvaluatedCondition:428 - Found unsupported composite condition: CLASS='Data Exchange' GROUP='STM32_MetaDataManager'
2023-08-15 11:57:34,092 [WARN] PackLoader:240 - Cannot read IP mode file for STMicroelectronics.FP-SNS-MOTENV1.4.3.0
2023-08-15 11:57:34,106 [WARN] PackLoader:240 - Cannot read IP mode file for STMicroelectronics.FP-SNS-MOTENV1.4.3.2
2023-08-15 11:57:34,120 [WARN] PackLoader:240 - Cannot read IP mode file for STMicroelectronics.FP-SNS-FLIGHT1.5.0.0
2023-08-15 11:57:34,132 [ERROR] RealEvaluatedCondition:428 - Found unsupported composite condition: CLASS='Data Exchange' GROUP='STM32_MetaDataManager'
2023-08-15 11:57:34,132 [ERROR] RealEvaluatedCondition:428 - Found unsupported composite condition: CLASS='Data Exchange' GROUP='STM32_MetaDataManager'
2023-08-15 11:57:34,134 [WARN] PackLoader:240 - Cannot read IP mode file for STMicroelectronics.FP-SNS-MOTENV1.4.3.1
2023-08-15 11:57:34,147 [WARN] PackLoader:240 - Cannot read IP mode file for STMicroelectronics.FP-SNS-FLIGHT1.5.0.1
2023-08-15 11:57:34,160 [WARN] PackLoader:240 - Cannot read IP mode file for STMicroelectronics.X-CUBE-BLE1.6.2.3
2023-08-15 11:57:34,171 [WARN] PackLoader:240 - Cannot read IP mode file for STMicroelectronics.X-CUBE-BLE1.6.2.4
2023-08-15 11:57:34,181 [WARN] PackLoader:240 - Cannot read IP mode file for STMicroelectronics.FP-SNS-FLIGHT1.5.0.2
2023-08-15 11:57:34,194 [WARN] PackLoader:240 - Cannot read IP mode file for STMicroelectronics.X-CUBE-DISPLAY.3.0.0
2023-08-15 11:57:34,209 [WARN] PackLoader:240 - Cannot read IP mode file for STMicroelectronics.X-CUBE-TOUCHGFX.4.22.0
2023-08-15 11:57:34,256 [WARN] PackLoader:240 - Cannot read IP mode file for STMicroelectronics.X-CUBE-MEMS1.9.3.0
2023-08-15 11:57:34,366 [INFO] LogOutputStream:77 - [STDOUT_REDIRECT] 1 : Invalid condition id : UX_CORESTACK_Condition cause : null
2023-08-15 11:57:34,368 [INFO] LogOutputStream:77 - [STDOUT_REDIRECT] 1 : Invalid condition id : UX_CORESTACK_Condition cause : null
2023-08-15 11:57:34,368 [INFO] LogOutputStream:77 - [STDOUT_REDIRECT] 1 : Invalid condition id : UX_CORESTACK_Condition cause : null
2023-08-15 11:57:34,369 [INFO] LogOutputStream:77 - [STDOUT_REDIRECT] 1 : Invalid condition id : UX_CORESTACK_Condition cause : null
2023-08-15 11:57:34,371 [INFO] LogOutputStream:77 - [STDOUT_REDIRECT] 1 : Invalid condition id : UX_CORESTACK_Condition cause : null
2023-08-15 11:57:34,374 [WARN] PackLoader:240 - Cannot read IP mode file for STMicroelectronics.X-CUBE-AZRTOS-WL.2.0.0
2023-08-15 11:57:34,386 [WARN] PackLoader:240 - Cannot read IP mode file for WES.I-CUBE-Cesium.1.3.0
2023-08-15 11:57:34,400 [WARN] PackLoader:240 - Cannot read IP mode file for STMicroelectronics.X-CUBE-BLE2.3.3.0
2023-08-15 11:57:34,414 [WARN] PackLoader:240 - Cannot read IP mode file for STMicroelectronics.X-CUBE-DISPLAY.2.2.0
2023-08-15 11:57:34,433 [WARN] PackLoader:240 - Cannot read IP mode file for STMicroelectronics.X-CUBE-TOF1.3.2.0
2023-08-15 11:57:34,461 [WARN] PackLoader:240 - Cannot read IP mode file for STMicroelectronics.X-CUBE-AZRTOS-H7.2.1.0
2023-08-15 11:57:34,472 [WARN] PackLoader:240 - Cannot read IP mode file for STMicroelectronics.X-CUBE-TOUCHGFX.4.21.1
2023-08-15 11:57:34,483 [WARN] PackLoader:240 - Cannot read IP mode file for STMicroelectronics.X-CUBE-TOUCHGFX.4.21.0
2023-08-15 11:57:34,584 [WARN] PackLoader:240 - Cannot read IP mode file for STMicroelectronics.X-CUBE-TOUCHGFX.4.21.3
2023-08-15 11:57:34,594 [WARN] PackLoader:240 - Cannot read IP mode file for STMicroelectronics.X-CUBE-TOUCHGFX.4.21.4
2023-08-15 11:57:34,633 [WARN] PackLoader:240 - Cannot read IP mode file for STMicroelectronics.X-CUBE-MEMS1.9.4.0
2023-08-15 11:57:34,709 [WARN] PackLoader:240 - Cannot read IP mode file for STMicroelectronics.X-CUBE-AI.7.3.0
2023-08-15 11:57:34,720 [WARN] PackLoader:240 - Cannot read IP mode file for STMicroelectronics.X-CUBE-ALGOBUILD.1.3.0
2023-08-15 11:57:34,740 [WARN] PackLoader:240 - Cannot read IP mode file for STMicroelectronics.X-CUBE-AZRTOS-G0.1.1.0
2023-08-15 11:57:34,752 [WARN] PackLoader:240 - Cannot read IP mode file for STMicroelectronics.X-CUBE-NFC4.3.0.0
2023-08-15 11:57:34,780 [WARN] PackLoader:240 - Cannot read IP mode file for SEGGER.I-CUBE-embOS.1.2.1
2023-08-15 11:57:34,814 [WARN] PackLoader:240 - Cannot read IP mode file for STMicroelectronics.X-CUBE-BLEMGR.1.3.0
2023-08-15 11:57:34,825 [WARN] PackLoader:240 - Cannot read IP mode file for STMicroelectronics.FP-ATR-SIGFOX1.3.2.0
2023-08-15 11:57:34,834 [WARN] PackLoader:240 - Cannot read IP mode file for STMicroelectronics.X-CUBE-TOUCHGFX.4.20.0
2023-08-15 11:57:34,877 [WARN] PackLoader:240 - Cannot read IP mode file for STMicroelectronics.X-CUBE-MEMS1.9.5.0
2023-08-15 11:57:34,970 [WARN] PackLoader:240 - Cannot read IP mode file for SEGGER.I-CUBE-embOS.1.3.1
2023-08-15 11:57:34,998 [WARN] PackLoader:240 - Cannot read IP mode file for STMicroelectronics.X-CUBE-GNSS1.6.0.0
2023-08-15 11:57:35,018 [WARN] PackLoader:240 - Cannot read IP mode file for STMicroelectronics.X-CUBE-AZRTOS-F4.1.1.0
2023-08-15 11:57:35,031 [WARN] PackLoader:240 - Cannot read IP mode file for STMicroelectronics.X-CUBE-BLEMGR.1.2.0
2023-08-15 11:57:35,064 [WARN] PackLoader:240 - Cannot read IP mode file for STMicroelectronics.X-CUBE-MEMS1.9.6.0
2023-08-15 11:57:35,143 [WARN] PackLoader:240 - Cannot read IP mode file for emotas.I-CUBE-CANOPEN.1.1.3
2023-08-15 11:57:35,156 [WARN] PackLoader:240 - Cannot read IP mode file for STMicroelectronics.X-CUBE-BLEMGR.2.0.0
2023-08-15 11:57:35,167 [WARN] PackLoader:240 - Cannot read IP mode file for STMicroelectronics.X-CUBE-NFC4.2.0.5
2023-08-15 11:57:35,189 [WARN] ConditionMgr:438 - getConditionDescription Invalid condition id : UX DEVICE CLASS RTOS Condition cause : null
2023-08-15 11:57:35,190 [WARN] ConditionMgr:438 - getConditionDescription Invalid condition id : UX DEVICE CLASS RTOS Condition cause : null
2023-08-15 11:57:35,192 [WARN] PackLoader:240 - Cannot read IP mode file for STMicroelectronics.X-CUBE-AZRTOS-H7.3.1.0
2023-08-15 11:57:35,193 [WARN] ConditionMgr:1039 - genDependencies : Invalid condition id : UX DEVICE CLASS RTOS Condition cause : null
2023-08-15 11:57:35,193 [WARN] ConditionMgr:1039 - genDependencies : Invalid condition id : UX DEVICE CLASS RTOS Condition cause : null
2023-08-15 11:57:35,194 [WARN] ConditionMgr:1039 - genDependencies : Invalid condition id : UX DEVICE CLASS RTOS Condition cause : null
2023-08-15 11:57:35,194 [WARN] ConditionMgr:1039 - genDependencies : Invalid condition id : UX DEVICE CLASS RTOS Condition cause : null
2023-08-15 11:57:35,194 [WARN] ConditionMgr:1039 - genDependencies : Invalid condition id : UX DEVICE CLASS RTOS Condition cause : null
2023-08-15 11:57:35,205 [WARN] PackLoader:240 - Cannot read IP mode file for wolfSSL.I-CUBE-wolfSSL.5.5.3
2023-08-15 11:57:35,216 [WARN] PackLoader:240 - Cannot read IP mode file for STMicroelectronics.X-CUBE-NFC7.1.0.1
2023-08-15 11:57:35,227 [WARN] PackLoader:240 - Cannot read IP mode file for STMicroelectronics.X-CUBE-NFC7.1.0.0
2023-08-15 11:57:35,237 [WARN] PackLoader:240 - Cannot read IP mode file for STMicroelectronics.X-CUBE-EEPRMA1.4.1.0
2023-08-15 11:57:35,248 [WARN] PackLoader:240 - Cannot read IP mode file for STMicroelectronics.X-CUBE-AI.8.1.0
2023-08-15 11:57:35,267 [WARN] ConditionMgr:438 - getConditionDescription Invalid condition id : LAN8742 Phy interface Condition cause : null
2023-08-15 11:57:35,268 [WARN] PackLoader:240 - Cannot read IP mode file for STMicroelectronics.X-CUBE-AZRTOS-L4.2.0.0
2023-08-15 11:57:35,268 [WARN] ConditionMgr:1039 - genDependencies : Invalid condition id : LAN8742 Phy interface Condition cause : null
2023-08-15 11:57:35,269 [WARN] ConditionMgr:1039 - genDependencies : Invalid condition id : LAN8742 Phy interface Condition cause : null
2023-08-15 11:57:35,269 [WARN] ConditionMgr:1039 - genDependencies : Invalid condition id : LAN8742 Phy interface Condition cause : null
2023-08-15 11:57:35,281 [WARN] PackLoader:240 - Cannot read IP mode file for STMicroelectronics.X-CUBE-SFXS2LP1.4.0.0
2023-08-15 11:57:35,304 [WARN] PackLoader:240 - Cannot read IP mode file for STMicroelectronics.X-CUBE-AZRTOS-H7.3.0.0
2023-08-15 11:57:35,316 [WARN] PackLoader:240 - Cannot read IP mode file for STMicroelectronics.X-CUBE-ISPU.1.1.0
2023-08-15 11:57:35,329 [WARN] PackLoader:240 - Cannot read IP mode file for RoweBots.I-CUBE-UNISONRTOS.5.5.0-4
2023-08-15 11:57:35,340 [WARN] PackLoader:240 - Cannot read IP mode file for STMicroelectronics.X-CUBE-AI.8.0.0
2023-08-15 11:57:35,365 [WARN] ConditionMgr:438 - getConditionDescription Invalid condition id : UX DEVICE CLASS RTOS Condition cause : null
2023-08-15 11:57:35,365 [WARN] ConditionMgr:438 - getConditionDescription Invalid condition id : UX DEVICE CLASS RTOS Condition cause : null
2023-08-15 11:57:35,367 [WARN] PackLoader:240 - Cannot read IP mode file for STMicroelectronics.X-CUBE-AZRTOS-WB.2.0.0
2023-08-15 11:57:35,367 [WARN] ConditionMgr:1039 - genDependencies : Invalid condition id : UX DEVICE CLASS RTOS Condition cause : null
2023-08-15 11:57:35,368 [WARN] ConditionMgr:1039 - genDependencies : Invalid condition id : UX DEVICE CLASS RTOS Condition cause : null
2023-08-15 11:57:35,368 [WARN] ConditionMgr:1039 - genDependencies : Invalid condition id : UX DEVICE CLASS RTOS Condition cause : null
2023-08-15 11:57:35,369 [WARN] ConditionMgr:1039 - genDependencies : Invalid condition id : UX DEVICE CLASS RTOS Condition cause : null
2023-08-15 11:57:35,369 [WARN] ConditionMgr:1039 - genDependencies : Invalid condition id : UX DEVICE CLASS RTOS Condition cause : null
2023-08-15 11:57:35,381 [WARN] PackLoader:240 - Cannot read IP mode file for STMicroelectronics.X-CUBE-FREERTOS.1.0.0
2023-08-15 11:57:35,391 [WARN] PackLoader:240 - Cannot read IP mode file for STMicroelectronics.X-CUBE-FREERTOS.1.0.1
2023-08-15 11:57:35,414 [WARN] PackLoader:240 - Cannot read IP mode file for STMicroelectronics.X-CUBE-AZRTOS-L5.1.1.0
2023-08-15 11:57:35,428 [WARN] PackLoader:240 - Cannot read IP mode file for STMicroelectronics.X-CUBE-AI.8.0.1
2023-08-15 11:57:35,449 [WARN] PackLoader:240 - Cannot read IP mode file for STMicroelectronics.X-CUBE-SUBG2.5.0.0
2023-08-15 11:57:35,476 [WARN] PackLoader:240 - Cannot read IP mode file for STMicroelectronics.X-CUBE-TOF1.3.3.1
2023-08-15 11:57:35,517 [WARN] PackLoader:240 - Cannot read IP mode file for STMicroelectronics.X-CUBE-AZRTOS-G4.2.0.0
2023-08-15 11:57:35,543 [WARN] PackLoader:240 - Cannot read IP mode file for STMicroelectronics.X-CUBE-TOF1.3.3.0
2023-08-15 11:57:35,558 [WARN] PackLoader:240 - Cannot read IP mode file for STMicroelectronics.FP-ATR-ASTRA1.1.1.1
2023-08-15 11:57:35,575 [WARN] PackLoader:240 - Cannot read IP mode file for STMicroelectronics.X-CUBE-AZRTOS-G4.1.0.0
2023-08-15 11:57:35,599 [WARN] PackLoader:240 - Cannot read IP mode file for STMicroelectronics.X-CUBE-AZRTOS-L4.1.0.0
2023-08-15 11:57:35,617 [WARN] PackLoader:240 - Cannot read IP mode file for STMicroelectronics.X-CUBE-AZRTOS-WL.1.0.0
2023-08-15 11:57:35,632 [WARN] PackLoader:240 - Cannot read IP mode file for portGmbH.I-Cube-SoM-uGOAL.1.1.0
2023-08-15 11:57:35,642 [WARN] PackLoader:240 - Cannot read IP mode file for STMicroelectronics.X-CUBE-ALS.1.0.1
2023-08-15 11:57:35,659 [WARN] PackLoader:240 - Cannot read IP mode file for STMicroelectronics.X-CUBE-AZRTOS-WB.1.1.0
2023-08-15 11:57:35,681 [WARN] PackLoader:240 - Cannot read IP mode file for STMicroelectronics.X-CUBE-AZRTOS-L5.1.0.0
2023-08-15 11:57:35,692 [WARN] PackLoader:240 - Cannot read IP mode file for STMicroelectronics.X-CUBE-EEPRMA1.3.1.1
2023-08-15 11:57:35,702 [WARN] PackLoader:240 - Cannot read IP mode file for STMicroelectronics.FP-ATR-ASTRA1.2.0.0
2023-08-15 11:57:35,703 [INFO] ThirdParty:978 - Integrity check success = true
2023-08-15 11:57:35,703 [INFO] IntegrityCheckThread:100 - exiting critical section [integrity check]
2023-08-15 11:57:35,703 [INFO] IntegrityCheckThread:103 - End integrity checks thread
2023-08-15 11:57:54,242 [ERROR] LogOutputStream:75 - [STDERR_REDIRECT] SLF4J: Failed to load class "org.slf4j.impl.StaticLoggerBinder".
2023-08-15 11:57:54,242 [ERROR] LogOutputStream:75 - [STDERR_REDIRECT] SLF4J: Defaulting to no-operation (NOP) logger implementation
2023-08-15 11:57:54,243 [ERROR] LogOutputStream:75 - [STDERR_REDIRECT] SLF4J: See http://www.slf4j.org/codes.html#StaticLoggerBinder for further details.
