2023-08-16 21:21:59,374 [INFO] Activator:176 - 


2023-08-16 21:21:59,379 [INFO] Activator:177 - !SESSION log4j initialized
2023-08-16 21:22:03,464 [INFO] LogOutputStream:77 - [STDOUT_REDIRECT] 
2023-08-16 21:22:04,639 [INFO] ApplicationProperties:184 - Using Application install path: C:\ST\STM32CubeIDE_1.13.1\STM32CubeIDE\plugins\com.st.stm32cube.common.mx_6.9.1.202307191849
2023-08-16 21:22:04,656 [INFO] DbMcusXml:78 - Set database path to: C:\ST\STM32CubeIDE_1.13.1\STM32CubeIDE\plugins\com.st.stm32cube.common.mx_6.9.1.202307191849\\db\/mcu/
2023-08-16 21:22:04,656 [INFO] ApiDb:274 - Set plugin database path to: C:\ST\STM32CubeIDE_1.13.1\STM32CubeIDE\plugins\com.st.stm32cube.common.mx_6.9.1.202307191849\\db\/plugins/boardmanager/
2023-08-16 21:22:04,656 [WARN] ApiDb:259 - Overriding images path with different value:  => C:\ST\STM32CubeIDE_1.13.1\STM32CubeIDE\plugins\com.st.stm32cube.common.mx_6.9.1.202307191849\\db\/plugins/mcufinder/images/
2023-08-16 21:22:04,670 [INFO] ApiDb:250 - Set database path to: C:\Users\work\.stmcufinder\plugins\mcufinder//mcu/
2023-08-16 21:22:04,671 [INFO] DbMcusAds:125 - Set database path to: C:\Users\work\.stmcufinder\plugins\mcufinder//mcu/
2023-08-16 21:22:04,672 [INFO] CrossReferenceDbSqlite:203 - Set database path to: C:\Users\work\.stmcufinder\plugins\mcufinder//mcu/cs/
2023-08-16 21:22:04,764 [INFO] RulesReader:64 - Compatibility file has been processed (293 Rules)
2023-08-16 21:22:04,827 [INFO] DbMcusXml:78 - Set database path to: C:\ST\STM32CubeIDE_1.13.1\STM32CubeIDE\plugins\com.st.stm32cube.common.mx_6.9.1.202307191849\\db\/mcu/
2023-08-16 21:22:04,828 [INFO] ApiDb:274 - Set plugin database path to: C:\ST\STM32CubeIDE_1.13.1\STM32CubeIDE\plugins\com.st.stm32cube.common.mx_6.9.1.202307191849\\db\/plugins/boardmanager/
2023-08-16 21:22:04,828 [INFO] ApiDb:261 - Set plugin images path to: C:\ST\STM32CubeIDE_1.13.1\STM32CubeIDE\plugins\com.st.stm32cube.common.mx_6.9.1.202307191849\\db\/plugins/mcufinder/images/
2023-08-16 21:22:04,828 [WARN] DbFile:41 - Overriding database path with different value: C:\Users\work\.stmcufinder\plugins\mcufinder/ => C:\Users\work\.stmcufinder\plugins\mcufinder
2023-08-16 21:22:04,828 [INFO] ApiDb:250 - Set database path to: C:\Users\work\.stmcufinder\plugins\mcufinder//mcu/
2023-08-16 21:22:04,828 [WARN] DbFile:41 - Overriding database path with different value: C:\Users\work\.stmcufinder\plugins\mcufinder/ => C:\Users\work\.stmcufinder\plugins\mcufinder
2023-08-16 21:22:04,828 [INFO] DbMcusAds:125 - Set database path to: C:\Users\work\.stmcufinder\plugins\mcufinder//mcu/
2023-08-16 21:22:04,828 [WARN] DbFile:41 - Overriding database path with different value: C:\Users\work\.stmcufinder\plugins\mcufinder/ => C:\Users\work\.stmcufinder\plugins\mcufinder
2023-08-16 21:22:04,828 [WARN] DbFile:41 - Overriding database path with different value: C:\Users\work\.stmcufinder\plugins\mcufinder/ => C:\Users\work\.stmcufinder\plugins\mcufinder
2023-08-16 21:22:04,828 [INFO] CrossReferenceDbSqlite:203 - Set database path to: C:\Users\work\.stmcufinder\plugins\mcufinder//mcu/cs/
2023-08-16 21:22:04,908 [INFO] MainPanel:262 - HeapMemory: 268435456
2023-08-16 21:22:05,026 [INFO] DbMcusXml:78 - Set database path to: C:\ST\STM32CubeIDE_1.13.1\STM32CubeIDE\plugins\com.st.stm32cube.common.mx_6.9.1.202307191849\\db\/mcu/
2023-08-16 21:22:05,026 [INFO] ApiDb:274 - Set plugin database path to: C:\ST\STM32CubeIDE_1.13.1\STM32CubeIDE\plugins\com.st.stm32cube.common.mx_6.9.1.202307191849\\db\/plugins/boardmanager/
2023-08-16 21:22:05,026 [INFO] ApiDb:261 - Set plugin images path to: C:\ST\STM32CubeIDE_1.13.1\STM32CubeIDE\plugins\com.st.stm32cube.common.mx_6.9.1.202307191849\\db\/plugins/mcufinder/images/
2023-08-16 21:22:05,027 [WARN] DbFile:41 - Overriding database path with different value: C:\Users\work\.stmcufinder\plugins\mcufinder/ => C:\Users\work\.stmcufinder\plugins\mcufinder
2023-08-16 21:22:05,027 [INFO] ApiDb:250 - Set database path to: C:\Users\work\.stmcufinder\plugins\mcufinder//mcu/
2023-08-16 21:22:05,027 [WARN] DbFile:41 - Overriding database path with different value: C:\Users\work\.stmcufinder\plugins\mcufinder/ => C:\Users\work\.stmcufinder\plugins\mcufinder
2023-08-16 21:22:05,027 [INFO] DbMcusAds:125 - Set database path to: C:\Users\work\.stmcufinder\plugins\mcufinder//mcu/
2023-08-16 21:22:05,027 [WARN] DbFile:41 - Overriding database path with different value: C:\Users\work\.stmcufinder\plugins\mcufinder/ => C:\Users\work\.stmcufinder\plugins\mcufinder
2023-08-16 21:22:05,027 [WARN] DbFile:41 - Overriding database path with different value: C:\Users\work\.stmcufinder\plugins\mcufinder/ => C:\Users\work\.stmcufinder\plugins\mcufinder
2023-08-16 21:22:05,027 [INFO] CrossReferenceDbSqlite:203 - Set database path to: C:\Users\work\.stmcufinder\plugins\mcufinder//mcu/cs/
2023-08-16 21:22:05,042 [INFO] ApplicationProperties:184 - Using Application install path: C:\ST\STM32CubeIDE_1.13.1\STM32CubeIDE\plugins\com.st.stm32cube.common.mx_6.9.1.202307191849
2023-08-16 21:22:05,043 [INFO] PluginManage:196 - Search for loadable plugins [exclusion list=, ]
2023-08-16 21:22:05,044 [INFO] PluginManage:310 - Check plugin analytics
2023-08-16 21:22:05,175 [INFO] AnalyticsPlugin:253 - Accepted Software Licenses: 
2023-08-16 21:22:05,175 [INFO] AnalyticsPlugin:255 - Accepted CMSIS Pack Licenses: STMicroelectronics.X-CUBE-TOUCHGFX.4.21.0
2023-08-16 21:22:05,176 [INFO] AnalyticsPlugin:257 - Accepted Firmware Licenses: FW.F4.1.27.0,FW.MP1.1.6.0,FW.F7.1.17.0,FW.G4.1.5.0,FW.H7.1.10.0
2023-08-16 21:22:05,177 [INFO] PluginManage:359 - Loaded plugin analytics (category:tool,tabindex:-1)
2023-08-16 21:22:05,177 [INFO] PluginManage:310 - Check plugin cadmodel
2023-08-16 21:22:05,190 [INFO] CADModel:105 - Init CAD model plugin
2023-08-16 21:22:05,191 [INFO] PluginManage:359 - Loaded plugin cadmodel (category:power,tabindex:5)
2023-08-16 21:22:05,191 [INFO] PluginManage:310 - Check plugin clock
2023-08-16 21:22:05,209 [INFO] PluginManage:359 - Loaded plugin clock (category:base,tabindex:2)
2023-08-16 21:22:05,209 [INFO] PluginManage:310 - Check plugin ddr
2023-08-16 21:22:05,211 [INFO] PluginManage:359 - Loaded plugin ddr (category:tool,tabindex:6)
2023-08-16 21:22:05,211 [INFO] PluginManage:310 - Check plugin filemanager
2023-08-16 21:22:05,383 [INFO] PluginManage:359 - Loaded plugin filemanager (category:base,tabindex:10)
2023-08-16 21:22:05,383 [INFO] PluginManage:310 - Check plugin ipmanager
2023-08-16 21:22:05,388 [INFO] PluginManage:359 - Loaded plugin ipmanager (category:base,tabindex:5)
2023-08-16 21:22:05,388 [INFO] PluginManage:310 - Check plugin lpbam
2023-08-16 21:22:05,402 [INFO] PluginManage:359 - Loaded plugin lpbam (category:base,tabindex:0)
2023-08-16 21:22:05,403 [INFO] PluginManage:310 - Check plugin memorymap
2023-08-16 21:22:05,421 [INFO] PluginManage:359 - Loaded plugin memorymap (category:base,tabindex:4)
2023-08-16 21:22:05,421 [INFO] PluginManage:310 - Check plugin pinoutandconfiguration
2023-08-16 21:22:05,436 [INFO] PluginManage:359 - Loaded plugin pinoutandconfiguration (category:base,tabindex:1)
2023-08-16 21:22:05,436 [INFO] PluginManage:310 - Check plugin pinoutconfig
2023-08-16 21:22:05,509 [WARN] SupportedApi:132 - Cannot load RTOS API schema: s4s-elt-must-match.1: The content of 'definitions' must match (annotation?, (simpleType | complexType)?, (unique | key | keyref)*)). A problem was found starting at: attribute.
2023-08-16 21:22:05,606 [INFO] PluginManage:359 - Loaded plugin pinoutconfig (category:base,tabindex:0)
2023-08-16 21:22:05,606 [INFO] PluginManage:310 - Check plugin power
2023-08-16 21:22:05,623 [INFO] PluginManage:359 - Loaded plugin power (category:power,tabindex:4)
2023-08-16 21:22:05,623 [INFO] PluginManage:310 - Check plugin projectmanager
2023-08-16 21:22:05,635 [INFO] PluginManage:359 - Loaded plugin projectmanager (category:projectmanager,tabindex:3)
2023-08-16 21:22:05,635 [INFO] PluginManage:310 - Check plugin thirdparty
2023-08-16 21:22:05,850 [INFO] PluginManage:359 - Loaded plugin thirdparty (category:base,tabindex:-1)
2023-08-16 21:22:05,850 [WARN] IntegrityCheckThread:84 - waiting for thirdparty lock release [integrity check]
2023-08-16 21:22:05,850 [INFO] PluginManage:310 - Check plugin tools
2023-08-16 21:22:05,850 [INFO] IntegrityCheckThread:86 - entering critical section [integrity check]
2023-08-16 21:22:05,850 [INFO] ThirdPartyUpdaterWithRetryManager:70 - Updater plugin not ready yet. [1/15]
2023-08-16 21:22:05,876 [INFO] PluginManage:359 - Loaded plugin tools (category:base,tabindex:7)
2023-08-16 21:22:05,876 [INFO] PluginManage:310 - Check plugin tutovideos
2023-08-16 21:22:06,019 [INFO] PluginManage:359 - Loaded plugin tutovideos (category:base,tabindex:-1)
2023-08-16 21:22:06,019 [INFO] PluginManage:310 - Check plugin updater
2023-08-16 21:22:06,028 [INFO] PluginManage:359 - Loaded plugin updater (category:base,tabindex:12)
2023-08-16 21:22:06,028 [INFO] PluginManage:310 - Check plugin userauth
2023-08-16 21:22:06,031 [INFO] UserAuth:113 - Init User Auth plugin
2023-08-16 21:22:06,031 [INFO] PluginManage:359 - Loaded plugin userauth (category:base,tabindex:14)
2023-08-16 21:22:06,031 [INFO] PluginManage:283 - PluginManage : Loaded plugins [17]
2023-08-16 21:22:06,199 [INFO] PinOutPanel:1499 - setPackage(No Configuration,No Configuration)
2023-08-16 21:22:06,277 [INFO] CADModel:165 - CPN selected for project level
2023-08-16 21:22:06,277 [INFO] CADModel:114 - Register for checkConnection events
2023-08-16 21:22:06,297 [INFO] IPUIPlugin:80 - create IPUIPlugin
2023-08-16 21:22:06,297 [INFO] PluginManager:220 - loadIPPluginJar : add adc
2023-08-16 21:22:06,326 [INFO] IPUIPlugin:80 - create IPUIPlugin
2023-08-16 21:22:06,326 [INFO] PluginManager:220 - loadIPPluginJar : add aes
2023-08-16 21:22:06,359 [INFO] IPUIPlugin:80 - create IPUIPlugin
2023-08-16 21:22:06,360 [INFO] PluginManager:220 - loadIPPluginJar : add can
2023-08-16 21:22:06,379 [INFO] IPUIPlugin:80 - create IPUIPlugin
2023-08-16 21:22:06,380 [INFO] PluginManager:220 - loadIPPluginJar : add comp
2023-08-16 21:22:06,407 [INFO] IPUIPlugin:80 - create IPUIPlugin
2023-08-16 21:22:06,407 [INFO] PluginManager:220 - loadIPPluginJar : add cryp
2023-08-16 21:22:06,429 [INFO] IPUIPlugin:80 - create IPUIPlugin
2023-08-16 21:22:06,430 [INFO] PluginManager:220 - loadIPPluginJar : add dfsdm
2023-08-16 21:22:06,442 [INFO] IPUIPlugin:80 - create IPUIPlugin
2023-08-16 21:22:06,442 [INFO] PluginManager:220 - loadIPPluginJar : add dma
2023-08-16 21:22:06,479 [INFO] IPUIPlugin:80 - create IPUIPlugin
2023-08-16 21:22:06,479 [INFO] PluginManager:220 - loadIPPluginJar : add dma3
2023-08-16 21:22:06,494 [INFO] IPUIPlugin:80 - create IPUIPlugin
2023-08-16 21:22:06,494 [INFO] PluginManager:220 - loadIPPluginJar : add fatfs
2023-08-16 21:22:06,531 [INFO] IPUIPlugin:80 - create IPUIPlugin
2023-08-16 21:22:06,531 [INFO] PluginManager:220 - loadIPPluginJar : add fmc
2023-08-16 21:22:06,542 [INFO] IPUIPlugin:80 - create IPUIPlugin
2023-08-16 21:22:06,543 [INFO] PluginManager:220 - loadIPPluginJar : add freertos
2023-08-16 21:22:06,559 [INFO] IPUIPlugin:80 - create IPUIPlugin
2023-08-16 21:22:06,559 [INFO] PluginManager:220 - loadIPPluginJar : add genericplugin
2023-08-16 21:22:06,625 [INFO] IPUIPlugin:80 - create IPUIPlugin
2023-08-16 21:22:06,626 [INFO] PluginManager:220 - loadIPPluginJar : add gfxmmu
2023-08-16 21:22:06,718 [INFO] IPUIPlugin:80 - create IPUIPlugin
2023-08-16 21:22:06,718 [INFO] PluginManager:220 - loadIPPluginJar : add gic
2023-08-16 21:22:06,729 [INFO] IPUIPlugin:80 - create IPUIPlugin
2023-08-16 21:22:06,729 [INFO] PluginManager:220 - loadIPPluginJar : add gpio
2023-08-16 21:22:06,796 [INFO] IPUIPlugin:80 - create IPUIPlugin
2023-08-16 21:22:06,796 [INFO] PluginManager:220 - loadIPPluginJar : add gtzc
2023-08-16 21:22:06,820 [INFO] IPUIPlugin:80 - create IPUIPlugin
2023-08-16 21:22:06,820 [INFO] PluginManager:220 - loadIPPluginJar : add hash
2023-08-16 21:22:06,858 [INFO] IPUIPlugin:80 - create IPUIPlugin
2023-08-16 21:22:06,858 [INFO] PluginManager:220 - loadIPPluginJar : add i2c
2023-08-16 21:22:06,888 [INFO] IPUIPlugin:80 - create IPUIPlugin
2023-08-16 21:22:06,888 [INFO] PluginManager:220 - loadIPPluginJar : add i2s
2023-08-16 21:22:06,919 [INFO] IPUIPlugin:80 - create IPUIPlugin
2023-08-16 21:22:06,919 [INFO] PluginManager:220 - loadIPPluginJar : add i3c
2023-08-16 21:22:06,999 [INFO] IPUIPlugin:80 - create IPUIPlugin
2023-08-16 21:22:06,999 [INFO] PluginManager:220 - loadIPPluginJar : add ipddr
2023-08-16 21:22:07,066 [INFO] IPUIPlugin:80 - create IPUIPlugin
2023-08-16 21:22:07,066 [INFO] PluginManager:220 - loadIPPluginJar : add linkedlist
2023-08-16 21:22:07,092 [INFO] IPUIPlugin:80 - create IPUIPlugin
2023-08-16 21:22:07,092 [INFO] PluginManager:220 - loadIPPluginJar : add lorawan
2023-08-16 21:22:07,119 [INFO] IPUIPlugin:80 - create IPUIPlugin
2023-08-16 21:22:07,120 [INFO] PluginManager:220 - loadIPPluginJar : add ltdc
2023-08-16 21:22:07,131 [INFO] IPUIPlugin:80 - create IPUIPlugin
2023-08-16 21:22:07,131 [INFO] PluginManager:220 - loadIPPluginJar : add mdma
2023-08-16 21:22:07,141 [INFO] IPUIPlugin:80 - create IPUIPlugin
2023-08-16 21:22:07,141 [INFO] PluginManager:220 - loadIPPluginJar : add nvic
2023-08-16 21:22:07,167 [INFO] IPUIPlugin:80 - create IPUIPlugin
2023-08-16 21:22:07,167 [INFO] PluginManager:220 - loadIPPluginJar : add opamp
2023-08-16 21:22:07,210 [INFO] IPUIPlugin:80 - create IPUIPlugin
2023-08-16 21:22:07,211 [INFO] PluginManager:220 - loadIPPluginJar : add openamp
2023-08-16 21:22:07,241 [INFO] IPUIPlugin:80 - create IPUIPlugin
2023-08-16 21:22:07,242 [INFO] PluginManager:220 - loadIPPluginJar : add pdm2pcm
2023-08-16 21:22:07,253 [INFO] IPUIPlugin:80 - create IPUIPlugin
2023-08-16 21:22:07,254 [INFO] PluginManager:220 - loadIPPluginJar : add plateformsettings
2023-08-16 21:22:07,271 [INFO] IPUIPlugin:80 - create IPUIPlugin
2023-08-16 21:22:07,272 [INFO] PluginManager:220 - loadIPPluginJar : add quadspi
2023-08-16 21:22:07,282 [INFO] IPUIPlugin:80 - create IPUIPlugin
2023-08-16 21:22:07,282 [INFO] PluginManager:220 - loadIPPluginJar : add resmgrutility
2023-08-16 21:22:07,319 [INFO] IPUIPlugin:80 - create IPUIPlugin
2023-08-16 21:22:07,319 [INFO] PluginManager:220 - loadIPPluginJar : add sai
2023-08-16 21:22:07,347 [INFO] IPUIPlugin:80 - create IPUIPlugin
2023-08-16 21:22:07,348 [INFO] PluginManager:220 - loadIPPluginJar : add spi
2023-08-16 21:22:07,392 [INFO] IPUIPlugin:80 - create IPUIPlugin
2023-08-16 21:22:07,392 [INFO] PluginManager:220 - loadIPPluginJar : add stm32_wpan
2023-08-16 21:22:07,411 [INFO] IPUIPlugin:80 - create IPUIPlugin
2023-08-16 21:22:07,411 [INFO] PluginManager:220 - loadIPPluginJar : add tim
2023-08-16 21:22:07,452 [INFO] IPUIPlugin:80 - create IPUIPlugin
2023-08-16 21:22:07,452 [INFO] PluginManager:220 - loadIPPluginJar : add touchsensing
2023-08-16 21:22:07,470 [INFO] IPUIPlugin:80 - create IPUIPlugin
2023-08-16 21:22:07,470 [INFO] PluginManager:220 - loadIPPluginJar : add tracer_emb
2023-08-16 21:22:07,488 [INFO] IPUIPlugin:80 - create IPUIPlugin
2023-08-16 21:22:07,488 [INFO] PluginManager:220 - loadIPPluginJar : add ts
2023-08-16 21:22:07,505 [INFO] IPUIPlugin:80 - create IPUIPlugin
2023-08-16 21:22:07,505 [INFO] PluginManager:220 - loadIPPluginJar : add tsc
2023-08-16 21:22:07,523 [INFO] IPUIPlugin:80 - create IPUIPlugin
2023-08-16 21:22:07,523 [INFO] PluginManager:220 - loadIPPluginJar : add ucpd
2023-08-16 21:22:07,555 [INFO] IPUIPlugin:80 - create IPUIPlugin
2023-08-16 21:22:07,556 [INFO] PluginManager:220 - loadIPPluginJar : add usart
2023-08-16 21:22:07,589 [INFO] IPUIPlugin:80 - create IPUIPlugin
2023-08-16 21:22:07,589 [INFO] PluginManager:220 - loadIPPluginJar : add usbx
2023-08-16 21:22:07,700 [INFO] CADModel:165 - CPN selected for project level
2023-08-16 21:22:07,700 [INFO] CADModel:114 - Register for checkConnection events
2023-08-16 21:22:07,700 [FATAL] Updater:308 - Updater called before beeing initialized
2023-08-16 21:22:07,701 [ERROR] CADModel:125 - Updater not yet initialized, retry later 
2023-08-16 21:22:07,802 [INFO] CADModel:165 - CPN selected for project level
2023-08-16 21:22:07,803 [INFO] CADModel:114 - Register for checkConnection events
2023-08-16 21:22:07,803 [FATAL] Updater:308 - Updater called before beeing initialized
2023-08-16 21:22:07,803 [ERROR] CADModel:125 - Updater not yet initialized, retry later 
2023-08-16 21:22:07,805 [FATAL] Updater:308 - Updater called before beeing initialized
2023-08-16 21:22:07,884 [FATAL] Updater:308 - Updater called before beeing initialized
2023-08-16 21:22:07,893 [INFO] DbMcusAds:53 - JSON generation date=Tue Mar 07 14:20:55 IST 2023 (1678179055114)
2023-08-16 21:22:07,893 [FATAL] Updater:308 - Updater called before beeing initialized
2023-08-16 21:22:07,953 [WARN] DetailPanel:346 - Failed to get advertising image, set to default
2023-08-16 21:22:08,039 [FATAL] Updater:308 - Updater called before beeing initialized
2023-08-16 21:22:08,040 [FATAL] Updater:308 - Updater called before beeing initialized
2023-08-16 21:22:08,040 [FATAL] Updater:308 - Updater called before beeing initialized
2023-08-16 21:22:08,040 [WARN] DetailPanel:346 - Failed to get advertising image, set to default
2023-08-16 21:22:08,041 [FATAL] Updater:308 - Updater called before beeing initialized
2023-08-16 21:22:08,085 [ERROR] Updater:1120 - MainUpdater not yet initialized. External WinMGr cannot be set.
2023-08-16 21:22:08,095 [INFO] Updater:1056 - Updater Version found : 6.9.1
2023-08-16 21:22:08,106 [INFO] ApplicationProperties:184 - Using Application install path: C:\ST\STM32CubeIDE_1.13.1\STM32CubeIDE\plugins\com.st.stm32cube.common.mx_6.9.1.202307191849
2023-08-16 21:22:08,352 [INFO] MainUpdater:2868 - connection check result : 10
2023-08-16 21:22:08,352 [INFO] MainUpdater:3562 - Updater definition file requires update
2023-08-16 21:22:08,353 [INFO] MainUpdater:285 - Updater Check For Update Now.
2023-08-16 21:22:08,353 [INFO] MicroXplorer:498 - Change Database Version : DB.6.0.91
2023-08-16 21:22:08,370 [INFO] McuFinderGlobals:63 - Set McuFinder mode to 2 (CubeIDE integrated)
2023-08-16 21:22:08,370 [INFO] UserAuth:179 - activating auth plugin
2023-08-16 21:22:08,372 [INFO] UserAuth:393 - Internet connection configuration mode: 1
2023-08-16 21:22:08,388 [INFO] JxBrowserEngine:151 - Initiate JxBrowser Engine with user profile folder
2023-08-16 21:22:08,467 [INFO] ServerAccessManage:473 - Download File updaters.zip
2023-08-16 21:22:08,573 [INFO] FileExtend:240 - Unzip File : updaters.zip
2023-08-16 21:22:08,573 [INFO] FileExtend:255 - Standard Zip Deflate
2023-08-16 21:22:08,855 [WARN] MainUpdater:1189 - Updater busy. Cannot search thirdparties
2023-08-16 21:22:08,855 [INFO] ThirdPartyUpdaterWithRetryManager:96 - Updater plugin is busy. [1/15]
2023-08-16 21:22:09,118 [INFO] ServerAccessManage:473 - Download File PacksControlFlags.xml
2023-08-16 21:22:09,253 [INFO] ServerAccessManage:473 - Download File cubemx.pidx
2023-08-16 21:22:09,585 [INFO] ServerAccessManage:473 - Download File STMicroelectronics.X-CUBE-BLE1.pdsc
2023-08-16 21:22:10,561 [INFO] WebApp:157 - Instantiating new browser for Auth
2023-08-16 21:22:10,727 [ERROR] ServerAccessManage:1089 - Problem, file not found on Server
2023-08-16 21:22:11,251 [INFO] WebApp:753 - Register for checkConnection events
2023-08-16 21:22:11,251 [INFO] WebApp:390 - Apply proxy settings
2023-08-16 21:22:11,252 [INFO] WebApp:475 - Chromium requires no authentication
2023-08-16 21:22:11,261 [INFO] WebApp:418 - Direct internet connection detected
2023-08-16 21:22:11,454 [INFO] WebApp:188 - Starting web application
2023-08-16 21:22:11,454 [INFO] WebApp:520 - Web application path used C:\ST\STM32CubeIDE_1.13.1\STM32CubeIDE\plugins\com.st.stm32cube.common.mx_6.9.1.202307191849\db\plugins\mcufinder\reactClient1\index.html
2023-08-16 21:22:11,501 [INFO] ServerAccessManage:473 - Download File STMicroelectronics.X-CUBE-AZRTOS-L5.pdsc
2023-08-16 21:22:11,857 [WARN] MainUpdater:1189 - Updater busy. Cannot search thirdparties
2023-08-16 21:22:11,857 [INFO] ThirdPartyUpdaterWithRetryManager:96 - Updater plugin is busy. [2/15]
2023-08-16 21:22:12,057 [WARN] PackLoader:240 - Cannot read IP mode file for STMicroelectronics.X-CUBE-BLE1.7.0.0
2023-08-16 21:22:12,085 [WARN] PackLoader:240 - Cannot read IP mode file for STMicroelectronics.X-CUBE-AZRTOS-L5.2.0.0
2023-08-16 21:22:12,089 [INFO] PopulateThirdPartyThread:66 - Ending populate Thread
2023-08-16 21:22:12,090 [INFO] ThirdParty:1030 - CMSIS Pack Vendor :STMicroelectronics X-CUBE-BLE1 7.0.0
2023-08-16 21:22:12,091 [INFO] ThirdParty:1030 - CMSIS Pack Vendor :STMicroelectronics X-CUBE-AZRTOS-L5 2.0.0
2023-08-16 21:22:12,091 [INFO] LoadServerUpdatesThread:373 - End of LoadServerUpdate Thread
2023-08-16 21:22:12,189 [INFO] CheckServerUpdateThread:120 - End of CheckServer Thread
2023-08-16 21:22:14,985 [WARN] PackLoader:240 - Cannot read IP mode file for STMicroelectronics.X-CUBE-SMBUS.2.1.0
2023-08-16 21:22:15,010 [WARN] PackLoader:240 - Cannot read IP mode file for STMicroelectronics.X-CUBE-AZRTOS-F7.1.1.0
2023-08-16 21:22:15,024 [ERROR] RealEvaluatedCondition:428 - Found unsupported composite condition: GROUP='STM32_MetaDataManager' CLASS='Data Exchange'
2023-08-16 21:22:15,024 [ERROR] RealEvaluatedCondition:428 - Found unsupported composite condition: CLASS='Data Exchange' GROUP='STM32_MetaDataManager'
2023-08-16 21:22:15,025 [WARN] PackLoader:240 - Cannot read IP mode file for STMicroelectronics.FP-SNS-MOTENV1.4.3.0
2023-08-16 21:22:15,036 [WARN] PackLoader:240 - Cannot read IP mode file for STMicroelectronics.FP-SNS-MOTENV1.4.3.2
2023-08-16 21:22:15,047 [WARN] PackLoader:240 - Cannot read IP mode file for STMicroelectronics.FP-SNS-FLIGHT1.5.0.0
2023-08-16 21:22:15,056 [ERROR] RealEvaluatedCondition:428 - Found unsupported composite condition: GROUP='STM32_MetaDataManager' CLASS='Data Exchange'
2023-08-16 21:22:15,057 [ERROR] RealEvaluatedCondition:428 - Found unsupported composite condition: GROUP='STM32_MetaDataManager' CLASS='Data Exchange'
2023-08-16 21:22:15,057 [WARN] PackLoader:240 - Cannot read IP mode file for STMicroelectronics.FP-SNS-MOTENV1.4.3.1
2023-08-16 21:22:15,068 [WARN] PackLoader:240 - Cannot read IP mode file for STMicroelectronics.FP-SNS-FLIGHT1.5.0.1
2023-08-16 21:22:15,078 [WARN] PackLoader:240 - Cannot read IP mode file for STMicroelectronics.X-CUBE-BLE1.6.2.3
2023-08-16 21:22:15,088 [WARN] PackLoader:240 - Cannot read IP mode file for STMicroelectronics.X-CUBE-BLE1.6.2.4
2023-08-16 21:22:15,091 [WARN] PackLoader:240 - Cannot read IP mode file for STMicroelectronics.FP-SNS-FLIGHT1.5.0.2
2023-08-16 21:22:15,102 [WARN] PackLoader:240 - Cannot read IP mode file for STMicroelectronics.X-CUBE-DISPLAY.3.0.0
2023-08-16 21:22:15,108 [WARN] PackLoader:240 - Cannot read IP mode file for STMicroelectronics.X-CUBE-BLE1.7.0.0
2023-08-16 21:22:15,118 [WARN] PackLoader:240 - Cannot read IP mode file for STMicroelectronics.X-CUBE-TOUCHGFX.4.22.0
2023-08-16 21:22:15,156 [WARN] PackLoader:240 - Cannot read IP mode file for STMicroelectronics.X-CUBE-MEMS1.9.3.0
2023-08-16 21:22:15,266 [INFO] LogOutputStream:77 - [STDOUT_REDIRECT] 1 : Invalid condition id : UX_CORESTACK_Condition cause : null
2023-08-16 21:22:15,267 [INFO] LogOutputStream:77 - [STDOUT_REDIRECT] 1 : Invalid condition id : UX_CORESTACK_Condition cause : null
2023-08-16 21:22:15,267 [INFO] LogOutputStream:77 - [STDOUT_REDIRECT] 1 : Invalid condition id : UX_CORESTACK_Condition cause : null
2023-08-16 21:22:15,268 [INFO] LogOutputStream:77 - [STDOUT_REDIRECT] 1 : Invalid condition id : UX_CORESTACK_Condition cause : null
2023-08-16 21:22:15,269 [INFO] LogOutputStream:77 - [STDOUT_REDIRECT] 1 : Invalid condition id : UX_CORESTACK_Condition cause : null
2023-08-16 21:22:15,271 [WARN] PackLoader:240 - Cannot read IP mode file for STMicroelectronics.X-CUBE-AZRTOS-WL.2.0.0
2023-08-16 21:22:15,284 [WARN] PackLoader:240 - Cannot read IP mode file for WES.I-CUBE-Cesium.1.3.0
2023-08-16 21:22:15,295 [WARN] PackLoader:240 - Cannot read IP mode file for STMicroelectronics.X-CUBE-BLE2.3.3.0
2023-08-16 21:22:15,307 [WARN] PackLoader:240 - Cannot read IP mode file for STMicroelectronics.X-CUBE-DISPLAY.2.2.0
2023-08-16 21:22:15,328 [WARN] PackLoader:240 - Cannot read IP mode file for STMicroelectronics.X-CUBE-TOF1.3.2.0
2023-08-16 21:22:15,356 [WARN] PackLoader:240 - Cannot read IP mode file for STMicroelectronics.X-CUBE-AZRTOS-H7.2.1.0
2023-08-16 21:22:15,366 [WARN] PackLoader:240 - Cannot read IP mode file for STMicroelectronics.X-CUBE-TOUCHGFX.4.21.1
2023-08-16 21:22:15,378 [WARN] PackLoader:240 - Cannot read IP mode file for STMicroelectronics.X-CUBE-TOUCHGFX.4.21.0
2023-08-16 21:22:15,441 [WARN] PackLoader:240 - Cannot read IP mode file for STMicroelectronics.X-CUBE-TOUCHGFX.4.21.3
2023-08-16 21:22:15,450 [WARN] PackLoader:240 - Cannot read IP mode file for STMicroelectronics.X-CUBE-TOUCHGFX.4.21.4
2023-08-16 21:22:15,483 [WARN] PackLoader:240 - Cannot read IP mode file for STMicroelectronics.X-CUBE-MEMS1.9.4.0
2023-08-16 21:22:15,553 [WARN] PackLoader:240 - Cannot read IP mode file for STMicroelectronics.X-CUBE-AI.7.3.0
2023-08-16 21:22:15,564 [WARN] PackLoader:240 - Cannot read IP mode file for STMicroelectronics.X-CUBE-ALGOBUILD.1.3.0
2023-08-16 21:22:15,585 [WARN] PackLoader:240 - Cannot read IP mode file for STMicroelectronics.X-CUBE-AZRTOS-G0.1.1.0
2023-08-16 21:22:15,597 [WARN] PackLoader:240 - Cannot read IP mode file for STMicroelectronics.X-CUBE-NFC4.3.0.0
2023-08-16 21:22:15,628 [WARN] PackLoader:240 - Cannot read IP mode file for SEGGER.I-CUBE-embOS.1.2.1
2023-08-16 21:22:15,658 [WARN] PackLoader:240 - Cannot read IP mode file for STMicroelectronics.X-CUBE-BLEMGR.1.3.0
2023-08-16 21:22:15,667 [WARN] PackLoader:240 - Cannot read IP mode file for STMicroelectronics.FP-ATR-SIGFOX1.3.2.0
2023-08-16 21:22:15,678 [WARN] PackLoader:240 - Cannot read IP mode file for STMicroelectronics.X-CUBE-TOUCHGFX.4.20.0
2023-08-16 21:22:15,712 [WARN] PackLoader:240 - Cannot read IP mode file for STMicroelectronics.X-CUBE-MEMS1.9.5.0
2023-08-16 21:22:15,824 [WARN] PackLoader:240 - Cannot read IP mode file for SEGGER.I-CUBE-embOS.1.3.1
2023-08-16 21:22:15,854 [WARN] PackLoader:240 - Cannot read IP mode file for STMicroelectronics.X-CUBE-GNSS1.6.0.0
2023-08-16 21:22:15,879 [WARN] PackLoader:240 - Cannot read IP mode file for STMicroelectronics.X-CUBE-AZRTOS-F4.1.1.0
2023-08-16 21:22:15,893 [WARN] PackLoader:240 - Cannot read IP mode file for STMicroelectronics.X-CUBE-BLEMGR.1.2.0
2023-08-16 21:22:15,903 [WARN] PackLoader:240 - Cannot read IP mode file for STMicroelectronics.X-CUBE-AZRTOS-L5.2.0.0
2023-08-16 21:22:15,938 [WARN] PackLoader:240 - Cannot read IP mode file for STMicroelectronics.X-CUBE-MEMS1.9.6.0
2023-08-16 21:22:16,023 [WARN] PackLoader:240 - Cannot read IP mode file for emotas.I-CUBE-CANOPEN.1.1.3
2023-08-16 21:22:16,034 [WARN] PackLoader:240 - Cannot read IP mode file for STMicroelectronics.X-CUBE-BLEMGR.2.0.0
2023-08-16 21:22:16,044 [WARN] PackLoader:240 - Cannot read IP mode file for STMicroelectronics.X-CUBE-NFC4.2.0.5
2023-08-16 21:22:16,066 [WARN] ConditionMgr:438 - getConditionDescription Invalid condition id : UX DEVICE CLASS RTOS Condition cause : null
2023-08-16 21:22:16,066 [WARN] ConditionMgr:438 - getConditionDescription Invalid condition id : UX DEVICE CLASS RTOS Condition cause : null
2023-08-16 21:22:16,068 [WARN] PackLoader:240 - Cannot read IP mode file for STMicroelectronics.X-CUBE-AZRTOS-H7.3.1.0
2023-08-16 21:22:16,068 [WARN] ConditionMgr:1039 - genDependencies : Invalid condition id : UX DEVICE CLASS RTOS Condition cause : null
2023-08-16 21:22:16,069 [WARN] ConditionMgr:1039 - genDependencies : Invalid condition id : UX DEVICE CLASS RTOS Condition cause : null
2023-08-16 21:22:16,069 [WARN] ConditionMgr:1039 - genDependencies : Invalid condition id : UX DEVICE CLASS RTOS Condition cause : null
2023-08-16 21:22:16,069 [WARN] ConditionMgr:1039 - genDependencies : Invalid condition id : UX DEVICE CLASS RTOS Condition cause : null
2023-08-16 21:22:16,069 [WARN] ConditionMgr:1039 - genDependencies : Invalid condition id : UX DEVICE CLASS RTOS Condition cause : null
2023-08-16 21:22:16,081 [WARN] PackLoader:240 - Cannot read IP mode file for wolfSSL.I-CUBE-wolfSSL.5.5.3
2023-08-16 21:22:16,092 [WARN] PackLoader:240 - Cannot read IP mode file for STMicroelectronics.X-CUBE-NFC7.1.0.1
2023-08-16 21:22:16,102 [WARN] PackLoader:240 - Cannot read IP mode file for STMicroelectronics.X-CUBE-NFC7.1.0.0
2023-08-16 21:22:16,114 [WARN] PackLoader:240 - Cannot read IP mode file for STMicroelectronics.X-CUBE-EEPRMA1.4.1.0
2023-08-16 21:22:16,124 [WARN] PackLoader:240 - Cannot read IP mode file for STMicroelectronics.X-CUBE-AI.8.1.0
2023-08-16 21:22:16,150 [WARN] ConditionMgr:438 - getConditionDescription Invalid condition id : LAN8742 Phy interface Condition cause : null
2023-08-16 21:22:16,150 [WARN] PackLoader:240 - Cannot read IP mode file for STMicroelectronics.X-CUBE-AZRTOS-L4.2.0.0
2023-08-16 21:22:16,151 [WARN] ConditionMgr:1039 - genDependencies : Invalid condition id : LAN8742 Phy interface Condition cause : null
2023-08-16 21:22:16,151 [WARN] ConditionMgr:1039 - genDependencies : Invalid condition id : LAN8742 Phy interface Condition cause : null
2023-08-16 21:22:16,151 [WARN] ConditionMgr:1039 - genDependencies : Invalid condition id : LAN8742 Phy interface Condition cause : null
2023-08-16 21:22:16,163 [WARN] PackLoader:240 - Cannot read IP mode file for STMicroelectronics.X-CUBE-SFXS2LP1.4.0.0
2023-08-16 21:22:16,184 [WARN] PackLoader:240 - Cannot read IP mode file for STMicroelectronics.X-CUBE-AZRTOS-H7.3.0.0
2023-08-16 21:22:16,196 [WARN] PackLoader:240 - Cannot read IP mode file for STMicroelectronics.X-CUBE-ISPU.1.1.0
2023-08-16 21:22:16,207 [WARN] PackLoader:240 - Cannot read IP mode file for RoweBots.I-CUBE-UNISONRTOS.5.5.0-4
2023-08-16 21:22:16,218 [WARN] PackLoader:240 - Cannot read IP mode file for STMicroelectronics.X-CUBE-AI.8.0.0
2023-08-16 21:22:16,237 [WARN] ConditionMgr:438 - getConditionDescription Invalid condition id : UX DEVICE CLASS RTOS Condition cause : null
2023-08-16 21:22:16,237 [WARN] ConditionMgr:438 - getConditionDescription Invalid condition id : UX DEVICE CLASS RTOS Condition cause : null
2023-08-16 21:22:16,239 [WARN] PackLoader:240 - Cannot read IP mode file for STMicroelectronics.X-CUBE-AZRTOS-WB.2.0.0
2023-08-16 21:22:16,239 [WARN] ConditionMgr:1039 - genDependencies : Invalid condition id : UX DEVICE CLASS RTOS Condition cause : null
2023-08-16 21:22:16,239 [WARN] ConditionMgr:1039 - genDependencies : Invalid condition id : UX DEVICE CLASS RTOS Condition cause : null
2023-08-16 21:22:16,239 [WARN] ConditionMgr:1039 - genDependencies : Invalid condition id : UX DEVICE CLASS RTOS Condition cause : null
2023-08-16 21:22:16,239 [WARN] ConditionMgr:1039 - genDependencies : Invalid condition id : UX DEVICE CLASS RTOS Condition cause : null
2023-08-16 21:22:16,239 [WARN] ConditionMgr:1039 - genDependencies : Invalid condition id : UX DEVICE CLASS RTOS Condition cause : null
2023-08-16 21:22:16,251 [WARN] PackLoader:240 - Cannot read IP mode file for STMicroelectronics.X-CUBE-FREERTOS.1.0.0
2023-08-16 21:22:16,259 [WARN] PackLoader:240 - Cannot read IP mode file for STMicroelectronics.X-CUBE-FREERTOS.1.0.1
2023-08-16 21:22:16,280 [WARN] PackLoader:240 - Cannot read IP mode file for STMicroelectronics.X-CUBE-AZRTOS-L5.1.1.0
2023-08-16 21:22:16,291 [WARN] PackLoader:240 - Cannot read IP mode file for STMicroelectronics.X-CUBE-AI.8.0.1
2023-08-16 21:22:16,304 [WARN] PackLoader:240 - Cannot read IP mode file for STMicroelectronics.X-CUBE-SUBG2.5.0.0
2023-08-16 21:22:16,321 [WARN] PackLoader:240 - Cannot read IP mode file for STMicroelectronics.X-CUBE-TOF1.3.3.1
2023-08-16 21:22:16,354 [WARN] PackLoader:240 - Cannot read IP mode file for STMicroelectronics.X-CUBE-AZRTOS-G4.2.0.0
2023-08-16 21:22:16,372 [WARN] PackLoader:240 - Cannot read IP mode file for STMicroelectronics.X-CUBE-TOF1.3.3.0
2023-08-16 21:22:16,387 [WARN] PackLoader:240 - Cannot read IP mode file for STMicroelectronics.FP-ATR-ASTRA1.1.1.1
2023-08-16 21:22:16,404 [WARN] PackLoader:240 - Cannot read IP mode file for STMicroelectronics.X-CUBE-AZRTOS-G4.1.0.0
2023-08-16 21:22:16,426 [WARN] PackLoader:240 - Cannot read IP mode file for STMicroelectronics.X-CUBE-AZRTOS-L4.1.0.0
2023-08-16 21:22:16,443 [WARN] PackLoader:240 - Cannot read IP mode file for STMicroelectronics.X-CUBE-AZRTOS-WL.1.0.0
2023-08-16 21:22:16,453 [WARN] PackLoader:240 - Cannot read IP mode file for portGmbH.I-Cube-SoM-uGOAL.1.1.0
2023-08-16 21:22:16,464 [WARN] PackLoader:240 - Cannot read IP mode file for STMicroelectronics.X-CUBE-ALS.1.0.1
2023-08-16 21:22:16,481 [WARN] PackLoader:240 - Cannot read IP mode file for STMicroelectronics.X-CUBE-AZRTOS-WB.1.1.0
2023-08-16 21:22:16,502 [WARN] PackLoader:240 - Cannot read IP mode file for STMicroelectronics.X-CUBE-AZRTOS-L5.1.0.0
2023-08-16 21:22:16,513 [WARN] PackLoader:240 - Cannot read IP mode file for STMicroelectronics.X-CUBE-EEPRMA1.3.1.1
2023-08-16 21:22:16,516 [WARN] PackLoader:240 - Cannot read IP mode file for STMicroelectronics.FP-ATR-ASTRA1.2.0.0
2023-08-16 21:22:16,517 [INFO] ThirdParty:978 - Integrity check success = true
2023-08-16 21:22:16,517 [INFO] IntegrityCheckThread:100 - exiting critical section [integrity check]
2023-08-16 21:22:16,517 [INFO] IntegrityCheckThread:103 - End integrity checks thread
2023-08-16 21:22:32,187 [ERROR] LogOutputStream:75 - [STDERR_REDIRECT] SLF4J: Failed to load class "org.slf4j.impl.StaticLoggerBinder".
2023-08-16 21:22:32,188 [ERROR] LogOutputStream:75 - [STDERR_REDIRECT] SLF4J: Defaulting to no-operation (NOP) logger implementation
2023-08-16 21:22:32,189 [ERROR] LogOutputStream:75 - [STDERR_REDIRECT] SLF4J: See http://www.slf4j.org/codes.html#StaticLoggerBinder for further details.
