2023-08-14 00:42:06,141 [ERROR] LogOutputStream:75 - [STDERR_REDIRECT] 
2023-08-14 16:00:21,877 [INFO] Activator:176 - 


2023-08-14 16:00:21,879 [INFO] Activator:177 - !SESSION log4j initialized
2023-08-14 16:00:27,923 [INFO] LogOutputStream:77 - [STDOUT_REDIRECT] 
2023-08-14 16:00:29,708 [INFO] ApplicationProperties:184 - Using Application install path: C:\ST\STM32CubeIDE_1.13.1\STM32CubeIDE\plugins\com.st.stm32cube.common.mx_6.9.1.202307191849
2023-08-14 16:00:29,723 [INFO] DbMcusXml:78 - Set database path to: C:\ST\STM32CubeIDE_1.13.1\STM32CubeIDE\plugins\com.st.stm32cube.common.mx_6.9.1.202307191849\\db\/mcu/
2023-08-14 16:00:29,723 [INFO] ApiDb:274 - Set plugin database path to: C:\ST\STM32CubeIDE_1.13.1\STM32CubeIDE\plugins\com.st.stm32cube.common.mx_6.9.1.202307191849\\db\/plugins/boardmanager/
2023-08-14 16:00:29,723 [WARN] ApiDb:259 - Overriding images path with different value:  => C:\ST\STM32CubeIDE_1.13.1\STM32CubeIDE\plugins\com.st.stm32cube.common.mx_6.9.1.202307191849\\db\/plugins/mcufinder/images/
2023-08-14 16:00:29,737 [INFO] ApiDb:250 - Set database path to: C:\Users\work\.stmcufinder\plugins\mcufinder//mcu/
2023-08-14 16:00:29,738 [INFO] DbMcusAds:125 - Set database path to: C:\Users\work\.stmcufinder\plugins\mcufinder//mcu/
2023-08-14 16:00:29,740 [INFO] CrossReferenceDbSqlite:203 - Set database path to: C:\Users\work\.stmcufinder\plugins\mcufinder//mcu/cs/
2023-08-14 16:00:29,828 [INFO] RulesReader:64 - Compatibility file has been processed (293 Rules)
2023-08-14 16:00:29,893 [INFO] DbMcusXml:78 - Set database path to: C:\ST\STM32CubeIDE_1.13.1\STM32CubeIDE\plugins\com.st.stm32cube.common.mx_6.9.1.202307191849\\db\/mcu/
2023-08-14 16:00:29,893 [INFO] ApiDb:274 - Set plugin database path to: C:\ST\STM32CubeIDE_1.13.1\STM32CubeIDE\plugins\com.st.stm32cube.common.mx_6.9.1.202307191849\\db\/plugins/boardmanager/
2023-08-14 16:00:29,893 [INFO] ApiDb:261 - Set plugin images path to: C:\ST\STM32CubeIDE_1.13.1\STM32CubeIDE\plugins\com.st.stm32cube.common.mx_6.9.1.202307191849\\db\/plugins/mcufinder/images/
2023-08-14 16:00:29,893 [WARN] DbFile:41 - Overriding database path with different value: C:\Users\work\.stmcufinder\plugins\mcufinder/ => C:\Users\work\.stmcufinder\plugins\mcufinder
2023-08-14 16:00:29,893 [INFO] ApiDb:250 - Set database path to: C:\Users\work\.stmcufinder\plugins\mcufinder//mcu/
2023-08-14 16:00:29,893 [WARN] DbFile:41 - Overriding database path with different value: C:\Users\work\.stmcufinder\plugins\mcufinder/ => C:\Users\work\.stmcufinder\plugins\mcufinder
2023-08-14 16:00:29,893 [INFO] DbMcusAds:125 - Set database path to: C:\Users\work\.stmcufinder\plugins\mcufinder//mcu/
2023-08-14 16:00:29,893 [WARN] DbFile:41 - Overriding database path with different value: C:\Users\work\.stmcufinder\plugins\mcufinder/ => C:\Users\work\.stmcufinder\plugins\mcufinder
2023-08-14 16:00:29,893 [WARN] DbFile:41 - Overriding database path with different value: C:\Users\work\.stmcufinder\plugins\mcufinder/ => C:\Users\work\.stmcufinder\plugins\mcufinder
2023-08-14 16:00:29,894 [INFO] CrossReferenceDbSqlite:203 - Set database path to: C:\Users\work\.stmcufinder\plugins\mcufinder//mcu/cs/
2023-08-14 16:00:29,955 [INFO] MainPanel:262 - HeapMemory: 268435456
2023-08-14 16:00:30,026 [INFO] DbMcusXml:78 - Set database path to: C:\ST\STM32CubeIDE_1.13.1\STM32CubeIDE\plugins\com.st.stm32cube.common.mx_6.9.1.202307191849\\db\/mcu/
2023-08-14 16:00:30,026 [INFO] ApiDb:274 - Set plugin database path to: C:\ST\STM32CubeIDE_1.13.1\STM32CubeIDE\plugins\com.st.stm32cube.common.mx_6.9.1.202307191849\\db\/plugins/boardmanager/
2023-08-14 16:00:30,026 [INFO] ApiDb:261 - Set plugin images path to: C:\ST\STM32CubeIDE_1.13.1\STM32CubeIDE\plugins\com.st.stm32cube.common.mx_6.9.1.202307191849\\db\/plugins/mcufinder/images/
2023-08-14 16:00:30,027 [WARN] DbFile:41 - Overriding database path with different value: C:\Users\work\.stmcufinder\plugins\mcufinder/ => C:\Users\work\.stmcufinder\plugins\mcufinder
2023-08-14 16:00:30,027 [INFO] ApiDb:250 - Set database path to: C:\Users\work\.stmcufinder\plugins\mcufinder//mcu/
2023-08-14 16:00:30,027 [WARN] DbFile:41 - Overriding database path with different value: C:\Users\work\.stmcufinder\plugins\mcufinder/ => C:\Users\work\.stmcufinder\plugins\mcufinder
2023-08-14 16:00:30,027 [INFO] DbMcusAds:125 - Set database path to: C:\Users\work\.stmcufinder\plugins\mcufinder//mcu/
2023-08-14 16:00:30,027 [WARN] DbFile:41 - Overriding database path with different value: C:\Users\work\.stmcufinder\plugins\mcufinder/ => C:\Users\work\.stmcufinder\plugins\mcufinder
2023-08-14 16:00:30,027 [WARN] DbFile:41 - Overriding database path with different value: C:\Users\work\.stmcufinder\plugins\mcufinder/ => C:\Users\work\.stmcufinder\plugins\mcufinder
2023-08-14 16:00:30,027 [INFO] CrossReferenceDbSqlite:203 - Set database path to: C:\Users\work\.stmcufinder\plugins\mcufinder//mcu/cs/
2023-08-14 16:00:30,041 [INFO] ApplicationProperties:184 - Using Application install path: C:\ST\STM32CubeIDE_1.13.1\STM32CubeIDE\plugins\com.st.stm32cube.common.mx_6.9.1.202307191849
2023-08-14 16:00:30,042 [INFO] PluginManage:196 - Search for loadable plugins [exclusion list=, ]
2023-08-14 16:00:30,044 [INFO] PluginManage:310 - Check plugin analytics
2023-08-14 16:00:30,163 [INFO] AnalyticsPlugin:253 - Accepted Software Licenses: 
2023-08-14 16:00:30,163 [INFO] AnalyticsPlugin:255 - Accepted CMSIS Pack Licenses: STMicroelectronics.X-CUBE-TOUCHGFX.4.21.0
2023-08-14 16:00:30,164 [INFO] AnalyticsPlugin:257 - Accepted Firmware Licenses: FW.F4.1.27.0,FW.MP1.1.6.0,FW.F7.1.17.0,FW.G4.1.5.0,FW.H7.1.10.0
2023-08-14 16:00:30,166 [INFO] PluginManage:359 - Loaded plugin analytics (category:tool,tabindex:-1)
2023-08-14 16:00:30,166 [INFO] PluginManage:310 - Check plugin cadmodel
2023-08-14 16:00:30,178 [INFO] CADModel:105 - Init CAD model plugin
2023-08-14 16:00:30,178 [INFO] PluginManage:359 - Loaded plugin cadmodel (category:power,tabindex:5)
2023-08-14 16:00:30,178 [INFO] PluginManage:310 - Check plugin clock
2023-08-14 16:00:30,193 [INFO] PluginManage:359 - Loaded plugin clock (category:base,tabindex:2)
2023-08-14 16:00:30,193 [INFO] PluginManage:310 - Check plugin ddr
2023-08-14 16:00:30,195 [INFO] PluginManage:359 - Loaded plugin ddr (category:tool,tabindex:6)
2023-08-14 16:00:30,195 [INFO] PluginManage:310 - Check plugin filemanager
2023-08-14 16:00:30,364 [INFO] PluginManage:359 - Loaded plugin filemanager (category:base,tabindex:10)
2023-08-14 16:00:30,364 [INFO] PluginManage:310 - Check plugin ipmanager
2023-08-14 16:00:30,371 [INFO] PluginManage:359 - Loaded plugin ipmanager (category:base,tabindex:5)
2023-08-14 16:00:30,371 [INFO] PluginManage:310 - Check plugin lpbam
2023-08-14 16:00:30,387 [INFO] PluginManage:359 - Loaded plugin lpbam (category:base,tabindex:0)
2023-08-14 16:00:30,388 [INFO] PluginManage:310 - Check plugin memorymap
2023-08-14 16:00:30,409 [INFO] PluginManage:359 - Loaded plugin memorymap (category:base,tabindex:4)
2023-08-14 16:00:30,409 [INFO] PluginManage:310 - Check plugin pinoutandconfiguration
2023-08-14 16:00:30,424 [INFO] PluginManage:359 - Loaded plugin pinoutandconfiguration (category:base,tabindex:1)
2023-08-14 16:00:30,424 [INFO] PluginManage:310 - Check plugin pinoutconfig
2023-08-14 16:00:30,500 [WARN] SupportedApi:132 - Cannot load RTOS API schema: s4s-elt-must-match.1: The content of 'definitions' must match (annotation?, (simpleType | complexType)?, (unique | key | keyref)*)). A problem was found starting at: attribute.
2023-08-14 16:00:30,598 [INFO] PluginManage:359 - Loaded plugin pinoutconfig (category:base,tabindex:0)
2023-08-14 16:00:30,598 [INFO] PluginManage:310 - Check plugin power
2023-08-14 16:00:30,614 [INFO] PluginManage:359 - Loaded plugin power (category:power,tabindex:4)
2023-08-14 16:00:30,614 [INFO] PluginManage:310 - Check plugin projectmanager
2023-08-14 16:00:30,625 [INFO] PluginManage:359 - Loaded plugin projectmanager (category:projectmanager,tabindex:3)
2023-08-14 16:00:30,625 [INFO] PluginManage:310 - Check plugin thirdparty
2023-08-14 16:00:30,822 [INFO] PluginManage:359 - Loaded plugin thirdparty (category:base,tabindex:-1)
2023-08-14 16:00:30,823 [WARN] IntegrityCheckThread:84 - waiting for thirdparty lock release [integrity check]
2023-08-14 16:00:30,823 [INFO] PluginManage:310 - Check plugin tools
2023-08-14 16:00:30,823 [INFO] IntegrityCheckThread:86 - entering critical section [integrity check]
2023-08-14 16:00:30,823 [INFO] ThirdPartyUpdaterWithRetryManager:70 - Updater plugin not ready yet. [1/15]
2023-08-14 16:00:30,848 [INFO] PluginManage:359 - Loaded plugin tools (category:base,tabindex:7)
2023-08-14 16:00:30,848 [INFO] PluginManage:310 - Check plugin tutovideos
2023-08-14 16:00:30,997 [INFO] PluginManage:359 - Loaded plugin tutovideos (category:base,tabindex:-1)
2023-08-14 16:00:30,997 [INFO] PluginManage:310 - Check plugin updater
2023-08-14 16:00:31,005 [INFO] PluginManage:359 - Loaded plugin updater (category:base,tabindex:12)
2023-08-14 16:00:31,005 [INFO] PluginManage:310 - Check plugin userauth
2023-08-14 16:00:31,009 [INFO] UserAuth:113 - Init User Auth plugin
2023-08-14 16:00:31,009 [INFO] PluginManage:359 - Loaded plugin userauth (category:base,tabindex:14)
2023-08-14 16:00:31,009 [INFO] PluginManage:283 - PluginManage : Loaded plugins [17]
2023-08-14 16:00:31,175 [INFO] PinOutPanel:1499 - setPackage(No Configuration,No Configuration)
2023-08-14 16:00:31,255 [INFO] CADModel:165 - CPN selected for project level
2023-08-14 16:00:31,255 [INFO] CADModel:114 - Register for checkConnection events
2023-08-14 16:00:31,278 [INFO] IPUIPlugin:80 - create IPUIPlugin
2023-08-14 16:00:31,278 [INFO] PluginManager:220 - loadIPPluginJar : add adc
2023-08-14 16:00:31,304 [INFO] IPUIPlugin:80 - create IPUIPlugin
2023-08-14 16:00:31,304 [INFO] PluginManager:220 - loadIPPluginJar : add aes
2023-08-14 16:00:31,332 [INFO] IPUIPlugin:80 - create IPUIPlugin
2023-08-14 16:00:31,332 [INFO] PluginManager:220 - loadIPPluginJar : add can
2023-08-14 16:00:31,350 [INFO] IPUIPlugin:80 - create IPUIPlugin
2023-08-14 16:00:31,350 [INFO] PluginManager:220 - loadIPPluginJar : add comp
2023-08-14 16:00:31,373 [INFO] IPUIPlugin:80 - create IPUIPlugin
2023-08-14 16:00:31,374 [INFO] PluginManager:220 - loadIPPluginJar : add cryp
2023-08-14 16:00:31,395 [INFO] IPUIPlugin:80 - create IPUIPlugin
2023-08-14 16:00:31,395 [INFO] PluginManager:220 - loadIPPluginJar : add dfsdm
2023-08-14 16:00:31,406 [INFO] IPUIPlugin:80 - create IPUIPlugin
2023-08-14 16:00:31,407 [INFO] PluginManager:220 - loadIPPluginJar : add dma
2023-08-14 16:00:31,437 [INFO] IPUIPlugin:80 - create IPUIPlugin
2023-08-14 16:00:31,437 [INFO] PluginManager:220 - loadIPPluginJar : add dma3
2023-08-14 16:00:31,451 [INFO] IPUIPlugin:80 - create IPUIPlugin
2023-08-14 16:00:31,451 [INFO] PluginManager:220 - loadIPPluginJar : add fatfs
2023-08-14 16:00:31,484 [INFO] IPUIPlugin:80 - create IPUIPlugin
2023-08-14 16:00:31,484 [INFO] PluginManager:220 - loadIPPluginJar : add fmc
2023-08-14 16:00:31,497 [INFO] IPUIPlugin:80 - create IPUIPlugin
2023-08-14 16:00:31,498 [INFO] PluginManager:220 - loadIPPluginJar : add freertos
2023-08-14 16:00:31,514 [INFO] IPUIPlugin:80 - create IPUIPlugin
2023-08-14 16:00:31,514 [INFO] PluginManager:220 - loadIPPluginJar : add genericplugin
2023-08-14 16:00:31,580 [INFO] IPUIPlugin:80 - create IPUIPlugin
2023-08-14 16:00:31,580 [INFO] PluginManager:220 - loadIPPluginJar : add gfxmmu
2023-08-14 16:00:31,665 [INFO] IPUIPlugin:80 - create IPUIPlugin
2023-08-14 16:00:31,665 [INFO] PluginManager:220 - loadIPPluginJar : add gic
2023-08-14 16:00:31,676 [INFO] IPUIPlugin:80 - create IPUIPlugin
2023-08-14 16:00:31,676 [INFO] PluginManager:220 - loadIPPluginJar : add gpio
2023-08-14 16:00:31,738 [INFO] IPUIPlugin:80 - create IPUIPlugin
2023-08-14 16:00:31,738 [INFO] PluginManager:220 - loadIPPluginJar : add gtzc
2023-08-14 16:00:31,760 [INFO] IPUIPlugin:80 - create IPUIPlugin
2023-08-14 16:00:31,760 [INFO] PluginManager:220 - loadIPPluginJar : add hash
2023-08-14 16:00:31,795 [INFO] IPUIPlugin:80 - create IPUIPlugin
2023-08-14 16:00:31,795 [INFO] PluginManager:220 - loadIPPluginJar : add i2c
2023-08-14 16:00:31,822 [INFO] IPUIPlugin:80 - create IPUIPlugin
2023-08-14 16:00:31,822 [INFO] PluginManager:220 - loadIPPluginJar : add i2s
2023-08-14 16:00:31,850 [INFO] IPUIPlugin:80 - create IPUIPlugin
2023-08-14 16:00:31,850 [INFO] PluginManager:220 - loadIPPluginJar : add i3c
2023-08-14 16:00:31,925 [INFO] IPUIPlugin:80 - create IPUIPlugin
2023-08-14 16:00:31,925 [INFO] PluginManager:220 - loadIPPluginJar : add ipddr
2023-08-14 16:00:31,985 [INFO] IPUIPlugin:80 - create IPUIPlugin
2023-08-14 16:00:31,985 [INFO] PluginManager:220 - loadIPPluginJar : add linkedlist
2023-08-14 16:00:32,010 [INFO] IPUIPlugin:80 - create IPUIPlugin
2023-08-14 16:00:32,011 [INFO] PluginManager:220 - loadIPPluginJar : add lorawan
2023-08-14 16:00:32,037 [INFO] IPUIPlugin:80 - create IPUIPlugin
2023-08-14 16:00:32,037 [INFO] PluginManager:220 - loadIPPluginJar : add ltdc
2023-08-14 16:00:32,048 [INFO] IPUIPlugin:80 - create IPUIPlugin
2023-08-14 16:00:32,048 [INFO] PluginManager:220 - loadIPPluginJar : add mdma
2023-08-14 16:00:32,058 [INFO] IPUIPlugin:80 - create IPUIPlugin
2023-08-14 16:00:32,059 [INFO] PluginManager:220 - loadIPPluginJar : add nvic
2023-08-14 16:00:32,083 [INFO] IPUIPlugin:80 - create IPUIPlugin
2023-08-14 16:00:32,084 [INFO] PluginManager:220 - loadIPPluginJar : add opamp
2023-08-14 16:00:32,123 [INFO] IPUIPlugin:80 - create IPUIPlugin
2023-08-14 16:00:32,123 [INFO] PluginManager:220 - loadIPPluginJar : add openamp
2023-08-14 16:00:32,152 [INFO] IPUIPlugin:80 - create IPUIPlugin
2023-08-14 16:00:32,153 [INFO] PluginManager:220 - loadIPPluginJar : add pdm2pcm
2023-08-14 16:00:32,163 [INFO] IPUIPlugin:80 - create IPUIPlugin
2023-08-14 16:00:32,165 [INFO] PluginManager:220 - loadIPPluginJar : add plateformsettings
2023-08-14 16:00:32,181 [INFO] IPUIPlugin:80 - create IPUIPlugin
2023-08-14 16:00:32,182 [INFO] PluginManager:220 - loadIPPluginJar : add quadspi
2023-08-14 16:00:32,192 [INFO] IPUIPlugin:80 - create IPUIPlugin
2023-08-14 16:00:32,192 [INFO] PluginManager:220 - loadIPPluginJar : add resmgrutility
2023-08-14 16:00:32,225 [INFO] IPUIPlugin:80 - create IPUIPlugin
2023-08-14 16:00:32,225 [INFO] PluginManager:220 - loadIPPluginJar : add sai
2023-08-14 16:00:32,251 [INFO] IPUIPlugin:80 - create IPUIPlugin
2023-08-14 16:00:32,251 [INFO] PluginManager:220 - loadIPPluginJar : add spi
2023-08-14 16:00:32,292 [INFO] IPUIPlugin:80 - create IPUIPlugin
2023-08-14 16:00:32,292 [INFO] PluginManager:220 - loadIPPluginJar : add stm32_wpan
2023-08-14 16:00:32,309 [INFO] IPUIPlugin:80 - create IPUIPlugin
2023-08-14 16:00:32,309 [INFO] PluginManager:220 - loadIPPluginJar : add tim
2023-08-14 16:00:32,347 [INFO] IPUIPlugin:80 - create IPUIPlugin
2023-08-14 16:00:32,347 [INFO] PluginManager:220 - loadIPPluginJar : add touchsensing
2023-08-14 16:00:32,363 [INFO] IPUIPlugin:80 - create IPUIPlugin
2023-08-14 16:00:32,363 [INFO] PluginManager:220 - loadIPPluginJar : add tracer_emb
2023-08-14 16:00:32,380 [INFO] IPUIPlugin:80 - create IPUIPlugin
2023-08-14 16:00:32,380 [INFO] PluginManager:220 - loadIPPluginJar : add ts
2023-08-14 16:00:32,396 [INFO] IPUIPlugin:80 - create IPUIPlugin
2023-08-14 16:00:32,396 [INFO] PluginManager:220 - loadIPPluginJar : add tsc
2023-08-14 16:00:32,411 [INFO] IPUIPlugin:80 - create IPUIPlugin
2023-08-14 16:00:32,412 [INFO] PluginManager:220 - loadIPPluginJar : add ucpd
2023-08-14 16:00:32,442 [INFO] IPUIPlugin:80 - create IPUIPlugin
2023-08-14 16:00:32,442 [INFO] PluginManager:220 - loadIPPluginJar : add usart
2023-08-14 16:00:32,472 [INFO] IPUIPlugin:80 - create IPUIPlugin
2023-08-14 16:00:32,473 [INFO] PluginManager:220 - loadIPPluginJar : add usbx
2023-08-14 16:00:32,583 [INFO] CADModel:165 - CPN selected for project level
2023-08-14 16:00:32,583 [INFO] CADModel:114 - Register for checkConnection events
2023-08-14 16:00:32,583 [FATAL] Updater:308 - Updater called before beeing initialized
2023-08-14 16:00:32,583 [ERROR] CADModel:125 - Updater not yet initialized, retry later 
2023-08-14 16:00:32,695 [INFO] CADModel:165 - CPN selected for project level
2023-08-14 16:00:32,696 [INFO] CADModel:114 - Register for checkConnection events
2023-08-14 16:00:32,696 [FATAL] Updater:308 - Updater called before beeing initialized
2023-08-14 16:00:32,696 [ERROR] CADModel:125 - Updater not yet initialized, retry later 
2023-08-14 16:00:32,698 [FATAL] Updater:308 - Updater called before beeing initialized
2023-08-14 16:00:32,771 [FATAL] Updater:308 - Updater called before beeing initialized
2023-08-14 16:00:32,779 [INFO] DbMcusAds:53 - JSON generation date=Tue Mar 07 14:20:55 IST 2023 (1678179055114)
2023-08-14 16:00:32,780 [FATAL] Updater:308 - Updater called before beeing initialized
2023-08-14 16:00:32,840 [WARN] DetailPanel:346 - Failed to get advertising image, set to default
2023-08-14 16:00:32,926 [FATAL] Updater:308 - Updater called before beeing initialized
2023-08-14 16:00:32,927 [FATAL] Updater:308 - Updater called before beeing initialized
2023-08-14 16:00:32,927 [FATAL] Updater:308 - Updater called before beeing initialized
2023-08-14 16:00:32,929 [WARN] DetailPanel:346 - Failed to get advertising image, set to default
2023-08-14 16:00:32,929 [FATAL] Updater:308 - Updater called before beeing initialized
2023-08-14 16:00:32,971 [ERROR] Updater:1120 - MainUpdater not yet initialized. External WinMGr cannot be set.
2023-08-14 16:00:32,979 [INFO] Updater:1056 - Updater Version found : 6.9.1
2023-08-14 16:00:32,993 [INFO] ApplicationProperties:184 - Using Application install path: C:\ST\STM32CubeIDE_1.13.1\STM32CubeIDE\plugins\com.st.stm32cube.common.mx_6.9.1.202307191849
2023-08-14 16:00:33,554 [INFO] MainUpdater:2868 - connection check result : 10
2023-08-14 16:00:33,555 [INFO] MainUpdater:285 - Updater Check For Update Now.
2023-08-14 16:00:33,555 [INFO] MicroXplorer:498 - Change Database Version : DB.6.0.91
2023-08-14 16:00:33,565 [INFO] McuFinderGlobals:63 - Set McuFinder mode to 2 (CubeIDE integrated)
2023-08-14 16:00:33,567 [INFO] UserAuth:179 - activating auth plugin
2023-08-14 16:00:33,569 [INFO] UserAuth:393 - Internet connection configuration mode: 1
2023-08-14 16:00:33,589 [INFO] JxBrowserEngine:151 - Initiate JxBrowser Engine with user profile folder
2023-08-14 16:00:33,729 [INFO] CheckServerUpdateThread:120 - End of CheckServer Thread
2023-08-14 16:00:33,964 [WARN] PackLoader:240 - Cannot read IP mode file for STMicroelectronics.X-CUBE-SMBUS.2.1.0
2023-08-14 16:00:33,994 [WARN] PackLoader:240 - Cannot read IP mode file for STMicroelectronics.X-CUBE-AZRTOS-F7.1.1.0
2023-08-14 16:00:34,007 [ERROR] RealEvaluatedCondition:428 - Found unsupported composite condition: CLASS='Data Exchange' GROUP='STM32_MetaDataManager'
2023-08-14 16:00:34,007 [ERROR] RealEvaluatedCondition:428 - Found unsupported composite condition: CLASS='Data Exchange' GROUP='STM32_MetaDataManager'
2023-08-14 16:00:34,008 [WARN] PackLoader:240 - Cannot read IP mode file for STMicroelectronics.FP-SNS-MOTENV1.4.3.0
2023-08-14 16:00:34,021 [WARN] PackLoader:240 - Cannot read IP mode file for STMicroelectronics.FP-SNS-MOTENV1.4.3.2
2023-08-14 16:00:34,030 [WARN] PackLoader:240 - Cannot read IP mode file for STMicroelectronics.FP-SNS-FLIGHT1.5.0.0
2023-08-14 16:00:34,040 [ERROR] RealEvaluatedCondition:428 - Found unsupported composite condition: GROUP='STM32_MetaDataManager' CLASS='Data Exchange'
2023-08-14 16:00:34,040 [ERROR] RealEvaluatedCondition:428 - Found unsupported composite condition: CLASS='Data Exchange' GROUP='STM32_MetaDataManager'
2023-08-14 16:00:34,041 [WARN] PackLoader:240 - Cannot read IP mode file for STMicroelectronics.FP-SNS-MOTENV1.4.3.1
2023-08-14 16:00:34,052 [WARN] PackLoader:240 - Cannot read IP mode file for STMicroelectronics.FP-SNS-FLIGHT1.5.0.1
2023-08-14 16:00:34,064 [WARN] PackLoader:240 - Cannot read IP mode file for STMicroelectronics.X-CUBE-BLE1.6.2.3
2023-08-14 16:00:34,073 [WARN] PackLoader:240 - Cannot read IP mode file for STMicroelectronics.X-CUBE-BLE1.6.2.4
2023-08-14 16:00:34,081 [WARN] PackLoader:240 - Cannot read IP mode file for STMicroelectronics.FP-SNS-FLIGHT1.5.0.2
2023-08-14 16:00:34,093 [WARN] PackLoader:240 - Cannot read IP mode file for STMicroelectronics.X-CUBE-DISPLAY.3.0.0
2023-08-14 16:00:34,106 [WARN] PackLoader:240 - Cannot read IP mode file for STMicroelectronics.X-CUBE-TOUCHGFX.4.22.0
2023-08-14 16:00:34,147 [WARN] PackLoader:240 - Cannot read IP mode file for STMicroelectronics.X-CUBE-MEMS1.9.3.0
2023-08-14 16:00:34,260 [INFO] LogOutputStream:77 - [STDOUT_REDIRECT] 1 : Invalid condition id : UX_CORESTACK_Condition cause : null
2023-08-14 16:00:34,261 [INFO] LogOutputStream:77 - [STDOUT_REDIRECT] 1 : Invalid condition id : UX_CORESTACK_Condition cause : null
2023-08-14 16:00:34,262 [INFO] LogOutputStream:77 - [STDOUT_REDIRECT] 1 : Invalid condition id : UX_CORESTACK_Condition cause : null
2023-08-14 16:00:34,273 [INFO] LogOutputStream:77 - [STDOUT_REDIRECT] 1 : Invalid condition id : UX_CORESTACK_Condition cause : null
2023-08-14 16:00:34,274 [INFO] LogOutputStream:77 - [STDOUT_REDIRECT] 1 : Invalid condition id : UX_CORESTACK_Condition cause : null
2023-08-14 16:00:34,277 [WARN] PackLoader:240 - Cannot read IP mode file for STMicroelectronics.X-CUBE-AZRTOS-WL.2.0.0
2023-08-14 16:00:34,302 [WARN] PackLoader:240 - Cannot read IP mode file for WES.I-CUBE-Cesium.1.3.0
2023-08-14 16:00:34,314 [WARN] PackLoader:240 - Cannot read IP mode file for STMicroelectronics.X-CUBE-BLE2.3.3.0
2023-08-14 16:00:34,325 [WARN] PackLoader:240 - Cannot read IP mode file for STMicroelectronics.X-CUBE-DISPLAY.2.2.0
2023-08-14 16:00:34,341 [WARN] PackLoader:240 - Cannot read IP mode file for STMicroelectronics.X-CUBE-TOF1.3.2.0
2023-08-14 16:00:34,371 [WARN] PackLoader:240 - Cannot read IP mode file for STMicroelectronics.X-CUBE-AZRTOS-H7.2.1.0
2023-08-14 16:00:34,382 [WARN] PackLoader:240 - Cannot read IP mode file for STMicroelectronics.X-CUBE-TOUCHGFX.4.21.1
2023-08-14 16:00:34,393 [WARN] PackLoader:240 - Cannot read IP mode file for STMicroelectronics.X-CUBE-TOUCHGFX.4.21.0
2023-08-14 16:00:34,484 [WARN] PackLoader:240 - Cannot read IP mode file for STMicroelectronics.X-CUBE-TOUCHGFX.4.21.3
2023-08-14 16:00:34,494 [WARN] PackLoader:240 - Cannot read IP mode file for STMicroelectronics.X-CUBE-TOUCHGFX.4.21.4
2023-08-14 16:00:34,536 [WARN] PackLoader:240 - Cannot read IP mode file for STMicroelectronics.X-CUBE-MEMS1.9.4.0
2023-08-14 16:00:34,627 [WARN] PackLoader:240 - Cannot read IP mode file for STMicroelectronics.X-CUBE-AI.7.3.0
2023-08-14 16:00:34,636 [WARN] PackLoader:240 - Cannot read IP mode file for STMicroelectronics.X-CUBE-ALGOBUILD.1.3.0
2023-08-14 16:00:34,656 [WARN] PackLoader:240 - Cannot read IP mode file for STMicroelectronics.X-CUBE-AZRTOS-G0.1.1.0
2023-08-14 16:00:34,667 [WARN] PackLoader:240 - Cannot read IP mode file for STMicroelectronics.X-CUBE-NFC4.3.0.0
2023-08-14 16:00:34,694 [WARN] PackLoader:240 - Cannot read IP mode file for SEGGER.I-CUBE-embOS.1.2.1
2023-08-14 16:00:34,721 [WARN] PackLoader:240 - Cannot read IP mode file for STMicroelectronics.X-CUBE-BLEMGR.1.3.0
2023-08-14 16:00:34,730 [WARN] PackLoader:240 - Cannot read IP mode file for STMicroelectronics.FP-ATR-SIGFOX1.3.2.0
2023-08-14 16:00:34,739 [WARN] PackLoader:240 - Cannot read IP mode file for STMicroelectronics.X-CUBE-TOUCHGFX.4.20.0
2023-08-14 16:00:34,779 [WARN] PackLoader:240 - Cannot read IP mode file for STMicroelectronics.X-CUBE-MEMS1.9.5.0
2023-08-14 16:00:34,902 [WARN] PackLoader:240 - Cannot read IP mode file for SEGGER.I-CUBE-embOS.1.3.1
2023-08-14 16:00:34,932 [WARN] PackLoader:240 - Cannot read IP mode file for STMicroelectronics.X-CUBE-GNSS1.6.0.0
2023-08-14 16:00:34,952 [WARN] PackLoader:240 - Cannot read IP mode file for STMicroelectronics.X-CUBE-AZRTOS-F4.1.1.0
2023-08-14 16:00:34,965 [WARN] PackLoader:240 - Cannot read IP mode file for STMicroelectronics.X-CUBE-BLEMGR.1.2.0
2023-08-14 16:00:35,000 [WARN] PackLoader:240 - Cannot read IP mode file for STMicroelectronics.X-CUBE-MEMS1.9.6.0
2023-08-14 16:00:35,088 [WARN] PackLoader:240 - Cannot read IP mode file for emotas.I-CUBE-CANOPEN.1.1.3
2023-08-14 16:00:35,101 [WARN] PackLoader:240 - Cannot read IP mode file for STMicroelectronics.X-CUBE-BLEMGR.2.0.0
2023-08-14 16:00:35,111 [WARN] PackLoader:240 - Cannot read IP mode file for STMicroelectronics.X-CUBE-NFC4.2.0.5
2023-08-14 16:00:35,131 [WARN] ConditionMgr:438 - getConditionDescription Invalid condition id : UX DEVICE CLASS RTOS Condition cause : null
2023-08-14 16:00:35,132 [WARN] ConditionMgr:438 - getConditionDescription Invalid condition id : UX DEVICE CLASS RTOS Condition cause : null
2023-08-14 16:00:35,133 [WARN] PackLoader:240 - Cannot read IP mode file for STMicroelectronics.X-CUBE-AZRTOS-H7.3.1.0
2023-08-14 16:00:35,134 [WARN] ConditionMgr:1039 - genDependencies : Invalid condition id : UX DEVICE CLASS RTOS Condition cause : null
2023-08-14 16:00:35,134 [WARN] ConditionMgr:1039 - genDependencies : Invalid condition id : UX DEVICE CLASS RTOS Condition cause : null
2023-08-14 16:00:35,135 [WARN] ConditionMgr:1039 - genDependencies : Invalid condition id : UX DEVICE CLASS RTOS Condition cause : null
2023-08-14 16:00:35,135 [WARN] ConditionMgr:1039 - genDependencies : Invalid condition id : UX DEVICE CLASS RTOS Condition cause : null
2023-08-14 16:00:35,135 [WARN] ConditionMgr:1039 - genDependencies : Invalid condition id : UX DEVICE CLASS RTOS Condition cause : null
2023-08-14 16:00:35,166 [WARN] PackLoader:240 - Cannot read IP mode file for wolfSSL.I-CUBE-wolfSSL.5.5.3
2023-08-14 16:00:35,176 [WARN] PackLoader:240 - Cannot read IP mode file for STMicroelectronics.X-CUBE-NFC7.1.0.1
2023-08-14 16:00:35,186 [WARN] PackLoader:240 - Cannot read IP mode file for STMicroelectronics.X-CUBE-NFC7.1.0.0
2023-08-14 16:00:35,196 [WARN] PackLoader:240 - Cannot read IP mode file for STMicroelectronics.X-CUBE-EEPRMA1.4.1.0
2023-08-14 16:00:35,232 [WARN] PackLoader:240 - Cannot read IP mode file for STMicroelectronics.X-CUBE-AI.8.1.0
2023-08-14 16:00:35,283 [WARN] ConditionMgr:438 - getConditionDescription Invalid condition id : LAN8742 Phy interface Condition cause : null
2023-08-14 16:00:35,283 [WARN] PackLoader:240 - Cannot read IP mode file for STMicroelectronics.X-CUBE-AZRTOS-L4.2.0.0
2023-08-14 16:00:35,284 [WARN] ConditionMgr:1039 - genDependencies : Invalid condition id : LAN8742 Phy interface Condition cause : null
2023-08-14 16:00:35,284 [WARN] ConditionMgr:1039 - genDependencies : Invalid condition id : LAN8742 Phy interface Condition cause : null
2023-08-14 16:00:35,284 [WARN] ConditionMgr:1039 - genDependencies : Invalid condition id : LAN8742 Phy interface Condition cause : null
2023-08-14 16:00:35,296 [WARN] PackLoader:240 - Cannot read IP mode file for STMicroelectronics.X-CUBE-SFXS2LP1.4.0.0
2023-08-14 16:00:35,320 [WARN] PackLoader:240 - Cannot read IP mode file for STMicroelectronics.X-CUBE-AZRTOS-H7.3.0.0
2023-08-14 16:00:35,331 [WARN] PackLoader:240 - Cannot read IP mode file for STMicroelectronics.X-CUBE-ISPU.1.1.0
2023-08-14 16:00:35,344 [WARN] PackLoader:240 - Cannot read IP mode file for RoweBots.I-CUBE-UNISONRTOS.5.5.0-4
2023-08-14 16:00:35,357 [WARN] PackLoader:240 - Cannot read IP mode file for STMicroelectronics.X-CUBE-AI.8.0.0
2023-08-14 16:00:35,379 [WARN] ConditionMgr:438 - getConditionDescription Invalid condition id : UX DEVICE CLASS RTOS Condition cause : null
2023-08-14 16:00:35,379 [WARN] ConditionMgr:438 - getConditionDescription Invalid condition id : UX DEVICE CLASS RTOS Condition cause : null
2023-08-14 16:00:35,381 [WARN] PackLoader:240 - Cannot read IP mode file for STMicroelectronics.X-CUBE-AZRTOS-WB.2.0.0
2023-08-14 16:00:35,382 [WARN] ConditionMgr:1039 - genDependencies : Invalid condition id : UX DEVICE CLASS RTOS Condition cause : null
2023-08-14 16:00:35,382 [WARN] ConditionMgr:1039 - genDependencies : Invalid condition id : UX DEVICE CLASS RTOS Condition cause : null
2023-08-14 16:00:35,382 [WARN] ConditionMgr:1039 - genDependencies : Invalid condition id : UX DEVICE CLASS RTOS Condition cause : null
2023-08-14 16:00:35,382 [WARN] ConditionMgr:1039 - genDependencies : Invalid condition id : UX DEVICE CLASS RTOS Condition cause : null
2023-08-14 16:00:35,382 [WARN] ConditionMgr:1039 - genDependencies : Invalid condition id : UX DEVICE CLASS RTOS Condition cause : null
2023-08-14 16:00:35,396 [WARN] PackLoader:240 - Cannot read IP mode file for STMicroelectronics.X-CUBE-FREERTOS.1.0.0
2023-08-14 16:00:35,423 [WARN] PackLoader:240 - Cannot read IP mode file for STMicroelectronics.X-CUBE-FREERTOS.1.0.1
2023-08-14 16:00:35,456 [WARN] PackLoader:240 - Cannot read IP mode file for STMicroelectronics.X-CUBE-AZRTOS-L5.1.1.0
2023-08-14 16:00:35,471 [WARN] PackLoader:240 - Cannot read IP mode file for STMicroelectronics.X-CUBE-AI.8.0.1
2023-08-14 16:00:35,490 [WARN] PackLoader:240 - Cannot read IP mode file for STMicroelectronics.X-CUBE-SUBG2.5.0.0
2023-08-14 16:00:35,512 [WARN] PackLoader:240 - Cannot read IP mode file for STMicroelectronics.X-CUBE-TOF1.3.3.1
2023-08-14 16:00:35,541 [WARN] PackLoader:240 - Cannot read IP mode file for STMicroelectronics.X-CUBE-AZRTOS-G4.2.0.0
2023-08-14 16:00:35,560 [WARN] PackLoader:240 - Cannot read IP mode file for STMicroelectronics.X-CUBE-TOF1.3.3.0
2023-08-14 16:00:35,576 [WARN] PackLoader:240 - Cannot read IP mode file for STMicroelectronics.FP-ATR-ASTRA1.1.1.1
2023-08-14 16:00:35,600 [WARN] PackLoader:240 - Cannot read IP mode file for STMicroelectronics.X-CUBE-AZRTOS-G4.1.0.0
2023-08-14 16:00:35,601 [INFO] WebApp:157 - Instantiating new browser for Auth
2023-08-14 16:00:35,627 [WARN] PackLoader:240 - Cannot read IP mode file for STMicroelectronics.X-CUBE-AZRTOS-L4.1.0.0
2023-08-14 16:00:35,651 [WARN] PackLoader:240 - Cannot read IP mode file for STMicroelectronics.X-CUBE-AZRTOS-WL.1.0.0
2023-08-14 16:00:35,666 [WARN] PackLoader:240 - Cannot read IP mode file for portGmbH.I-Cube-SoM-uGOAL.1.1.0
2023-08-14 16:00:35,681 [WARN] PackLoader:240 - Cannot read IP mode file for STMicroelectronics.X-CUBE-ALS.1.0.1
2023-08-14 16:00:35,706 [WARN] PackLoader:240 - Cannot read IP mode file for STMicroelectronics.X-CUBE-AZRTOS-WB.1.1.0
2023-08-14 16:00:35,733 [WARN] PackLoader:240 - Cannot read IP mode file for STMicroelectronics.X-CUBE-AZRTOS-L5.1.0.0
2023-08-14 16:00:35,751 [WARN] PackLoader:240 - Cannot read IP mode file for STMicroelectronics.X-CUBE-EEPRMA1.3.1.1
2023-08-14 16:00:35,768 [WARN] PackLoader:240 - Cannot read IP mode file for STMicroelectronics.FP-ATR-ASTRA1.2.0.0
2023-08-14 16:00:35,769 [INFO] ThirdParty:978 - Integrity check success = true
2023-08-14 16:00:35,769 [INFO] IntegrityCheckThread:100 - exiting critical section [integrity check]
2023-08-14 16:00:35,770 [INFO] IntegrityCheckThread:103 - End integrity checks thread
2023-08-14 16:00:36,182 [INFO] WebApp:753 - Register for checkConnection events
2023-08-14 16:00:36,182 [INFO] WebApp:390 - Apply proxy settings
2023-08-14 16:00:36,182 [INFO] WebApp:475 - Chromium requires no authentication
2023-08-14 16:00:36,189 [INFO] WebApp:418 - Direct internet connection detected
2023-08-14 16:00:36,313 [INFO] WebApp:188 - Starting web application
2023-08-14 16:00:36,313 [INFO] WebApp:520 - Web application path used C:\ST\STM32CubeIDE_1.13.1\STM32CubeIDE\plugins\com.st.stm32cube.common.mx_6.9.1.202307191849\db\plugins\mcufinder\reactClient1\index.html
2023-08-14 16:00:56,931 [ERROR] LogOutputStream:75 - [STDERR_REDIRECT] SLF4J: Failed to load class "org.slf4j.impl.StaticLoggerBinder".
2023-08-14 16:00:56,931 [ERROR] LogOutputStream:75 - [STDERR_REDIRECT] SLF4J: Defaulting to no-operation (NOP) logger implementation
2023-08-14 16:00:56,932 [ERROR] LogOutputStream:75 - [STDERR_REDIRECT] SLF4J: See http://www.slf4j.org/codes.html#StaticLoggerBinder for further details.
