2023-08-19 17:41:19,250 [INFO] Activator:176 - 


2023-08-19 17:41:19,257 [INFO] Activator:177 - !SESSION log4j initialized
2023-08-19 17:41:24,861 [INFO] LogOutputStream:77 - [STDOUT_REDIRECT] 
2023-08-19 17:41:26,620 [INFO] ApplicationProperties:184 - Using Application install path: C:\ST\STM32CubeIDE_1.13.1\STM32CubeIDE\plugins\com.st.stm32cube.common.mx_6.9.1.202307191849
2023-08-19 17:41:26,637 [INFO] DbMcusXml:78 - Set database path to: C:\ST\STM32CubeIDE_1.13.1\STM32CubeIDE\plugins\com.st.stm32cube.common.mx_6.9.1.202307191849\\db\/mcu/
2023-08-19 17:41:26,638 [INFO] ApiDb:274 - Set plugin database path to: C:\ST\STM32CubeIDE_1.13.1\STM32CubeIDE\plugins\com.st.stm32cube.common.mx_6.9.1.202307191849\\db\/plugins/boardmanager/
2023-08-19 17:41:26,638 [WARN] ApiDb:259 - Overriding images path with different value:  => C:\ST\STM32CubeIDE_1.13.1\STM32CubeIDE\plugins\com.st.stm32cube.common.mx_6.9.1.202307191849\\db\/plugins/mcufinder/images/
2023-08-19 17:41:26,654 [INFO] ApiDb:250 - Set database path to: C:\Users\work\.stmcufinder\plugins\mcufinder//mcu/
2023-08-19 17:41:26,654 [INFO] DbMcusAds:125 - Set database path to: C:\Users\work\.stmcufinder\plugins\mcufinder//mcu/
2023-08-19 17:41:26,657 [INFO] CrossReferenceDbSqlite:203 - Set database path to: C:\Users\work\.stmcufinder\plugins\mcufinder//mcu/cs/
2023-08-19 17:41:26,750 [INFO] RulesReader:64 - Compatibility file has been processed (293 Rules)
2023-08-19 17:41:26,826 [INFO] DbMcusXml:78 - Set database path to: C:\ST\STM32CubeIDE_1.13.1\STM32CubeIDE\plugins\com.st.stm32cube.common.mx_6.9.1.202307191849\\db\/mcu/
2023-08-19 17:41:26,826 [INFO] ApiDb:274 - Set plugin database path to: C:\ST\STM32CubeIDE_1.13.1\STM32CubeIDE\plugins\com.st.stm32cube.common.mx_6.9.1.202307191849\\db\/plugins/boardmanager/
2023-08-19 17:41:26,826 [INFO] ApiDb:261 - Set plugin images path to: C:\ST\STM32CubeIDE_1.13.1\STM32CubeIDE\plugins\com.st.stm32cube.common.mx_6.9.1.202307191849\\db\/plugins/mcufinder/images/
2023-08-19 17:41:26,826 [WARN] DbFile:41 - Overriding database path with different value: C:\Users\work\.stmcufinder\plugins\mcufinder/ => C:\Users\work\.stmcufinder\plugins\mcufinder
2023-08-19 17:41:26,826 [INFO] ApiDb:250 - Set database path to: C:\Users\work\.stmcufinder\plugins\mcufinder//mcu/
2023-08-19 17:41:26,826 [WARN] DbFile:41 - Overriding database path with different value: C:\Users\work\.stmcufinder\plugins\mcufinder/ => C:\Users\work\.stmcufinder\plugins\mcufinder
2023-08-19 17:41:26,826 [INFO] DbMcusAds:125 - Set database path to: C:\Users\work\.stmcufinder\plugins\mcufinder//mcu/
2023-08-19 17:41:26,827 [WARN] DbFile:41 - Overriding database path with different value: C:\Users\work\.stmcufinder\plugins\mcufinder/ => C:\Users\work\.stmcufinder\plugins\mcufinder
2023-08-19 17:41:26,827 [WARN] DbFile:41 - Overriding database path with different value: C:\Users\work\.stmcufinder\plugins\mcufinder/ => C:\Users\work\.stmcufinder\plugins\mcufinder
2023-08-19 17:41:26,827 [INFO] CrossReferenceDbSqlite:203 - Set database path to: C:\Users\work\.stmcufinder\plugins\mcufinder//mcu/cs/
2023-08-19 17:41:26,896 [INFO] MainPanel:262 - HeapMemory: 268435456
2023-08-19 17:41:26,986 [INFO] DbMcusXml:78 - Set database path to: C:\ST\STM32CubeIDE_1.13.1\STM32CubeIDE\plugins\com.st.stm32cube.common.mx_6.9.1.202307191849\\db\/mcu/
2023-08-19 17:41:26,986 [INFO] ApiDb:274 - Set plugin database path to: C:\ST\STM32CubeIDE_1.13.1\STM32CubeIDE\plugins\com.st.stm32cube.common.mx_6.9.1.202307191849\\db\/plugins/boardmanager/
2023-08-19 17:41:26,986 [INFO] ApiDb:261 - Set plugin images path to: C:\ST\STM32CubeIDE_1.13.1\STM32CubeIDE\plugins\com.st.stm32cube.common.mx_6.9.1.202307191849\\db\/plugins/mcufinder/images/
2023-08-19 17:41:26,986 [WARN] DbFile:41 - Overriding database path with different value: C:\Users\work\.stmcufinder\plugins\mcufinder/ => C:\Users\work\.stmcufinder\plugins\mcufinder
2023-08-19 17:41:26,986 [INFO] ApiDb:250 - Set database path to: C:\Users\work\.stmcufinder\plugins\mcufinder//mcu/
2023-08-19 17:41:26,986 [WARN] DbFile:41 - Overriding database path with different value: C:\Users\work\.stmcufinder\plugins\mcufinder/ => C:\Users\work\.stmcufinder\plugins\mcufinder
2023-08-19 17:41:26,986 [INFO] DbMcusAds:125 - Set database path to: C:\Users\work\.stmcufinder\plugins\mcufinder//mcu/
2023-08-19 17:41:26,986 [WARN] DbFile:41 - Overriding database path with different value: C:\Users\work\.stmcufinder\plugins\mcufinder/ => C:\Users\work\.stmcufinder\plugins\mcufinder
2023-08-19 17:41:26,986 [WARN] DbFile:41 - Overriding database path with different value: C:\Users\work\.stmcufinder\plugins\mcufinder/ => C:\Users\work\.stmcufinder\plugins\mcufinder
2023-08-19 17:41:26,986 [INFO] CrossReferenceDbSqlite:203 - Set database path to: C:\Users\work\.stmcufinder\plugins\mcufinder//mcu/cs/
2023-08-19 17:41:27,004 [INFO] ApplicationProperties:184 - Using Application install path: C:\ST\STM32CubeIDE_1.13.1\STM32CubeIDE\plugins\com.st.stm32cube.common.mx_6.9.1.202307191849
2023-08-19 17:41:27,005 [INFO] PluginManage:196 - Search for loadable plugins [exclusion list=, ]
2023-08-19 17:41:27,006 [INFO] PluginManage:310 - Check plugin analytics
2023-08-19 17:41:27,130 [INFO] AnalyticsPlugin:253 - Accepted Software Licenses: 
2023-08-19 17:41:27,130 [INFO] AnalyticsPlugin:255 - Accepted CMSIS Pack Licenses: STMicroelectronics.X-CUBE-TOUCHGFX.4.21.0
2023-08-19 17:41:27,130 [INFO] AnalyticsPlugin:257 - Accepted Firmware Licenses: FW.F4.1.27.0,FW.MP1.1.6.0,FW.F7.1.17.0,FW.G4.1.5.0,FW.H7.1.10.0
2023-08-19 17:41:27,134 [INFO] PluginManage:359 - Loaded plugin analytics (category:tool,tabindex:-1)
2023-08-19 17:41:27,134 [INFO] PluginManage:310 - Check plugin cadmodel
2023-08-19 17:41:27,137 [INFO] CADModel:105 - Init CAD model plugin
2023-08-19 17:41:27,137 [INFO] PluginManage:359 - Loaded plugin cadmodel (category:power,tabindex:5)
2023-08-19 17:41:27,137 [INFO] PluginManage:310 - Check plugin clock
2023-08-19 17:41:27,145 [INFO] PluginManage:359 - Loaded plugin clock (category:base,tabindex:2)
2023-08-19 17:41:27,145 [INFO] PluginManage:310 - Check plugin ddr
2023-08-19 17:41:27,148 [INFO] PluginManage:359 - Loaded plugin ddr (category:tool,tabindex:6)
2023-08-19 17:41:27,148 [INFO] PluginManage:310 - Check plugin filemanager
2023-08-19 17:41:27,255 [INFO] PluginManage:359 - Loaded plugin filemanager (category:base,tabindex:10)
2023-08-19 17:41:27,256 [INFO] PluginManage:310 - Check plugin ipmanager
2023-08-19 17:41:27,262 [INFO] PluginManage:359 - Loaded plugin ipmanager (category:base,tabindex:5)
2023-08-19 17:41:27,262 [INFO] PluginManage:310 - Check plugin lpbam
2023-08-19 17:41:27,270 [INFO] PluginManage:359 - Loaded plugin lpbam (category:base,tabindex:0)
2023-08-19 17:41:27,270 [INFO] PluginManage:310 - Check plugin memorymap
2023-08-19 17:41:27,283 [INFO] PluginManage:359 - Loaded plugin memorymap (category:base,tabindex:4)
2023-08-19 17:41:27,283 [INFO] PluginManage:310 - Check plugin pinoutandconfiguration
2023-08-19 17:41:27,289 [INFO] PluginManage:359 - Loaded plugin pinoutandconfiguration (category:base,tabindex:1)
2023-08-19 17:41:27,289 [INFO] PluginManage:310 - Check plugin pinoutconfig
2023-08-19 17:41:27,371 [WARN] SupportedApi:132 - Cannot load RTOS API schema: s4s-elt-must-match.1: The content of 'definitions' must match (annotation?, (simpleType | complexType)?, (unique | key | keyref)*)). A problem was found starting at: attribute.
2023-08-19 17:41:27,490 [INFO] PluginManage:359 - Loaded plugin pinoutconfig (category:base,tabindex:0)
2023-08-19 17:41:27,490 [INFO] PluginManage:310 - Check plugin power
2023-08-19 17:41:27,498 [INFO] PluginManage:359 - Loaded plugin power (category:power,tabindex:4)
2023-08-19 17:41:27,498 [INFO] PluginManage:310 - Check plugin projectmanager
2023-08-19 17:41:27,510 [INFO] PluginManage:359 - Loaded plugin projectmanager (category:projectmanager,tabindex:3)
2023-08-19 17:41:27,510 [INFO] PluginManage:310 - Check plugin thirdparty
2023-08-19 17:41:27,747 [INFO] PluginManage:359 - Loaded plugin thirdparty (category:base,tabindex:-1)
2023-08-19 17:41:27,747 [WARN] IntegrityCheckThread:84 - waiting for thirdparty lock release [integrity check]
2023-08-19 17:41:27,747 [INFO] PluginManage:310 - Check plugin tools
2023-08-19 17:41:27,747 [INFO] IntegrityCheckThread:86 - entering critical section [integrity check]
2023-08-19 17:41:27,747 [INFO] ThirdPartyUpdaterWithRetryManager:70 - Updater plugin not ready yet. [1/15]
2023-08-19 17:41:27,748 [INFO] PluginManage:359 - Loaded plugin tools (category:base,tabindex:7)
2023-08-19 17:41:27,749 [INFO] PluginManage:310 - Check plugin tutovideos
2023-08-19 17:41:27,910 [INFO] PluginManage:359 - Loaded plugin tutovideos (category:base,tabindex:-1)
2023-08-19 17:41:27,910 [INFO] PluginManage:310 - Check plugin updater
2023-08-19 17:41:27,918 [INFO] PluginManage:359 - Loaded plugin updater (category:base,tabindex:12)
2023-08-19 17:41:27,918 [INFO] PluginManage:310 - Check plugin userauth
2023-08-19 17:41:27,922 [INFO] UserAuth:113 - Init User Auth plugin
2023-08-19 17:41:27,922 [INFO] PluginManage:359 - Loaded plugin userauth (category:base,tabindex:14)
2023-08-19 17:41:27,923 [INFO] PluginManage:283 - PluginManage : Loaded plugins [17]
2023-08-19 17:41:28,136 [INFO] PinOutPanel:1499 - setPackage(No Configuration,No Configuration)
2023-08-19 17:41:28,237 [INFO] CADModel:165 - CPN selected for project level
2023-08-19 17:41:28,237 [INFO] CADModel:114 - Register for checkConnection events
2023-08-19 17:41:28,253 [INFO] IPUIPlugin:80 - create IPUIPlugin
2023-08-19 17:41:28,254 [INFO] PluginManager:220 - loadIPPluginJar : add adc
2023-08-19 17:41:28,255 [INFO] IPUIPlugin:80 - create IPUIPlugin
2023-08-19 17:41:28,255 [INFO] PluginManager:220 - loadIPPluginJar : add aes
2023-08-19 17:41:28,257 [INFO] IPUIPlugin:80 - create IPUIPlugin
2023-08-19 17:41:28,257 [INFO] PluginManager:220 - loadIPPluginJar : add can
2023-08-19 17:41:28,258 [INFO] IPUIPlugin:80 - create IPUIPlugin
2023-08-19 17:41:28,258 [INFO] PluginManager:220 - loadIPPluginJar : add comp
2023-08-19 17:41:28,260 [INFO] IPUIPlugin:80 - create IPUIPlugin
2023-08-19 17:41:28,260 [INFO] PluginManager:220 - loadIPPluginJar : add cryp
2023-08-19 17:41:28,261 [INFO] IPUIPlugin:80 - create IPUIPlugin
2023-08-19 17:41:28,261 [INFO] PluginManager:220 - loadIPPluginJar : add dfsdm
2023-08-19 17:41:28,268 [INFO] IPUIPlugin:80 - create IPUIPlugin
2023-08-19 17:41:28,269 [INFO] PluginManager:220 - loadIPPluginJar : add dma
2023-08-19 17:41:28,270 [INFO] IPUIPlugin:80 - create IPUIPlugin
2023-08-19 17:41:28,271 [INFO] PluginManager:220 - loadIPPluginJar : add dma3
2023-08-19 17:41:28,272 [INFO] IPUIPlugin:80 - create IPUIPlugin
2023-08-19 17:41:28,272 [INFO] PluginManager:220 - loadIPPluginJar : add fatfs
2023-08-19 17:41:28,274 [INFO] IPUIPlugin:80 - create IPUIPlugin
2023-08-19 17:41:28,275 [INFO] PluginManager:220 - loadIPPluginJar : add fmc
2023-08-19 17:41:28,278 [INFO] IPUIPlugin:80 - create IPUIPlugin
2023-08-19 17:41:28,278 [INFO] PluginManager:220 - loadIPPluginJar : add freertos
2023-08-19 17:41:28,280 [INFO] IPUIPlugin:80 - create IPUIPlugin
2023-08-19 17:41:28,280 [INFO] PluginManager:220 - loadIPPluginJar : add genericplugin
2023-08-19 17:41:28,281 [INFO] IPUIPlugin:80 - create IPUIPlugin
2023-08-19 17:41:28,282 [INFO] PluginManager:220 - loadIPPluginJar : add gfxmmu
2023-08-19 17:41:28,285 [INFO] IPUIPlugin:80 - create IPUIPlugin
2023-08-19 17:41:28,286 [INFO] PluginManager:220 - loadIPPluginJar : add gic
2023-08-19 17:41:28,288 [INFO] IPUIPlugin:80 - create IPUIPlugin
2023-08-19 17:41:28,288 [INFO] PluginManager:220 - loadIPPluginJar : add gpio
2023-08-19 17:41:28,290 [INFO] IPUIPlugin:80 - create IPUIPlugin
2023-08-19 17:41:28,290 [INFO] PluginManager:220 - loadIPPluginJar : add gtzc
2023-08-19 17:41:28,292 [INFO] IPUIPlugin:80 - create IPUIPlugin
2023-08-19 17:41:28,292 [INFO] PluginManager:220 - loadIPPluginJar : add hash
2023-08-19 17:41:28,293 [INFO] IPUIPlugin:80 - create IPUIPlugin
2023-08-19 17:41:28,293 [INFO] PluginManager:220 - loadIPPluginJar : add i2c
2023-08-19 17:41:28,295 [INFO] IPUIPlugin:80 - create IPUIPlugin
2023-08-19 17:41:28,295 [INFO] PluginManager:220 - loadIPPluginJar : add i2s
2023-08-19 17:41:28,298 [INFO] IPUIPlugin:80 - create IPUIPlugin
2023-08-19 17:41:28,298 [INFO] PluginManager:220 - loadIPPluginJar : add i3c
2023-08-19 17:41:28,400 [INFO] IPUIPlugin:80 - create IPUIPlugin
2023-08-19 17:41:28,400 [INFO] PluginManager:220 - loadIPPluginJar : add ipddr
2023-08-19 17:41:28,407 [INFO] IPUIPlugin:80 - create IPUIPlugin
2023-08-19 17:41:28,407 [INFO] PluginManager:220 - loadIPPluginJar : add linkedlist
2023-08-19 17:41:28,409 [INFO] IPUIPlugin:80 - create IPUIPlugin
2023-08-19 17:41:28,409 [INFO] PluginManager:220 - loadIPPluginJar : add lorawan
2023-08-19 17:41:28,410 [INFO] IPUIPlugin:80 - create IPUIPlugin
2023-08-19 17:41:28,410 [INFO] PluginManager:220 - loadIPPluginJar : add ltdc
2023-08-19 17:41:28,416 [INFO] IPUIPlugin:80 - create IPUIPlugin
2023-08-19 17:41:28,416 [INFO] PluginManager:220 - loadIPPluginJar : add mdma
2023-08-19 17:41:28,419 [INFO] IPUIPlugin:80 - create IPUIPlugin
2023-08-19 17:41:28,419 [INFO] PluginManager:220 - loadIPPluginJar : add nvic
2023-08-19 17:41:28,421 [INFO] IPUIPlugin:80 - create IPUIPlugin
2023-08-19 17:41:28,421 [INFO] PluginManager:220 - loadIPPluginJar : add opamp
2023-08-19 17:41:28,422 [INFO] IPUIPlugin:80 - create IPUIPlugin
2023-08-19 17:41:28,423 [INFO] PluginManager:220 - loadIPPluginJar : add openamp
2023-08-19 17:41:28,424 [INFO] IPUIPlugin:80 - create IPUIPlugin
2023-08-19 17:41:28,424 [INFO] PluginManager:220 - loadIPPluginJar : add pdm2pcm
2023-08-19 17:41:28,429 [INFO] IPUIPlugin:80 - create IPUIPlugin
2023-08-19 17:41:28,432 [INFO] PluginManager:220 - loadIPPluginJar : add plateformsettings
2023-08-19 17:41:28,434 [INFO] IPUIPlugin:80 - create IPUIPlugin
2023-08-19 17:41:28,434 [INFO] PluginManager:220 - loadIPPluginJar : add quadspi
2023-08-19 17:41:28,437 [INFO] IPUIPlugin:80 - create IPUIPlugin
2023-08-19 17:41:28,437 [INFO] PluginManager:220 - loadIPPluginJar : add resmgrutility
2023-08-19 17:41:28,439 [INFO] IPUIPlugin:80 - create IPUIPlugin
2023-08-19 17:41:28,439 [INFO] PluginManager:220 - loadIPPluginJar : add sai
2023-08-19 17:41:28,440 [INFO] IPUIPlugin:80 - create IPUIPlugin
2023-08-19 17:41:28,440 [INFO] PluginManager:220 - loadIPPluginJar : add spi
2023-08-19 17:41:28,443 [INFO] IPUIPlugin:80 - create IPUIPlugin
2023-08-19 17:41:28,443 [INFO] PluginManager:220 - loadIPPluginJar : add stm32_wpan
2023-08-19 17:41:28,445 [INFO] IPUIPlugin:80 - create IPUIPlugin
2023-08-19 17:41:28,445 [INFO] PluginManager:220 - loadIPPluginJar : add tim
2023-08-19 17:41:28,448 [INFO] IPUIPlugin:80 - create IPUIPlugin
2023-08-19 17:41:28,448 [INFO] PluginManager:220 - loadIPPluginJar : add touchsensing
2023-08-19 17:41:28,449 [INFO] IPUIPlugin:80 - create IPUIPlugin
2023-08-19 17:41:28,449 [INFO] PluginManager:220 - loadIPPluginJar : add tracer_emb
2023-08-19 17:41:28,451 [INFO] IPUIPlugin:80 - create IPUIPlugin
2023-08-19 17:41:28,451 [INFO] PluginManager:220 - loadIPPluginJar : add ts
2023-08-19 17:41:28,451 [INFO] IPUIPlugin:80 - create IPUIPlugin
2023-08-19 17:41:28,452 [INFO] PluginManager:220 - loadIPPluginJar : add tsc
2023-08-19 17:41:28,453 [INFO] IPUIPlugin:80 - create IPUIPlugin
2023-08-19 17:41:28,453 [INFO] PluginManager:220 - loadIPPluginJar : add ucpd
2023-08-19 17:41:28,455 [INFO] IPUIPlugin:80 - create IPUIPlugin
2023-08-19 17:41:28,455 [INFO] PluginManager:220 - loadIPPluginJar : add usart
2023-08-19 17:41:28,457 [INFO] IPUIPlugin:80 - create IPUIPlugin
2023-08-19 17:41:28,457 [INFO] PluginManager:220 - loadIPPluginJar : add usbx
2023-08-19 17:41:28,575 [INFO] CADModel:165 - CPN selected for project level
2023-08-19 17:41:28,576 [INFO] CADModel:114 - Register for checkConnection events
2023-08-19 17:41:28,576 [FATAL] Updater:308 - Updater called before beeing initialized
2023-08-19 17:41:28,576 [ERROR] CADModel:125 - Updater not yet initialized, retry later 
2023-08-19 17:41:28,696 [INFO] CADModel:165 - CPN selected for project level
2023-08-19 17:41:28,696 [INFO] CADModel:114 - Register for checkConnection events
2023-08-19 17:41:28,697 [FATAL] Updater:308 - Updater called before beeing initialized
2023-08-19 17:41:28,697 [ERROR] CADModel:125 - Updater not yet initialized, retry later 
2023-08-19 17:41:28,700 [FATAL] Updater:308 - Updater called before beeing initialized
2023-08-19 17:41:28,786 [FATAL] Updater:308 - Updater called before beeing initialized
2023-08-19 17:41:28,797 [INFO] DbMcusAds:53 - JSON generation date=Tue Mar 07 14:20:55 IST 2023 (1678179055114)
2023-08-19 17:41:28,797 [FATAL] Updater:308 - Updater called before beeing initialized
2023-08-19 17:41:28,834 [WARN] DetailPanel:346 - Failed to get advertising image, set to default
2023-08-19 17:41:28,925 [FATAL] Updater:308 - Updater called before beeing initialized
2023-08-19 17:41:28,926 [FATAL] Updater:308 - Updater called before beeing initialized
2023-08-19 17:41:28,926 [FATAL] Updater:308 - Updater called before beeing initialized
2023-08-19 17:41:28,926 [WARN] DetailPanel:346 - Failed to get advertising image, set to default
2023-08-19 17:41:28,927 [FATAL] Updater:308 - Updater called before beeing initialized
2023-08-19 17:41:28,975 [ERROR] Updater:1120 - MainUpdater not yet initialized. External WinMGr cannot be set.
2023-08-19 17:41:28,985 [INFO] Updater:1056 - Updater Version found : 6.9.1
2023-08-19 17:41:29,002 [INFO] ApplicationProperties:184 - Using Application install path: C:\ST\STM32CubeIDE_1.13.1\STM32CubeIDE\plugins\com.st.stm32cube.common.mx_6.9.1.202307191849
2023-08-19 17:41:29,168 [INFO] MainUpdater:2868 - connection check result : 10
2023-08-19 17:41:29,169 [INFO] MainUpdater:285 - Updater Check For Update Now.
2023-08-19 17:41:29,169 [INFO] MicroXplorer:498 - Change Database Version : DB.6.0.91
2023-08-19 17:41:29,184 [INFO] McuFinderGlobals:63 - Set McuFinder mode to 2 (CubeIDE integrated)
2023-08-19 17:41:29,184 [INFO] UserAuth:179 - activating auth plugin
2023-08-19 17:41:29,187 [INFO] UserAuth:393 - Internet connection configuration mode: 1
2023-08-19 17:41:29,228 [INFO] JxBrowserEngine:151 - Initiate JxBrowser Engine with user profile folder
2023-08-19 17:41:29,351 [INFO] CheckServerUpdateThread:120 - End of CheckServer Thread
2023-08-19 17:41:30,628 [INFO] WebApp:157 - Instantiating new browser for Auth
2023-08-19 17:41:31,028 [WARN] PackLoader:240 - Cannot read IP mode file for STMicroelectronics.X-CUBE-SMBUS.2.1.0
2023-08-19 17:41:31,083 [WARN] PackLoader:240 - Cannot read IP mode file for STMicroelectronics.X-CUBE-AZRTOS-F7.1.1.0
2023-08-19 17:41:31,110 [ERROR] RealEvaluatedCondition:428 - Found unsupported composite condition: GROUP='STM32_MetaDataManager' CLASS='Data Exchange'
2023-08-19 17:41:31,111 [ERROR] RealEvaluatedCondition:428 - Found unsupported composite condition: CLASS='Data Exchange' GROUP='STM32_MetaDataManager'
2023-08-19 17:41:31,113 [WARN] PackLoader:240 - Cannot read IP mode file for STMicroelectronics.FP-SNS-MOTENV1.4.3.0
2023-08-19 17:41:31,136 [WARN] PackLoader:240 - Cannot read IP mode file for STMicroelectronics.FP-SNS-MOTENV1.4.3.2
2023-08-19 17:41:31,162 [WARN] PackLoader:240 - Cannot read IP mode file for STMicroelectronics.FP-SNS-FLIGHT1.5.0.0
2023-08-19 17:41:31,183 [ERROR] RealEvaluatedCondition:428 - Found unsupported composite condition: GROUP='STM32_MetaDataManager' CLASS='Data Exchange'
2023-08-19 17:41:31,184 [ERROR] RealEvaluatedCondition:428 - Found unsupported composite condition: GROUP='STM32_MetaDataManager' CLASS='Data Exchange'
2023-08-19 17:41:31,187 [WARN] PackLoader:240 - Cannot read IP mode file for STMicroelectronics.FP-SNS-MOTENV1.4.3.1
2023-08-19 17:41:31,205 [WARN] PackLoader:240 - Cannot read IP mode file for STMicroelectronics.FP-SNS-FLIGHT1.5.0.1
2023-08-19 17:41:31,225 [WARN] PackLoader:240 - Cannot read IP mode file for STMicroelectronics.X-CUBE-BLE1.6.2.3
2023-08-19 17:41:31,241 [WARN] PackLoader:240 - Cannot read IP mode file for STMicroelectronics.X-CUBE-BLE1.6.2.4
2023-08-19 17:41:31,255 [WARN] PackLoader:240 - Cannot read IP mode file for STMicroelectronics.FP-SNS-FLIGHT1.5.0.2
2023-08-19 17:41:31,272 [WARN] PackLoader:240 - Cannot read IP mode file for STMicroelectronics.X-CUBE-DISPLAY.3.0.0
2023-08-19 17:41:31,290 [WARN] PackLoader:240 - Cannot read IP mode file for STMicroelectronics.X-CUBE-BLE1.7.0.0
2023-08-19 17:41:31,303 [WARN] PackLoader:240 - Cannot read IP mode file for STMicroelectronics.X-CUBE-TOUCHGFX.4.22.0
2023-08-19 17:41:31,361 [WARN] PackLoader:240 - Cannot read IP mode file for STMicroelectronics.X-CUBE-MEMS1.9.3.0
2023-08-19 17:41:31,362 [INFO] WebApp:753 - Register for checkConnection events
2023-08-19 17:41:31,362 [INFO] WebApp:390 - Apply proxy settings
2023-08-19 17:41:31,362 [INFO] WebApp:475 - Chromium requires no authentication
2023-08-19 17:41:31,375 [INFO] WebApp:418 - Direct internet connection detected
2023-08-19 17:41:31,574 [INFO] LogOutputStream:77 - [STDOUT_REDIRECT] 1 : Invalid condition id : UX_CORESTACK_Condition cause : null
2023-08-19 17:41:31,575 [INFO] LogOutputStream:77 - [STDOUT_REDIRECT] 1 : Invalid condition id : UX_CORESTACK_Condition cause : null
2023-08-19 17:41:31,576 [INFO] LogOutputStream:77 - [STDOUT_REDIRECT] 1 : Invalid condition id : UX_CORESTACK_Condition cause : null
2023-08-19 17:41:31,577 [INFO] LogOutputStream:77 - [STDOUT_REDIRECT] 1 : Invalid condition id : UX_CORESTACK_Condition cause : null
2023-08-19 17:41:31,578 [INFO] LogOutputStream:77 - [STDOUT_REDIRECT] 1 : Invalid condition id : UX_CORESTACK_Condition cause : null
2023-08-19 17:41:31,583 [WARN] PackLoader:240 - Cannot read IP mode file for STMicroelectronics.X-CUBE-AZRTOS-WL.2.0.0
2023-08-19 17:41:31,609 [WARN] PackLoader:240 - Cannot read IP mode file for WES.I-CUBE-Cesium.1.3.0
2023-08-19 17:41:31,627 [WARN] PackLoader:240 - Cannot read IP mode file for STMicroelectronics.X-CUBE-BLE2.3.3.0
2023-08-19 17:41:31,646 [WARN] PackLoader:240 - Cannot read IP mode file for STMicroelectronics.X-CUBE-DISPLAY.2.2.0
2023-08-19 17:41:31,676 [WARN] PackLoader:240 - Cannot read IP mode file for STMicroelectronics.X-CUBE-TOF1.3.2.0
2023-08-19 17:41:31,685 [INFO] WebApp:188 - Starting web application
2023-08-19 17:41:31,686 [INFO] WebApp:520 - Web application path used C:\ST\STM32CubeIDE_1.13.1\STM32CubeIDE\plugins\com.st.stm32cube.common.mx_6.9.1.202307191849\db\plugins\mcufinder\reactClient1\index.html
2023-08-19 17:41:31,719 [WARN] PackLoader:240 - Cannot read IP mode file for STMicroelectronics.X-CUBE-AZRTOS-H7.2.1.0
2023-08-19 17:41:31,739 [WARN] PackLoader:240 - Cannot read IP mode file for STMicroelectronics.X-CUBE-TOUCHGFX.4.21.1
2023-08-19 17:41:31,755 [WARN] PackLoader:240 - Cannot read IP mode file for STMicroelectronics.X-CUBE-TOUCHGFX.4.21.0
2023-08-19 17:41:31,896 [WARN] PackLoader:240 - Cannot read IP mode file for STMicroelectronics.X-CUBE-TOUCHGFX.4.21.3
2023-08-19 17:41:31,912 [WARN] PackLoader:240 - Cannot read IP mode file for STMicroelectronics.X-CUBE-TOUCHGFX.4.21.4
2023-08-19 17:41:31,985 [WARN] PackLoader:240 - Cannot read IP mode file for STMicroelectronics.X-CUBE-MEMS1.9.4.0
2023-08-19 17:41:32,079 [WARN] PackLoader:240 - Cannot read IP mode file for STMicroelectronics.X-CUBE-AI.7.3.0
2023-08-19 17:41:32,096 [WARN] PackLoader:240 - Cannot read IP mode file for STMicroelectronics.X-CUBE-ALGOBUILD.1.3.0
2023-08-19 17:41:32,129 [WARN] PackLoader:240 - Cannot read IP mode file for STMicroelectronics.X-CUBE-AZRTOS-G0.1.1.0
2023-08-19 17:41:32,149 [WARN] PackLoader:240 - Cannot read IP mode file for STMicroelectronics.X-CUBE-NFC4.3.0.0
2023-08-19 17:41:32,187 [WARN] PackLoader:240 - Cannot read IP mode file for SEGGER.I-CUBE-embOS.1.2.1
2023-08-19 17:41:32,236 [WARN] PackLoader:240 - Cannot read IP mode file for STMicroelectronics.X-CUBE-BLEMGR.1.3.0
2023-08-19 17:41:32,253 [WARN] PackLoader:240 - Cannot read IP mode file for STMicroelectronics.FP-ATR-SIGFOX1.3.2.0
2023-08-19 17:41:32,270 [WARN] PackLoader:240 - Cannot read IP mode file for STMicroelectronics.X-CUBE-TOUCHGFX.4.20.0
2023-08-19 17:41:32,313 [WARN] PackLoader:240 - Cannot read IP mode file for STMicroelectronics.X-CUBE-MEMS1.9.5.0
2023-08-19 17:41:32,456 [WARN] PackLoader:240 - Cannot read IP mode file for SEGGER.I-CUBE-embOS.1.3.1
2023-08-19 17:41:32,490 [WARN] PackLoader:240 - Cannot read IP mode file for STMicroelectronics.X-CUBE-GNSS1.6.0.0
2023-08-19 17:41:32,515 [WARN] PackLoader:240 - Cannot read IP mode file for STMicroelectronics.X-CUBE-AZRTOS-F4.1.1.0
2023-08-19 17:41:32,532 [WARN] PackLoader:240 - Cannot read IP mode file for STMicroelectronics.X-CUBE-BLEMGR.1.2.0
2023-08-19 17:41:32,562 [WARN] PackLoader:240 - Cannot read IP mode file for STMicroelectronics.X-CUBE-AZRTOS-L5.2.0.0
2023-08-19 17:41:32,623 [WARN] PackLoader:240 - Cannot read IP mode file for STMicroelectronics.X-CUBE-MEMS1.9.6.0
2023-08-19 17:41:32,760 [WARN] PackLoader:240 - Cannot read IP mode file for emotas.I-CUBE-CANOPEN.1.1.3
2023-08-19 17:41:32,777 [WARN] PackLoader:240 - Cannot read IP mode file for STMicroelectronics.X-CUBE-BLEMGR.2.0.0
2023-08-19 17:41:32,792 [WARN] PackLoader:240 - Cannot read IP mode file for STMicroelectronics.X-CUBE-NFC4.2.0.5
2023-08-19 17:41:32,816 [WARN] ConditionMgr:438 - getConditionDescription Invalid condition id : UX DEVICE CLASS RTOS Condition cause : null
2023-08-19 17:41:32,817 [WARN] ConditionMgr:438 - getConditionDescription Invalid condition id : UX DEVICE CLASS RTOS Condition cause : null
2023-08-19 17:41:32,823 [WARN] PackLoader:240 - Cannot read IP mode file for STMicroelectronics.X-CUBE-AZRTOS-H7.3.1.0
2023-08-19 17:41:32,824 [WARN] ConditionMgr:1039 - genDependencies : Invalid condition id : UX DEVICE CLASS RTOS Condition cause : null
2023-08-19 17:41:32,824 [WARN] ConditionMgr:1039 - genDependencies : Invalid condition id : UX DEVICE CLASS RTOS Condition cause : null
2023-08-19 17:41:32,825 [WARN] ConditionMgr:1039 - genDependencies : Invalid condition id : UX DEVICE CLASS RTOS Condition cause : null
2023-08-19 17:41:32,825 [WARN] ConditionMgr:1039 - genDependencies : Invalid condition id : UX DEVICE CLASS RTOS Condition cause : null
2023-08-19 17:41:32,825 [WARN] ConditionMgr:1039 - genDependencies : Invalid condition id : UX DEVICE CLASS RTOS Condition cause : null
2023-08-19 17:41:32,838 [WARN] PackLoader:240 - Cannot read IP mode file for wolfSSL.I-CUBE-wolfSSL.5.5.3
2023-08-19 17:41:32,849 [WARN] PackLoader:240 - Cannot read IP mode file for STMicroelectronics.X-CUBE-NFC7.1.0.1
2023-08-19 17:41:32,863 [WARN] PackLoader:240 - Cannot read IP mode file for STMicroelectronics.X-CUBE-NFC7.1.0.0
2023-08-19 17:41:32,876 [WARN] PackLoader:240 - Cannot read IP mode file for STMicroelectronics.X-CUBE-EEPRMA1.4.1.0
2023-08-19 17:41:32,890 [WARN] PackLoader:240 - Cannot read IP mode file for STMicroelectronics.X-CUBE-AI.8.1.0
2023-08-19 17:41:32,914 [WARN] ConditionMgr:438 - getConditionDescription Invalid condition id : LAN8742 Phy interface Condition cause : null
2023-08-19 17:41:32,914 [WARN] PackLoader:240 - Cannot read IP mode file for STMicroelectronics.X-CUBE-AZRTOS-L4.2.0.0
2023-08-19 17:41:32,915 [WARN] ConditionMgr:1039 - genDependencies : Invalid condition id : LAN8742 Phy interface Condition cause : null
2023-08-19 17:41:32,915 [WARN] ConditionMgr:1039 - genDependencies : Invalid condition id : LAN8742 Phy interface Condition cause : null
2023-08-19 17:41:32,916 [WARN] ConditionMgr:1039 - genDependencies : Invalid condition id : LAN8742 Phy interface Condition cause : null
2023-08-19 17:41:32,930 [WARN] PackLoader:240 - Cannot read IP mode file for STMicroelectronics.X-CUBE-SFXS2LP1.4.0.0
2023-08-19 17:41:32,963 [WARN] PackLoader:240 - Cannot read IP mode file for STMicroelectronics.X-CUBE-AZRTOS-H7.3.0.0
2023-08-19 17:41:32,981 [WARN] PackLoader:240 - Cannot read IP mode file for STMicroelectronics.X-CUBE-ISPU.1.1.0
2023-08-19 17:41:33,005 [WARN] PackLoader:240 - Cannot read IP mode file for RoweBots.I-CUBE-UNISONRTOS.5.5.0-4
2023-08-19 17:41:33,015 [WARN] PackLoader:240 - Cannot read IP mode file for STMicroelectronics.X-CUBE-AI.8.0.0
2023-08-19 17:41:33,040 [WARN] ConditionMgr:438 - getConditionDescription Invalid condition id : UX DEVICE CLASS RTOS Condition cause : null
2023-08-19 17:41:33,040 [WARN] ConditionMgr:438 - getConditionDescription Invalid condition id : UX DEVICE CLASS RTOS Condition cause : null
2023-08-19 17:41:33,041 [WARN] PackLoader:240 - Cannot read IP mode file for STMicroelectronics.X-CUBE-AZRTOS-WB.2.0.0
2023-08-19 17:41:33,041 [WARN] ConditionMgr:1039 - genDependencies : Invalid condition id : UX DEVICE CLASS RTOS Condition cause : null
2023-08-19 17:41:33,042 [WARN] ConditionMgr:1039 - genDependencies : Invalid condition id : UX DEVICE CLASS RTOS Condition cause : null
2023-08-19 17:41:33,042 [WARN] ConditionMgr:1039 - genDependencies : Invalid condition id : UX DEVICE CLASS RTOS Condition cause : null
2023-08-19 17:41:33,042 [WARN] ConditionMgr:1039 - genDependencies : Invalid condition id : UX DEVICE CLASS RTOS Condition cause : null
2023-08-19 17:41:33,042 [WARN] ConditionMgr:1039 - genDependencies : Invalid condition id : UX DEVICE CLASS RTOS Condition cause : null
2023-08-19 17:41:33,056 [WARN] PackLoader:240 - Cannot read IP mode file for STMicroelectronics.X-CUBE-FREERTOS.1.0.0
2023-08-19 17:41:33,066 [WARN] PackLoader:240 - Cannot read IP mode file for STMicroelectronics.X-CUBE-FREERTOS.1.0.1
2023-08-19 17:41:33,093 [WARN] PackLoader:240 - Cannot read IP mode file for STMicroelectronics.X-CUBE-AZRTOS-L5.1.1.0
2023-08-19 17:41:33,107 [WARN] PackLoader:240 - Cannot read IP mode file for STMicroelectronics.X-CUBE-AI.8.0.1
2023-08-19 17:41:33,124 [WARN] PackLoader:240 - Cannot read IP mode file for STMicroelectronics.X-CUBE-SUBG2.5.0.0
2023-08-19 17:41:33,143 [WARN] PackLoader:240 - Cannot read IP mode file for STMicroelectronics.X-CUBE-TOF1.3.3.1
2023-08-19 17:41:33,173 [WARN] PackLoader:240 - Cannot read IP mode file for STMicroelectronics.X-CUBE-AZRTOS-G4.2.0.0
2023-08-19 17:41:33,191 [WARN] PackLoader:240 - Cannot read IP mode file for STMicroelectronics.X-CUBE-TOF1.3.3.0
2023-08-19 17:41:33,213 [WARN] PackLoader:240 - Cannot read IP mode file for STMicroelectronics.FP-ATR-ASTRA1.1.1.1
2023-08-19 17:41:33,234 [WARN] PackLoader:240 - Cannot read IP mode file for STMicroelectronics.X-CUBE-AZRTOS-G4.1.0.0
2023-08-19 17:41:33,265 [WARN] PackLoader:240 - Cannot read IP mode file for STMicroelectronics.X-CUBE-AZRTOS-L4.1.0.0
2023-08-19 17:41:33,293 [WARN] PackLoader:240 - Cannot read IP mode file for STMicroelectronics.X-CUBE-AZRTOS-WL.1.0.0
2023-08-19 17:41:33,313 [WARN] PackLoader:240 - Cannot read IP mode file for portGmbH.I-Cube-SoM-uGOAL.1.1.0
2023-08-19 17:41:33,333 [WARN] PackLoader:240 - Cannot read IP mode file for STMicroelectronics.X-CUBE-ALS.1.0.1
2023-08-19 17:41:33,361 [WARN] PackLoader:240 - Cannot read IP mode file for STMicroelectronics.X-CUBE-AZRTOS-WB.1.1.0
2023-08-19 17:41:33,388 [WARN] PackLoader:240 - Cannot read IP mode file for STMicroelectronics.X-CUBE-AZRTOS-L5.1.0.0
2023-08-19 17:41:33,407 [WARN] PackLoader:240 - Cannot read IP mode file for STMicroelectronics.X-CUBE-EEPRMA1.3.1.1
2023-08-19 17:41:33,412 [WARN] PackLoader:240 - Cannot read IP mode file for STMicroelectronics.FP-ATR-ASTRA1.2.0.0
2023-08-19 17:41:33,413 [INFO] ThirdParty:978 - Integrity check success = true
2023-08-19 17:41:33,413 [INFO] IntegrityCheckThread:100 - exiting critical section [integrity check]
2023-08-19 17:41:33,413 [INFO] IntegrityCheckThread:103 - End integrity checks thread
2023-08-19 17:41:52,509 [ERROR] LogOutputStream:75 - [STDERR_REDIRECT] SLF4J: Failed to load class "org.slf4j.impl.StaticLoggerBinder".
2023-08-19 17:41:52,509 [ERROR] LogOutputStream:75 - [STDERR_REDIRECT] SLF4J: Defaulting to no-operation (NOP) logger implementation
2023-08-19 17:41:52,510 [ERROR] LogOutputStream:75 - [STDERR_REDIRECT] SLF4J: See http://www.slf4j.org/codes.html#StaticLoggerBinder for further details.
2023-08-19 17:43:04,897 [INFO] McuFinderGlobals:63 - Set McuFinder mode to 2 (CubeIDE integrated)
2023-08-19 17:43:04,917 [INFO] MainUpdater:2868 - connection check result : 10
2023-08-19 17:43:05,334 [INFO] ApiDb:581 - Connected to CubeFinder SQLite database (C:\Users\work\.stmcufinder\plugins\mcufinder\mcu\cube-finder-db.db)
2023-08-19 17:43:05,394 [INFO] ApiDb:668 - CubeFinder database Data Model version=2.1
2023-08-19 17:43:05,394 [INFO] ApiDb:669 - CubeFinder database Configuration version=3.0.37
2023-08-19 17:43:05,394 [INFO] ApiDb:670 - CubeFinder database generation date=2023-08-09 (1691586011)
2023-08-19 17:43:05,394 [INFO] ApiDb:671 - CubeFinder database FW Pack versions=[FP-ATR-ASTRA1_V2.0.0, FP-SNS-FLIGHT1_V5.0.1, FP-SNS-FLIGHT1_V5.0.2, FP-SNS-MOTENV1_V4.3.1, FP-SNS-MOTENV1_V4.3.2, STM32Cube_FW_C0_V1.1.0, STM32Cube_FW_F4_V1.27.1, STM32Cube_FW_F7_V1.17.0, STM32Cube_FW_G0_V1.6.1, STM32Cube_FW_G4_V1.5.1, STM32Cube_FW_H5_V0.5.1, STM32Cube_FW_H5_V1.1.0, STM32Cube_FW_H7_V1.11.0, STM32Cube_FW_L0_V1.12.2, STM32Cube_FW_L5_V1.5.0, STM32Cube_FW_U5_V1.3.0, STM32Cube_FW_U5_V1.3.0RC4, STM32Cube_FW_WBA_V1.0.0RC1, STM32Cube_FW_WBA_V1.1.0, STM32Cube_FW_WBA_V1.1.0RC1, STM32Cube_FW_WB_V1.15.0RC1, STM32Cube_FW_WB_V1.16.0, STM32Cube_FW_WB_V1.16.0RC2, STM32Cube_FW_WB_V1.17.0, STM32Cube_FW_WL_V1.3.0, X-CUBE-ALGOBUILD_V1.3.0, X-CUBE-ALS_V1.0.1, X-CUBE-AZRTOS-F4_V1.1.0, X-CUBE-AZRTOS-F7_V1.1.0, X-CUBE-AZRTOS-G0_V1.1.0, X-CUBE-AZRTOS-G4_V2.0.0, X-CUBE-AZRTOS-H7_V3.1.0, X-CUBE-AZRTOS-L4_V1.0.0, X-CUBE-AZRTOS-L4_V2.0.0, X-CUBE-AZRTOS-L5_V1.1.0, X-CUBE-AZRTOS-WB_V1.1.0, X-CUBE-AZRTOS-WL_V2.0.0, X-CUBE-BLE1_V7.0.0, X-CUBE-BLE2_V3.3.0, X-CUBE-BLEMGR_V2.0.0, X-CUBE-EEPRMA1_V4.1.0, X-CUBE-FREERTOS_V1.1.0, X-CUBE-GNSS1_V6.0.0, X-CUBE-MEMS1_V9.1.0, X-CUBE-MEMS1_V9.4.0, X-CUBE-MEMS1_V9.6.0, X-CUBE-NFC4_V3.0.0, X-CUBE-NFC7_V1.0.0, X-CUBE-SFXS2LP1_V4.0.0, X-CUBE-SUBG2_V5.0.0, X-CUBE-TOF1_V3.3.1]
2023-08-19 17:43:05,492 [INFO] DbBoardsSqlite:226 - include board P-NUCLEO-WB55-NUCLEO as a kit item of type 'Nucleo-64'
2023-08-19 17:43:05,492 [INFO] DbBoardsSqlite:226 - include board P-NUCLEO-WB55-USBDONGLE as a kit item of type 'Nucleo USB Dongle'
2023-08-19 17:43:05,492 [INFO] DbBoardsSqlite:226 - include board STEVAL-IDP005V1 as a kit item of type 'Evaluation Board'
2023-08-19 17:43:05,493 [INFO] DbBoardsSqlite:226 - include board STEVAL-IDP005V2 as a kit item of type 'Evaluation Board'
2023-08-19 17:43:05,707 [INFO] ApiDb:240 - Found 323 in-development CPN: [B-G473E-ZEST1S, B-WB1M-WPAN1, B-WL5M-SUBG1, NUCLEO-C031C6, NUCLEO-H503RB, NUCLEO-H563ZI, NUCLEO-U545RE-Q, NUCLEO-U5A5ZJ-Q, NUCLEO-WBA52CG, STEVAL-PROTEUS1, STEVAL-SMARTAG2, STEVAL-STWINBX1, STM320518-EVAL, STM32C0116-DK, STM32C011D6Y3TR, STM32C011D6Y6TR, STM32C011F4P3, STM32C011F4P6, STM32C011F4U3, STM32C011F4U6TR, STM32C011F6P3, STM32C011F6P6, STM32C011F6U3, STM32C011F6U6TR, STM32C011J4M3, STM32C011J4M6, STM32C011J6M3, STM32C011J6M6, STM32C0316-DK, STM32C031C4T3, STM32C031C4T6, STM32C031C4U3, STM32C031C4U6, STM32C031C6T3, STM32C031C6T6, STM32C031C6U3, STM32C031C6U6, STM32C031F4P3, STM32C031F4P6, STM32C031F6P3, STM32C031F6P6, STM32C031G4U3, STM32C031G4U6, STM32C031G6U3, STM32C031G6U6, STM32C031K4T3, STM32C031K4T6, STM32C031K4U3, STM32C031K4U6, STM32C031K6T3, STM32C031K6T6, STM32C031K6U3, STM32C031K6U6, STM32G071K8TXN, STM32G071K8UXN, STM32G081GBU6N, STM32G081KBT6N, STM32G081KBUXN, STM32G0B1CCT6N, STM32G0B1KCT6, STM32G0B1NEY6TR, STM32G0B1RCT6N, STM32G0C1CCT6, STM32G0C1CCT6N, STM32G0C1CCU6N, STM32G0C1CET6N, STM32G0C1CEU6N, STM32G0C1KCT6, STM32G0C1NEY6TR, STM32G0C1RCI6N, STM32G0C1RCT6N, STM32G0C1REI6N, STM32G0C1RET6N, STM32G0C1VCI6, STM32G0C1VEI6, STM32G471CCT6, STM32G471CCU6, STM32G471CET3, STM32G471CET6, STM32G471CEU3, STM32G471CEU6, STM32G471MCT6, STM32G471MET3, STM32G471MET6, STM32G471MEY6TR, STM32G471QCT6, STM32G471QET3, STM32G471RCT6, STM32G471RET3, STM32G471RET6, STM32G471VCH6, STM32G471VCI6, STM32G471VCT6, STM32G471VEH3, STM32G471VEH6, STM32G471VEI3, STM32G471VEI6, STM32G471VET3, STM32G471VET6, STM32G474CCT6, STM32H503CBT6, STM32H503CBU6, STM32H503EBY6TR, STM32H503KBU6, STM32H503RBT6, STM32H562AGI6, STM32H562AII6, STM32H562IGK6, STM32H562IGT6, STM32H562IIK6, STM32H562IIT6, STM32H562RGT6, STM32H562RGV6, STM32H562RIT6, STM32H562RIV6, STM32H562VGT6, STM32H562VIT6, STM32H562ZGT6, STM32H562ZIT6, STM32H563AGI6, STM32H563AII3Q, STM32H563AII6, STM32H563IGK6, STM32H563IGT6, STM32H563IIK3Q, STM32H563IIK6, STM32H563IIT3Q, STM32H563IIT6, STM32H563MIY3QTR, STM32H563RGT6, STM32H563RGV6, STM32H563RIT6, STM32H563RIV6, STM32H563VGT6, STM32H563VIT3Q, STM32H563VIT6, STM32H563ZGT6, STM32H563ZIT3Q, STM32H563ZIT6, STM32H573AII3Q, STM32H573AII6, STM32H573I-DK, STM32H573IIK3Q, STM32H573IIK6, STM32H573IIT3Q, STM32H573IIT6, STM32H573MIY3QTR, STM32H573RIT6, STM32H573RIV6, STM32H573VIT3Q, STM32H573VIT6, STM32H573ZIT3Q, STM32H573ZIT6, STM32L4R5QGI6STR, STM32MP131AAE3, STM32MP131AAF3, STM32MP131AAG3, STM32MP131CAE3, STM32MP131CAF3, STM32MP131CAG3, STM32MP131DAE7, STM32MP131DAF7, STM32MP131DAG7, STM32MP131FAE7, STM32MP131FAF7, STM32MP131FAG7, STM32MP133AAE3, STM32MP133AAF3, STM32MP133AAG3, STM32MP133CAE3, STM32MP133CAF3, STM32MP133CAG3, STM32MP133DAE7, STM32MP133DAF7, STM32MP133DAG7, STM32MP133FAE7, STM32MP133FAF7, STM32MP133FAG7, STM32MP135AAE3, STM32MP135AAF3, STM32MP135AAG3, STM32MP135CAE3, STM32MP135CAF3, STM32MP135CAG3, STM32MP135DAE7, STM32MP135DAF7, STM32MP135DAG7, STM32MP135F-DK, STM32MP135FAE7, STM32MP135FAF7, STM32MP135FAF7T, STM32MP135FAF7U, STM32MP135FAG7, STM32U535CBT6, STM32U535CBT6Q, STM32U535CBU6, STM32U535CBU6Q, STM32U535CCT6, STM32U535CCT6Q, STM32U535CCU6, STM32U535CCU6Q, STM32U535CET6, STM32U535CET6Q, STM32U535CEU6, STM32U535CEU6Q, STM32U535JEY6QTR, STM32U535NCY6QTR, STM32U535NEY6QTR, STM32U535RBI6, STM32U535RBI6Q, STM32U535RBT6, STM32U535RBT6Q, STM32U535RCI6, STM32U535RCI6Q, STM32U535RCT6, STM32U535RCT6Q, STM32U535REI6, STM32U535REI6Q, STM32U535RET6, STM32U535RET6Q, STM32U535VCI6, STM32U535VCI6Q, STM32U535VCT6, STM32U535VCT6Q, STM32U535VEI6, STM32U535VEI6Q, STM32U535VET6, STM32U535VET6Q, STM32U545CET6, STM32U545CET6Q, STM32U545CEU6, STM32U545CEU6Q, STM32U545JEY6QTR, STM32U545NEY6QTR, STM32U545REI6, STM32U545REI6Q, STM32U545RET6, STM32U545RET6Q, STM32U545VEI6, STM32U545VEI6Q, STM32U545VET6, STM32U545VET6Q, STM32U595AIH6, STM32U595AIH6Q, STM32U595AJH6, STM32U595AJH6Q, STM32U595QII6, STM32U595QII6Q, STM32U595QJI6, STM32U595QJI6Q, STM32U595RIT6, STM32U595RIT6Q, STM32U595RJT6, STM32U595RJT6Q, STM32U595VIT6, STM32U595VIT6Q, STM32U595VJT6, STM32U595VJT6Q, STM32U595ZIT6, STM32U595ZIT6Q, STM32U595ZIY6QTR, STM32U595ZJT6, STM32U595ZJT6Q, STM32U595ZJY6QTR, STM32U599BJY6QTR, STM32U599NIH6Q, STM32U599NJH6Q, STM32U599VIT6Q, STM32U599VJT6, STM32U599VJT6Q, STM32U599ZIT6Q, STM32U599ZIY6QTR, STM32U599ZJT6Q, STM32U599ZJY6QTR, STM32U5A5AJH6, STM32U5A5AJH6Q, STM32U5A5QJI6, STM32U5A5QJI6Q, STM32U5A5RJT6, STM32U5A5RJT6Q, STM32U5A5VJT6, STM32U5A5VJT6Q, STM32U5A5ZJT6, STM32U5A5ZJT6Q, STM32U5A5ZJY6QTR, STM32U5A9BJY6QTR, STM32U5A9J-DK, STM32U5A9NJH6Q, STM32U5A9VJT6Q, STM32U5A9ZJT6Q, STM32U5A9ZJY6QTR, STM32U5F7VIT6, STM32U5F7VIT6Q, STM32U5F7VJT6, STM32U5F7VJT6Q, STM32U5F9BJY6QTR, STM32U5F9NJH6Q, STM32U5F9VIT6Q, STM32U5F9VJT6Q, STM32U5F9ZIJ6QTR, STM32U5F9ZIT6Q, STM32U5F9ZJJ6QTR, STM32U5F9ZJT6Q, STM32U5G7VJT6, STM32U5G7VJT6Q, STM32U5G9BJY6QTR, STM32U5G9J-DK1, STM32U5G9J-DK2, STM32U5G9NJH6Q, STM32U5G9VJT6Q, STM32U5G9ZJJ6QTR, STM32U5G9ZJT6Q, STM32WB1MMCH6, STM32WBA52CEU6, STM32WBA52CEU6T, STM32WBA52CGU6, STM32WBA52CGU6T, STM32WBA52KEU6, STM32WBA52KEU6T, STM32WBA52KGU6, STM32WBA52KGU6T, STM32WL5MOCH6, STM32WL5MOCH6TR]
2023-08-19 17:43:05,841 [INFO] BoardInfo:880 - No configuration file found for board P-NUCLEO-WB55
2023-08-19 17:43:05,842 [INFO] DbBoards:157 - Kit is not supported: P-NUCLEO-WB55
2023-08-19 17:43:05,847 [INFO] BoardInfo:880 - No configuration file found for board STEVAL-BFA001V1B
2023-08-19 17:43:05,848 [INFO] DbBoards:157 - Kit is not supported: STEVAL-BFA001V1B
2023-08-19 17:43:05,849 [INFO] BoardInfo:880 - No configuration file found for board STEVAL-BFA001V2B
2023-08-19 17:43:05,849 [INFO] DbBoards:157 - Kit is not supported: STEVAL-BFA001V2B
2023-08-19 17:43:05,935 [INFO] DbBoards:161 - Found 190 boards, 187 are supported
2023-08-19 17:43:05,938 [INFO] ApiDb:668 - CubeFinder database Data Model version=2.1
2023-08-19 17:43:05,938 [INFO] ApiDb:669 - CubeFinder database Configuration version=3.0.37
2023-08-19 17:43:05,938 [INFO] ApiDb:670 - CubeFinder database generation date=2023-08-09 (1691586011)
2023-08-19 17:43:05,938 [INFO] ApiDb:671 - CubeFinder database FW Pack versions=[FP-ATR-ASTRA1_V2.0.0, FP-SNS-FLIGHT1_V5.0.1, FP-SNS-FLIGHT1_V5.0.2, FP-SNS-MOTENV1_V4.3.1, FP-SNS-MOTENV1_V4.3.2, STM32Cube_FW_C0_V1.1.0, STM32Cube_FW_F4_V1.27.1, STM32Cube_FW_F7_V1.17.0, STM32Cube_FW_G0_V1.6.1, STM32Cube_FW_G4_V1.5.1, STM32Cube_FW_H5_V0.5.1, STM32Cube_FW_H5_V1.1.0, STM32Cube_FW_H7_V1.11.0, STM32Cube_FW_L0_V1.12.2, STM32Cube_FW_L5_V1.5.0, STM32Cube_FW_U5_V1.3.0, STM32Cube_FW_U5_V1.3.0RC4, STM32Cube_FW_WBA_V1.0.0RC1, STM32Cube_FW_WBA_V1.1.0, STM32Cube_FW_WBA_V1.1.0RC1, STM32Cube_FW_WB_V1.15.0RC1, STM32Cube_FW_WB_V1.16.0, STM32Cube_FW_WB_V1.16.0RC2, STM32Cube_FW_WB_V1.17.0, STM32Cube_FW_WL_V1.3.0, X-CUBE-ALGOBUILD_V1.3.0, X-CUBE-ALS_V1.0.1, X-CUBE-AZRTOS-F4_V1.1.0, X-CUBE-AZRTOS-F7_V1.1.0, X-CUBE-AZRTOS-G0_V1.1.0, X-CUBE-AZRTOS-G4_V2.0.0, X-CUBE-AZRTOS-H7_V3.1.0, X-CUBE-AZRTOS-L4_V1.0.0, X-CUBE-AZRTOS-L4_V2.0.0, X-CUBE-AZRTOS-L5_V1.1.0, X-CUBE-AZRTOS-WB_V1.1.0, X-CUBE-AZRTOS-WL_V2.0.0, X-CUBE-BLE1_V7.0.0, X-CUBE-BLE2_V3.3.0, X-CUBE-BLEMGR_V2.0.0, X-CUBE-EEPRMA1_V4.1.0, X-CUBE-FREERTOS_V1.1.0, X-CUBE-GNSS1_V6.0.0, X-CUBE-MEMS1_V9.1.0, X-CUBE-MEMS1_V9.4.0, X-CUBE-MEMS1_V9.6.0, X-CUBE-NFC4_V3.0.0, X-CUBE-NFC7_V1.0.0, X-CUBE-SFXS2LP1_V4.0.0, X-CUBE-SUBG2_V5.0.0, X-CUBE-TOF1_V3.3.1]
2023-08-19 17:43:07,518 [INFO] ApiDb:240 - Found 323 in-development CPN: [B-G473E-ZEST1S, B-WB1M-WPAN1, B-WL5M-SUBG1, NUCLEO-C031C6, NUCLEO-H503RB, NUCLEO-H563ZI, NUCLEO-U545RE-Q, NUCLEO-U5A5ZJ-Q, NUCLEO-WBA52CG, STEVAL-PROTEUS1, STEVAL-SMARTAG2, STEVAL-STWINBX1, STM320518-EVAL, STM32C0116-DK, STM32C011D6Y3TR, STM32C011D6Y6TR, STM32C011F4P3, STM32C011F4P6, STM32C011F4U3, STM32C011F4U6TR, STM32C011F6P3, STM32C011F6P6, STM32C011F6U3, STM32C011F6U6TR, STM32C011J4M3, STM32C011J4M6, STM32C011J6M3, STM32C011J6M6, STM32C0316-DK, STM32C031C4T3, STM32C031C4T6, STM32C031C4U3, STM32C031C4U6, STM32C031C6T3, STM32C031C6T6, STM32C031C6U3, STM32C031C6U6, STM32C031F4P3, STM32C031F4P6, STM32C031F6P3, STM32C031F6P6, STM32C031G4U3, STM32C031G4U6, STM32C031G6U3, STM32C031G6U6, STM32C031K4T3, STM32C031K4T6, STM32C031K4U3, STM32C031K4U6, STM32C031K6T3, STM32C031K6T6, STM32C031K6U3, STM32C031K6U6, STM32G071K8TXN, STM32G071K8UXN, STM32G081GBU6N, STM32G081KBT6N, STM32G081KBUXN, STM32G0B1CCT6N, STM32G0B1KCT6, STM32G0B1NEY6TR, STM32G0B1RCT6N, STM32G0C1CCT6, STM32G0C1CCT6N, STM32G0C1CCU6N, STM32G0C1CET6N, STM32G0C1CEU6N, STM32G0C1KCT6, STM32G0C1NEY6TR, STM32G0C1RCI6N, STM32G0C1RCT6N, STM32G0C1REI6N, STM32G0C1RET6N, STM32G0C1VCI6, STM32G0C1VEI6, STM32G471CCT6, STM32G471CCU6, STM32G471CET3, STM32G471CET6, STM32G471CEU3, STM32G471CEU6, STM32G471MCT6, STM32G471MET3, STM32G471MET6, STM32G471MEY6TR, STM32G471QCT6, STM32G471QET3, STM32G471RCT6, STM32G471RET3, STM32G471RET6, STM32G471VCH6, STM32G471VCI6, STM32G471VCT6, STM32G471VEH3, STM32G471VEH6, STM32G471VEI3, STM32G471VEI6, STM32G471VET3, STM32G471VET6, STM32G474CCT6, STM32H503CBT6, STM32H503CBU6, STM32H503EBY6TR, STM32H503KBU6, STM32H503RBT6, STM32H562AGI6, STM32H562AII6, STM32H562IGK6, STM32H562IGT6, STM32H562IIK6, STM32H562IIT6, STM32H562RGT6, STM32H562RGV6, STM32H562RIT6, STM32H562RIV6, STM32H562VGT6, STM32H562VIT6, STM32H562ZGT6, STM32H562ZIT6, STM32H563AGI6, STM32H563AII3Q, STM32H563AII6, STM32H563IGK6, STM32H563IGT6, STM32H563IIK3Q, STM32H563IIK6, STM32H563IIT3Q, STM32H563IIT6, STM32H563MIY3QTR, STM32H563RGT6, STM32H563RGV6, STM32H563RIT6, STM32H563RIV6, STM32H563VGT6, STM32H563VIT3Q, STM32H563VIT6, STM32H563ZGT6, STM32H563ZIT3Q, STM32H563ZIT6, STM32H573AII3Q, STM32H573AII6, STM32H573I-DK, STM32H573IIK3Q, STM32H573IIK6, STM32H573IIT3Q, STM32H573IIT6, STM32H573MIY3QTR, STM32H573RIT6, STM32H573RIV6, STM32H573VIT3Q, STM32H573VIT6, STM32H573ZIT3Q, STM32H573ZIT6, STM32L4R5QGI6STR, STM32MP131AAE3, STM32MP131AAF3, STM32MP131AAG3, STM32MP131CAE3, STM32MP131CAF3, STM32MP131CAG3, STM32MP131DAE7, STM32MP131DAF7, STM32MP131DAG7, STM32MP131FAE7, STM32MP131FAF7, STM32MP131FAG7, STM32MP133AAE3, STM32MP133AAF3, STM32MP133AAG3, STM32MP133CAE3, STM32MP133CAF3, STM32MP133CAG3, STM32MP133DAE7, STM32MP133DAF7, STM32MP133DAG7, STM32MP133FAE7, STM32MP133FAF7, STM32MP133FAG7, STM32MP135AAE3, STM32MP135AAF3, STM32MP135AAG3, STM32MP135CAE3, STM32MP135CAF3, STM32MP135CAG3, STM32MP135DAE7, STM32MP135DAF7, STM32MP135DAG7, STM32MP135F-DK, STM32MP135FAE7, STM32MP135FAF7, STM32MP135FAF7T, STM32MP135FAF7U, STM32MP135FAG7, STM32U535CBT6, STM32U535CBT6Q, STM32U535CBU6, STM32U535CBU6Q, STM32U535CCT6, STM32U535CCT6Q, STM32U535CCU6, STM32U535CCU6Q, STM32U535CET6, STM32U535CET6Q, STM32U535CEU6, STM32U535CEU6Q, STM32U535JEY6QTR, STM32U535NCY6QTR, STM32U535NEY6QTR, STM32U535RBI6, STM32U535RBI6Q, STM32U535RBT6, STM32U535RBT6Q, STM32U535RCI6, STM32U535RCI6Q, STM32U535RCT6, STM32U535RCT6Q, STM32U535REI6, STM32U535REI6Q, STM32U535RET6, STM32U535RET6Q, STM32U535VCI6, STM32U535VCI6Q, STM32U535VCT6, STM32U535VCT6Q, STM32U535VEI6, STM32U535VEI6Q, STM32U535VET6, STM32U535VET6Q, STM32U545CET6, STM32U545CET6Q, STM32U545CEU6, STM32U545CEU6Q, STM32U545JEY6QTR, STM32U545NEY6QTR, STM32U545REI6, STM32U545REI6Q, STM32U545RET6, STM32U545RET6Q, STM32U545VEI6, STM32U545VEI6Q, STM32U545VET6, STM32U545VET6Q, STM32U595AIH6, STM32U595AIH6Q, STM32U595AJH6, STM32U595AJH6Q, STM32U595QII6, STM32U595QII6Q, STM32U595QJI6, STM32U595QJI6Q, STM32U595RIT6, STM32U595RIT6Q, STM32U595RJT6, STM32U595RJT6Q, STM32U595VIT6, STM32U595VIT6Q, STM32U595VJT6, STM32U595VJT6Q, STM32U595ZIT6, STM32U595ZIT6Q, STM32U595ZIY6QTR, STM32U595ZJT6, STM32U595ZJT6Q, STM32U595ZJY6QTR, STM32U599BJY6QTR, STM32U599NIH6Q, STM32U599NJH6Q, STM32U599VIT6Q, STM32U599VJT6, STM32U599VJT6Q, STM32U599ZIT6Q, STM32U599ZIY6QTR, STM32U599ZJT6Q, STM32U599ZJY6QTR, STM32U5A5AJH6, STM32U5A5AJH6Q, STM32U5A5QJI6, STM32U5A5QJI6Q, STM32U5A5RJT6, STM32U5A5RJT6Q, STM32U5A5VJT6, STM32U5A5VJT6Q, STM32U5A5ZJT6, STM32U5A5ZJT6Q, STM32U5A5ZJY6QTR, STM32U5A9BJY6QTR, STM32U5A9J-DK, STM32U5A9NJH6Q, STM32U5A9VJT6Q, STM32U5A9ZJT6Q, STM32U5A9ZJY6QTR, STM32U5F7VIT6, STM32U5F7VIT6Q, STM32U5F7VJT6, STM32U5F7VJT6Q, STM32U5F9BJY6QTR, STM32U5F9NJH6Q, STM32U5F9VIT6Q, STM32U5F9VJT6Q, STM32U5F9ZIJ6QTR, STM32U5F9ZIT6Q, STM32U5F9ZJJ6QTR, STM32U5F9ZJT6Q, STM32U5G7VJT6, STM32U5G7VJT6Q, STM32U5G9BJY6QTR, STM32U5G9J-DK1, STM32U5G9J-DK2, STM32U5G9NJH6Q, STM32U5G9VJT6Q, STM32U5G9ZJJ6QTR, STM32U5G9ZJT6Q, STM32WB1MMCH6, STM32WBA52CEU6, STM32WBA52CEU6T, STM32WBA52CGU6, STM32WBA52CGU6T, STM32WBA52KEU6, STM32WBA52KEU6T, STM32WBA52KGU6, STM32WBA52KGU6T, STM32WL5MOCH6, STM32WL5MOCH6TR]
2023-08-19 17:43:07,521 [INFO] DbMcus:217 - Found 3848 MCUs, 3848 are supported
2023-08-19 17:43:07,521 [INFO] ApiDb:423 - Load user favorites file C:\Users\work/.stm32cubeide/favorites.mcus.txt: 0 item(s)
2023-08-19 17:43:07,521 [INFO] ApiDb:427 - User favorites MCUs=[]
2023-08-19 17:43:07,521 [INFO] DbMcus:223 - Set 0 / 0 favorites MCUs
2023-08-19 17:43:07,776 [INFO] ApiDb:423 - Load user favorites file C:\Users\work/.stm32cubeide/favorites.boards.txt: 2 item(s)
2023-08-19 17:43:07,776 [INFO] ApiDb:427 - User favorites Boards=[NUCLEO-F446RE, NUCLEO-G431KB]
2023-08-19 17:43:07,777 [INFO] DbBoards:190 - Set 2 / 2 favorites Boards
2023-08-19 17:43:07,777 [INFO] McuFinderGlobals:76 - Set McuFinderConnectedMode to true
2023-08-19 17:43:07,785 [INFO] MultiScanPanel:200 - Auto-refresh data requested => check proxy status ongoing
2023-08-19 17:43:07,788 [INFO] FinderPluginLoader:95 - Searching for filters in installed packs
2023-08-19 17:43:08,866 [INFO] LoadUrlFilesThread:185 - End of LoadServerUrlFiles without Thread
2023-08-19 17:43:08,876 [INFO] DetailPanel:341 - Set advertising image to C:/Users/work/STM32Cube/Repository/\en.prom-stm32h5-mcu-finder.jpg
2023-08-19 17:44:05,157 [INFO] MultiScanPanel:200 - Auto-refresh data requested => check proxy status ongoing
2023-08-19 17:44:05,263 [INFO] LoadUrlFilesThread:185 - End of LoadServerUrlFiles without Thread
2023-08-19 17:44:05,263 [INFO] DetailPanel:341 - Set advertising image to C:/Users/work/STM32Cube/Repository/\en.prom-stm32h5-mcu-finder.jpg
2023-08-19 17:44:05,276 [INFO] DbBoards:634 - Loading board mini-images...
2023-08-19 17:44:08,042 [ERROR] DbBoards:651 - Image file not found for board STM32U5G9J-DK1: C:\Users\work\.stmcufinder\plugins\mcufinder//mcu//boards_images/STM32U5G9J-DK1.jpg
2023-08-19 17:44:08,042 [ERROR] DbBoards:651 - Image file not found for board STM32U5G9J-DK2: C:\Users\work\.stmcufinder\plugins\mcufinder//mcu//boards_images/STM32U5G9J-DK2.jpg
2023-08-19 17:44:08,065 [INFO] DbBoards:657 - Loaded 188 board mini-images
2023-08-19 17:44:27,327 [INFO] McuFinderGlobals:76 - Set McuFinderConnectedMode to true
2023-08-19 17:44:27,329 [INFO] ApiDb:448 - Save user favorites file C:\Users\work/.stm32cubeide/favorites.mcus.txt: 0 item(s)
2023-08-19 17:44:27,329 [INFO] ApiDb:452 - User favorites MCUs=[]
2023-08-19 17:44:27,331 [INFO] ApiDb:448 - Save user favorites file C:\Users\work/.stm32cubeide/favorites.boards.txt: 2 item(s)
2023-08-19 17:44:27,331 [INFO] ApiDb:452 - User favorites Boards=[NUCLEO-F446RE, NUCLEO-G431KB]
