2023-09-13 18:50:22,639 [INFO] Activator:176 - 


2023-09-13 18:50:22,643 [INFO] Activator:177 - !SESSION log4j initialized
2023-09-13 18:50:27,704 [INFO] LogOutputStream:77 - [STDOUT_REDIRECT] 
2023-09-13 18:50:29,513 [INFO] ApplicationProperties:184 - Using Application install path: C:\ST\STM32CubeIDE_1.13.1\STM32CubeIDE\plugins\com.st.stm32cube.common.mx_6.9.1.202307191849
2023-09-13 18:50:29,531 [INFO] DbMcusXml:78 - Set database path to: C:\ST\STM32CubeIDE_1.13.1\STM32CubeIDE\plugins\com.st.stm32cube.common.mx_6.9.1.202307191849\\db\/mcu/
2023-09-13 18:50:29,532 [INFO] ApiDb:274 - Set plugin database path to: C:\ST\STM32CubeIDE_1.13.1\STM32CubeIDE\plugins\com.st.stm32cube.common.mx_6.9.1.202307191849\\db\/plugins/boardmanager/
2023-09-13 18:50:29,532 [WARN] ApiDb:259 - Overriding images path with different value:  => C:\ST\STM32CubeIDE_1.13.1\STM32CubeIDE\plugins\com.st.stm32cube.common.mx_6.9.1.202307191849\\db\/plugins/mcufinder/images/
2023-09-13 18:50:29,543 [INFO] ApiDb:250 - Set database path to: C:\Users\work\.stmcufinder\plugins\mcufinder//mcu/
2023-09-13 18:50:29,545 [INFO] DbMcusAds:125 - Set database path to: C:\Users\work\.stmcufinder\plugins\mcufinder//mcu/
2023-09-13 18:50:29,547 [INFO] CrossReferenceDbSqlite:203 - Set database path to: C:\Users\work\.stmcufinder\plugins\mcufinder//mcu/cs/
2023-09-13 18:50:29,664 [INFO] RulesReader:64 - Compatibility file has been processed (293 Rules)
2023-09-13 18:50:29,749 [INFO] DbMcusXml:78 - Set database path to: C:\ST\STM32CubeIDE_1.13.1\STM32CubeIDE\plugins\com.st.stm32cube.common.mx_6.9.1.202307191849\\db\/mcu/
2023-09-13 18:50:29,750 [INFO] ApiDb:274 - Set plugin database path to: C:\ST\STM32CubeIDE_1.13.1\STM32CubeIDE\plugins\com.st.stm32cube.common.mx_6.9.1.202307191849\\db\/plugins/boardmanager/
2023-09-13 18:50:29,750 [INFO] ApiDb:261 - Set plugin images path to: C:\ST\STM32CubeIDE_1.13.1\STM32CubeIDE\plugins\com.st.stm32cube.common.mx_6.9.1.202307191849\\db\/plugins/mcufinder/images/
2023-09-13 18:50:29,750 [WARN] DbFile:41 - Overriding database path with different value: C:\Users\work\.stmcufinder\plugins\mcufinder/ => C:\Users\work\.stmcufinder\plugins\mcufinder
2023-09-13 18:50:29,752 [INFO] ApiDb:250 - Set database path to: C:\Users\work\.stmcufinder\plugins\mcufinder//mcu/
2023-09-13 18:50:29,752 [WARN] DbFile:41 - Overriding database path with different value: C:\Users\work\.stmcufinder\plugins\mcufinder/ => C:\Users\work\.stmcufinder\plugins\mcufinder
2023-09-13 18:50:29,752 [INFO] DbMcusAds:125 - Set database path to: C:\Users\work\.stmcufinder\plugins\mcufinder//mcu/
2023-09-13 18:50:29,752 [WARN] DbFile:41 - Overriding database path with different value: C:\Users\work\.stmcufinder\plugins\mcufinder/ => C:\Users\work\.stmcufinder\plugins\mcufinder
2023-09-13 18:50:29,752 [WARN] DbFile:41 - Overriding database path with different value: C:\Users\work\.stmcufinder\plugins\mcufinder/ => C:\Users\work\.stmcufinder\plugins\mcufinder
2023-09-13 18:50:29,752 [INFO] CrossReferenceDbSqlite:203 - Set database path to: C:\Users\work\.stmcufinder\plugins\mcufinder//mcu/cs/
2023-09-13 18:50:29,842 [INFO] MainPanel:262 - HeapMemory: 268435456
2023-09-13 18:50:29,939 [INFO] DbMcusXml:78 - Set database path to: C:\ST\STM32CubeIDE_1.13.1\STM32CubeIDE\plugins\com.st.stm32cube.common.mx_6.9.1.202307191849\\db\/mcu/
2023-09-13 18:50:29,939 [INFO] ApiDb:274 - Set plugin database path to: C:\ST\STM32CubeIDE_1.13.1\STM32CubeIDE\plugins\com.st.stm32cube.common.mx_6.9.1.202307191849\\db\/plugins/boardmanager/
2023-09-13 18:50:29,939 [INFO] ApiDb:261 - Set plugin images path to: C:\ST\STM32CubeIDE_1.13.1\STM32CubeIDE\plugins\com.st.stm32cube.common.mx_6.9.1.202307191849\\db\/plugins/mcufinder/images/
2023-09-13 18:50:29,940 [WARN] DbFile:41 - Overriding database path with different value: C:\Users\work\.stmcufinder\plugins\mcufinder/ => C:\Users\work\.stmcufinder\plugins\mcufinder
2023-09-13 18:50:29,940 [INFO] ApiDb:250 - Set database path to: C:\Users\work\.stmcufinder\plugins\mcufinder//mcu/
2023-09-13 18:50:29,940 [WARN] DbFile:41 - Overriding database path with different value: C:\Users\work\.stmcufinder\plugins\mcufinder/ => C:\Users\work\.stmcufinder\plugins\mcufinder
2023-09-13 18:50:29,941 [INFO] DbMcusAds:125 - Set database path to: C:\Users\work\.stmcufinder\plugins\mcufinder//mcu/
2023-09-13 18:50:29,941 [WARN] DbFile:41 - Overriding database path with different value: C:\Users\work\.stmcufinder\plugins\mcufinder/ => C:\Users\work\.stmcufinder\plugins\mcufinder
2023-09-13 18:50:29,941 [WARN] DbFile:41 - Overriding database path with different value: C:\Users\work\.stmcufinder\plugins\mcufinder/ => C:\Users\work\.stmcufinder\plugins\mcufinder
2023-09-13 18:50:29,941 [INFO] CrossReferenceDbSqlite:203 - Set database path to: C:\Users\work\.stmcufinder\plugins\mcufinder//mcu/cs/
2023-09-13 18:50:29,963 [INFO] ApplicationProperties:184 - Using Application install path: C:\ST\STM32CubeIDE_1.13.1\STM32CubeIDE\plugins\com.st.stm32cube.common.mx_6.9.1.202307191849
2023-09-13 18:50:29,964 [INFO] PluginManage:196 - Search for loadable plugins [exclusion list=, ]
2023-09-13 18:50:29,964 [INFO] PluginManage:310 - Check plugin analytics
2023-09-13 18:50:30,101 [INFO] AnalyticsPlugin:253 - Accepted Software Licenses: 
2023-09-13 18:50:30,101 [INFO] AnalyticsPlugin:255 - Accepted CMSIS Pack Licenses: STMicroelectronics.X-CUBE-TOUCHGFX.4.21.0
2023-09-13 18:50:30,101 [INFO] AnalyticsPlugin:257 - Accepted Firmware Licenses: FW.F4.1.27.0,FW.MP1.1.6.0,FW.F7.1.17.0,FW.G4.1.5.0,FW.H7.1.10.0
2023-09-13 18:50:30,103 [INFO] PluginManage:359 - Loaded plugin analytics (category:tool,tabindex:-1)
2023-09-13 18:50:30,103 [INFO] PluginManage:310 - Check plugin cadmodel
2023-09-13 18:50:30,107 [INFO] CADModel:105 - Init CAD model plugin
2023-09-13 18:50:30,107 [INFO] PluginManage:359 - Loaded plugin cadmodel (category:power,tabindex:5)
2023-09-13 18:50:30,107 [INFO] PluginManage:310 - Check plugin clock
2023-09-13 18:50:30,116 [INFO] PluginManage:359 - Loaded plugin clock (category:base,tabindex:2)
2023-09-13 18:50:30,116 [INFO] PluginManage:310 - Check plugin ddr
2023-09-13 18:50:30,118 [INFO] PluginManage:359 - Loaded plugin ddr (category:tool,tabindex:6)
2023-09-13 18:50:30,119 [INFO] PluginManage:310 - Check plugin filemanager
2023-09-13 18:50:30,244 [INFO] PluginManage:359 - Loaded plugin filemanager (category:base,tabindex:10)
2023-09-13 18:50:30,244 [INFO] PluginManage:310 - Check plugin ipmanager
2023-09-13 18:50:30,251 [INFO] PluginManage:359 - Loaded plugin ipmanager (category:base,tabindex:5)
2023-09-13 18:50:30,251 [INFO] PluginManage:310 - Check plugin lpbam
2023-09-13 18:50:30,260 [INFO] PluginManage:359 - Loaded plugin lpbam (category:base,tabindex:0)
2023-09-13 18:50:30,260 [INFO] PluginManage:310 - Check plugin memorymap
2023-09-13 18:50:30,271 [INFO] PluginManage:359 - Loaded plugin memorymap (category:base,tabindex:4)
2023-09-13 18:50:30,271 [INFO] PluginManage:310 - Check plugin pinoutandconfiguration
2023-09-13 18:50:30,278 [INFO] PluginManage:359 - Loaded plugin pinoutandconfiguration (category:base,tabindex:1)
2023-09-13 18:50:30,278 [INFO] PluginManage:310 - Check plugin pinoutconfig
2023-09-13 18:50:30,369 [WARN] SupportedApi:132 - Cannot load RTOS API schema: s4s-elt-must-match.1: The content of 'definitions' must match (annotation?, (simpleType | complexType)?, (unique | key | keyref)*)). A problem was found starting at: attribute.
2023-09-13 18:50:30,505 [INFO] PluginManage:359 - Loaded plugin pinoutconfig (category:base,tabindex:0)
2023-09-13 18:50:30,505 [INFO] PluginManage:310 - Check plugin power
2023-09-13 18:50:30,512 [INFO] PluginManage:359 - Loaded plugin power (category:power,tabindex:4)
2023-09-13 18:50:30,512 [INFO] PluginManage:310 - Check plugin projectmanager
2023-09-13 18:50:30,527 [INFO] PluginManage:359 - Loaded plugin projectmanager (category:projectmanager,tabindex:3)
2023-09-13 18:50:30,527 [INFO] PluginManage:310 - Check plugin thirdparty
2023-09-13 18:50:30,625 [INFO] PluginManage:359 - Loaded plugin thirdparty (category:base,tabindex:-1)
2023-09-13 18:50:30,625 [WARN] IntegrityCheckThread:84 - waiting for thirdparty lock release [integrity check]
2023-09-13 18:50:30,625 [INFO] PluginManage:310 - Check plugin tools
2023-09-13 18:50:30,625 [INFO] IntegrityCheckThread:86 - entering critical section [integrity check]
2023-09-13 18:50:30,626 [INFO] ThirdPartyUpdaterWithRetryManager:70 - Updater plugin not ready yet. [1/15]
2023-09-13 18:50:30,628 [INFO] PluginManage:359 - Loaded plugin tools (category:base,tabindex:7)
2023-09-13 18:50:30,628 [INFO] PluginManage:310 - Check plugin tutovideos
2023-09-13 18:50:30,798 [INFO] PluginManage:359 - Loaded plugin tutovideos (category:base,tabindex:-1)
2023-09-13 18:50:30,798 [INFO] PluginManage:310 - Check plugin updater
2023-09-13 18:50:30,808 [INFO] PluginManage:359 - Loaded plugin updater (category:base,tabindex:12)
2023-09-13 18:50:30,808 [INFO] PluginManage:310 - Check plugin userauth
2023-09-13 18:50:30,813 [INFO] UserAuth:113 - Init User Auth plugin
2023-09-13 18:50:30,813 [INFO] PluginManage:359 - Loaded plugin userauth (category:base,tabindex:14)
2023-09-13 18:50:30,814 [INFO] PluginManage:283 - PluginManage : Loaded plugins [17]
2023-09-13 18:50:30,979 [INFO] PinOutPanel:1499 - setPackage(No Configuration,No Configuration)
2023-09-13 18:50:31,071 [INFO] CADModel:165 - CPN selected for project level
2023-09-13 18:50:31,072 [INFO] CADModel:114 - Register for checkConnection events
2023-09-13 18:50:31,085 [INFO] IPUIPlugin:80 - create IPUIPlugin
2023-09-13 18:50:31,085 [INFO] PluginManager:220 - loadIPPluginJar : add adc
2023-09-13 18:50:31,087 [INFO] IPUIPlugin:80 - create IPUIPlugin
2023-09-13 18:50:31,087 [INFO] PluginManager:220 - loadIPPluginJar : add aes
2023-09-13 18:50:31,088 [INFO] IPUIPlugin:80 - create IPUIPlugin
2023-09-13 18:50:31,088 [INFO] PluginManager:220 - loadIPPluginJar : add can
2023-09-13 18:50:31,089 [INFO] IPUIPlugin:80 - create IPUIPlugin
2023-09-13 18:50:31,089 [INFO] PluginManager:220 - loadIPPluginJar : add comp
2023-09-13 18:50:31,092 [INFO] IPUIPlugin:80 - create IPUIPlugin
2023-09-13 18:50:31,092 [INFO] PluginManager:220 - loadIPPluginJar : add cryp
2023-09-13 18:50:31,093 [INFO] IPUIPlugin:80 - create IPUIPlugin
2023-09-13 18:50:31,093 [INFO] PluginManager:220 - loadIPPluginJar : add dfsdm
2023-09-13 18:50:31,098 [INFO] IPUIPlugin:80 - create IPUIPlugin
2023-09-13 18:50:31,098 [INFO] PluginManager:220 - loadIPPluginJar : add dma
2023-09-13 18:50:31,100 [INFO] IPUIPlugin:80 - create IPUIPlugin
2023-09-13 18:50:31,100 [INFO] PluginManager:220 - loadIPPluginJar : add dma3
2023-09-13 18:50:31,102 [INFO] IPUIPlugin:80 - create IPUIPlugin
2023-09-13 18:50:31,102 [INFO] PluginManager:220 - loadIPPluginJar : add fatfs
2023-09-13 18:50:31,106 [INFO] IPUIPlugin:80 - create IPUIPlugin
2023-09-13 18:50:31,106 [INFO] PluginManager:220 - loadIPPluginJar : add fmc
2023-09-13 18:50:31,110 [INFO] IPUIPlugin:80 - create IPUIPlugin
2023-09-13 18:50:31,110 [INFO] PluginManager:220 - loadIPPluginJar : add freertos
2023-09-13 18:50:31,111 [INFO] IPUIPlugin:80 - create IPUIPlugin
2023-09-13 18:50:31,111 [INFO] PluginManager:220 - loadIPPluginJar : add genericplugin
2023-09-13 18:50:31,113 [INFO] IPUIPlugin:80 - create IPUIPlugin
2023-09-13 18:50:31,113 [INFO] PluginManager:220 - loadIPPluginJar : add gfxmmu
2023-09-13 18:50:31,116 [INFO] IPUIPlugin:80 - create IPUIPlugin
2023-09-13 18:50:31,116 [INFO] PluginManager:220 - loadIPPluginJar : add gic
2023-09-13 18:50:31,119 [INFO] IPUIPlugin:80 - create IPUIPlugin
2023-09-13 18:50:31,119 [INFO] PluginManager:220 - loadIPPluginJar : add gpio
2023-09-13 18:50:31,121 [INFO] IPUIPlugin:80 - create IPUIPlugin
2023-09-13 18:50:31,121 [INFO] PluginManager:220 - loadIPPluginJar : add gtzc
2023-09-13 18:50:31,122 [INFO] IPUIPlugin:80 - create IPUIPlugin
2023-09-13 18:50:31,122 [INFO] PluginManager:220 - loadIPPluginJar : add hash
2023-09-13 18:50:31,124 [INFO] IPUIPlugin:80 - create IPUIPlugin
2023-09-13 18:50:31,124 [INFO] PluginManager:220 - loadIPPluginJar : add i2c
2023-09-13 18:50:31,126 [INFO] IPUIPlugin:80 - create IPUIPlugin
2023-09-13 18:50:31,126 [INFO] PluginManager:220 - loadIPPluginJar : add i2s
2023-09-13 18:50:31,128 [INFO] IPUIPlugin:80 - create IPUIPlugin
2023-09-13 18:50:31,128 [INFO] PluginManager:220 - loadIPPluginJar : add i3c
2023-09-13 18:50:31,130 [INFO] IPUIPlugin:80 - create IPUIPlugin
2023-09-13 18:50:31,130 [INFO] PluginManager:220 - loadIPPluginJar : add ipddr
2023-09-13 18:50:31,135 [INFO] IPUIPlugin:80 - create IPUIPlugin
2023-09-13 18:50:31,135 [INFO] PluginManager:220 - loadIPPluginJar : add linkedlist
2023-09-13 18:50:31,137 [INFO] IPUIPlugin:80 - create IPUIPlugin
2023-09-13 18:50:31,137 [INFO] PluginManager:220 - loadIPPluginJar : add lorawan
2023-09-13 18:50:31,138 [INFO] IPUIPlugin:80 - create IPUIPlugin
2023-09-13 18:50:31,138 [INFO] PluginManager:220 - loadIPPluginJar : add ltdc
2023-09-13 18:50:31,142 [INFO] IPUIPlugin:80 - create IPUIPlugin
2023-09-13 18:50:31,143 [INFO] PluginManager:220 - loadIPPluginJar : add mdma
2023-09-13 18:50:31,145 [INFO] IPUIPlugin:80 - create IPUIPlugin
2023-09-13 18:50:31,145 [INFO] PluginManager:220 - loadIPPluginJar : add nvic
2023-09-13 18:50:31,147 [INFO] IPUIPlugin:80 - create IPUIPlugin
2023-09-13 18:50:31,148 [INFO] PluginManager:220 - loadIPPluginJar : add opamp
2023-09-13 18:50:31,149 [INFO] IPUIPlugin:80 - create IPUIPlugin
2023-09-13 18:50:31,150 [INFO] PluginManager:220 - loadIPPluginJar : add openamp
2023-09-13 18:50:31,151 [INFO] IPUIPlugin:80 - create IPUIPlugin
2023-09-13 18:50:31,151 [INFO] PluginManager:220 - loadIPPluginJar : add pdm2pcm
2023-09-13 18:50:31,156 [INFO] IPUIPlugin:80 - create IPUIPlugin
2023-09-13 18:50:31,158 [INFO] PluginManager:220 - loadIPPluginJar : add plateformsettings
2023-09-13 18:50:31,159 [INFO] IPUIPlugin:80 - create IPUIPlugin
2023-09-13 18:50:31,159 [INFO] PluginManager:220 - loadIPPluginJar : add quadspi
2023-09-13 18:50:31,162 [INFO] IPUIPlugin:80 - create IPUIPlugin
2023-09-13 18:50:31,162 [INFO] PluginManager:220 - loadIPPluginJar : add resmgrutility
2023-09-13 18:50:31,164 [INFO] IPUIPlugin:80 - create IPUIPlugin
2023-09-13 18:50:31,164 [INFO] PluginManager:220 - loadIPPluginJar : add sai
2023-09-13 18:50:31,166 [INFO] IPUIPlugin:80 - create IPUIPlugin
2023-09-13 18:50:31,166 [INFO] PluginManager:220 - loadIPPluginJar : add spi
2023-09-13 18:50:31,170 [INFO] IPUIPlugin:80 - create IPUIPlugin
2023-09-13 18:50:31,170 [INFO] PluginManager:220 - loadIPPluginJar : add stm32_wpan
2023-09-13 18:50:31,171 [INFO] IPUIPlugin:80 - create IPUIPlugin
2023-09-13 18:50:31,172 [INFO] PluginManager:220 - loadIPPluginJar : add tim
2023-09-13 18:50:31,174 [INFO] IPUIPlugin:80 - create IPUIPlugin
2023-09-13 18:50:31,174 [INFO] PluginManager:220 - loadIPPluginJar : add touchsensing
2023-09-13 18:50:31,175 [INFO] IPUIPlugin:80 - create IPUIPlugin
2023-09-13 18:50:31,175 [INFO] PluginManager:220 - loadIPPluginJar : add tracer_emb
2023-09-13 18:50:31,176 [INFO] IPUIPlugin:80 - create IPUIPlugin
2023-09-13 18:50:31,177 [INFO] PluginManager:220 - loadIPPluginJar : add ts
2023-09-13 18:50:31,177 [INFO] IPUIPlugin:80 - create IPUIPlugin
2023-09-13 18:50:31,177 [INFO] PluginManager:220 - loadIPPluginJar : add tsc
2023-09-13 18:50:31,178 [INFO] IPUIPlugin:80 - create IPUIPlugin
2023-09-13 18:50:31,179 [INFO] PluginManager:220 - loadIPPluginJar : add ucpd
2023-09-13 18:50:31,180 [INFO] IPUIPlugin:80 - create IPUIPlugin
2023-09-13 18:50:31,180 [INFO] PluginManager:220 - loadIPPluginJar : add usart
2023-09-13 18:50:31,182 [INFO] IPUIPlugin:80 - create IPUIPlugin
2023-09-13 18:50:31,182 [INFO] PluginManager:220 - loadIPPluginJar : add usbx
2023-09-13 18:50:31,294 [INFO] CADModel:165 - CPN selected for project level
2023-09-13 18:50:31,294 [INFO] CADModel:114 - Register for checkConnection events
2023-09-13 18:50:31,294 [FATAL] Updater:308 - Updater called before beeing initialized
2023-09-13 18:50:31,294 [ERROR] CADModel:125 - Updater not yet initialized, retry later 
2023-09-13 18:50:31,396 [INFO] CADModel:165 - CPN selected for project level
2023-09-13 18:50:31,396 [INFO] CADModel:114 - Register for checkConnection events
2023-09-13 18:50:31,396 [FATAL] Updater:308 - Updater called before beeing initialized
2023-09-13 18:50:31,396 [ERROR] CADModel:125 - Updater not yet initialized, retry later 
2023-09-13 18:50:31,400 [FATAL] Updater:308 - Updater called before beeing initialized
2023-09-13 18:50:31,486 [FATAL] Updater:308 - Updater called before beeing initialized
2023-09-13 18:50:31,490 [INFO] DbMcusAds:53 - JSON generation date=Tue Mar 07 14:20:55 IST 2023 (1678179055114)
2023-09-13 18:50:31,491 [FATAL] Updater:308 - Updater called before beeing initialized
2023-09-13 18:50:31,519 [WARN] DetailPanel:346 - Failed to get advertising image, set to default
2023-09-13 18:50:31,604 [FATAL] Updater:308 - Updater called before beeing initialized
2023-09-13 18:50:31,606 [FATAL] Updater:308 - Updater called before beeing initialized
2023-09-13 18:50:31,606 [FATAL] Updater:308 - Updater called before beeing initialized
2023-09-13 18:50:31,606 [WARN] DetailPanel:346 - Failed to get advertising image, set to default
2023-09-13 18:50:31,607 [FATAL] Updater:308 - Updater called before beeing initialized
2023-09-13 18:50:31,642 [ERROR] Updater:1120 - MainUpdater not yet initialized. External WinMGr cannot be set.
2023-09-13 18:50:31,644 [INFO] Updater:1056 - Updater Version found : 6.9.1
2023-09-13 18:50:31,659 [INFO] ApplicationProperties:184 - Using Application install path: C:\ST\STM32CubeIDE_1.13.1\STM32CubeIDE\plugins\com.st.stm32cube.common.mx_6.9.1.202307191849
2023-09-13 18:50:31,760 [INFO] MainUpdater:2868 - connection check result : 10
2023-09-13 18:50:31,761 [INFO] MainUpdater:285 - Updater Check For Update Now.
2023-09-13 18:50:31,761 [INFO] MicroXplorer:498 - Change Database Version : DB.6.0.91
2023-09-13 18:50:31,767 [INFO] McuFinderGlobals:63 - Set McuFinder mode to 2 (CubeIDE integrated)
2023-09-13 18:50:31,767 [INFO] UserAuth:179 - activating auth plugin
2023-09-13 18:50:31,769 [INFO] UserAuth:393 - Internet connection configuration mode: 1
2023-09-13 18:50:31,781 [INFO] JxBrowserEngine:151 - Initiate JxBrowser Engine with user profile folder
2023-09-13 18:50:31,922 [INFO] CheckServerUpdateThread:120 - End of CheckServer Thread
2023-09-13 18:50:32,231 [INFO] WebApp:157 - Instantiating new browser for Auth
2023-09-13 18:50:32,744 [INFO] WebApp:753 - Register for checkConnection events
2023-09-13 18:50:32,744 [INFO] WebApp:390 - Apply proxy settings
2023-09-13 18:50:32,744 [INFO] WebApp:475 - Chromium requires no authentication
2023-09-13 18:50:32,751 [INFO] WebApp:418 - Direct internet connection detected
2023-09-13 18:50:32,892 [INFO] WebApp:188 - Starting web application
2023-09-13 18:50:32,892 [INFO] WebApp:520 - Web application path used C:\ST\STM32CubeIDE_1.13.1\STM32CubeIDE\plugins\com.st.stm32cube.common.mx_6.9.1.202307191849\db\plugins\mcufinder\reactClient1\index.html
2023-09-13 18:50:33,779 [WARN] PackLoader:240 - Cannot read IP mode file for STMicroelectronics.X-CUBE-SMBUS.2.1.0
2023-09-13 18:50:33,806 [WARN] PackLoader:240 - Cannot read IP mode file for STMicroelectronics.X-CUBE-AZRTOS-F7.1.1.0
2023-09-13 18:50:33,814 [ERROR] RealEvaluatedCondition:428 - Found unsupported composite condition: CLASS='Data Exchange' GROUP='STM32_MetaDataManager'
2023-09-13 18:50:33,814 [ERROR] RealEvaluatedCondition:428 - Found unsupported composite condition: CLASS='Data Exchange' GROUP='STM32_MetaDataManager'
2023-09-13 18:50:33,817 [WARN] PackLoader:240 - Cannot read IP mode file for STMicroelectronics.FP-SNS-MOTENV1.4.3.0
2023-09-13 18:50:33,823 [WARN] PackLoader:240 - Cannot read IP mode file for STMicroelectronics.FP-SNS-MOTENV1.4.3.2
2023-09-13 18:50:33,830 [WARN] PackLoader:240 - Cannot read IP mode file for STMicroelectronics.FP-SNS-FLIGHT1.5.0.0
2023-09-13 18:50:33,833 [ERROR] RealEvaluatedCondition:428 - Found unsupported composite condition: CLASS='Data Exchange' GROUP='STM32_MetaDataManager'
2023-09-13 18:50:33,833 [ERROR] RealEvaluatedCondition:428 - Found unsupported composite condition: GROUP='STM32_MetaDataManager' CLASS='Data Exchange'
2023-09-13 18:50:33,834 [WARN] PackLoader:240 - Cannot read IP mode file for STMicroelectronics.FP-SNS-MOTENV1.4.3.1
2023-09-13 18:50:33,839 [WARN] PackLoader:240 - Cannot read IP mode file for STMicroelectronics.FP-SNS-FLIGHT1.5.0.1
2023-09-13 18:50:33,845 [WARN] PackLoader:240 - Cannot read IP mode file for STMicroelectronics.X-CUBE-BLE1.6.2.3
2023-09-13 18:50:33,849 [WARN] PackLoader:240 - Cannot read IP mode file for STMicroelectronics.X-CUBE-BLE1.6.2.4
2023-09-13 18:50:33,853 [WARN] PackLoader:240 - Cannot read IP mode file for STMicroelectronics.FP-SNS-FLIGHT1.5.0.2
2023-09-13 18:50:33,859 [WARN] PackLoader:240 - Cannot read IP mode file for STMicroelectronics.X-CUBE-DISPLAY.3.0.0
2023-09-13 18:50:33,867 [WARN] PackLoader:240 - Cannot read IP mode file for STMicroelectronics.X-CUBE-BLE1.7.0.0
2023-09-13 18:50:33,871 [WARN] PackLoader:240 - Cannot read IP mode file for STMicroelectronics.X-CUBE-TOUCHGFX.4.22.0
2023-09-13 18:50:33,910 [WARN] PackLoader:240 - Cannot read IP mode file for STMicroelectronics.X-CUBE-MEMS1.9.3.0
2023-09-13 18:50:34,017 [WARN] PackLoader:240 - Cannot read IP mode file for STMicroelectronics.FP-SNS-SMARTAG2.1.2.0
2023-09-13 18:50:34,028 [INFO] LogOutputStream:77 - [STDOUT_REDIRECT] 1 : Invalid condition id : UX_CORESTACK_Condition cause : null
2023-09-13 18:50:34,028 [INFO] LogOutputStream:77 - [STDOUT_REDIRECT] 1 : Invalid condition id : UX_CORESTACK_Condition cause : null
2023-09-13 18:50:34,029 [INFO] LogOutputStream:77 - [STDOUT_REDIRECT] 1 : Invalid condition id : UX_CORESTACK_Condition cause : null
2023-09-13 18:50:34,030 [INFO] LogOutputStream:77 - [STDOUT_REDIRECT] 1 : Invalid condition id : UX_CORESTACK_Condition cause : null
2023-09-13 18:50:34,031 [INFO] LogOutputStream:77 - [STDOUT_REDIRECT] 1 : Invalid condition id : UX_CORESTACK_Condition cause : null
2023-09-13 18:50:34,033 [WARN] PackLoader:240 - Cannot read IP mode file for STMicroelectronics.X-CUBE-AZRTOS-WL.2.0.0
2023-09-13 18:50:34,040 [WARN] PackLoader:240 - Cannot read IP mode file for WES.I-CUBE-Cesium.1.3.0
2023-09-13 18:50:34,044 [WARN] PackLoader:240 - Cannot read IP mode file for STMicroelectronics.X-CUBE-BLE2.3.3.0
2023-09-13 18:50:34,050 [WARN] PackLoader:240 - Cannot read IP mode file for STMicroelectronics.X-CUBE-DISPLAY.2.2.0
2023-09-13 18:50:34,060 [WARN] PackLoader:240 - Cannot read IP mode file for STMicroelectronics.X-CUBE-TOF1.3.2.0
2023-09-13 18:50:34,083 [WARN] PackLoader:240 - Cannot read IP mode file for STMicroelectronics.X-CUBE-AZRTOS-H7.2.1.0
2023-09-13 18:50:34,088 [WARN] PackLoader:240 - Cannot read IP mode file for STMicroelectronics.X-CUBE-TOUCHGFX.4.21.1
2023-09-13 18:50:34,091 [WARN] PackLoader:240 - Cannot read IP mode file for STMicroelectronics.X-CUBE-TOUCHGFX.4.21.0
2023-09-13 18:50:34,165 [WARN] PackLoader:240 - Cannot read IP mode file for STMicroelectronics.X-CUBE-TOUCHGFX.4.21.3
2023-09-13 18:50:34,167 [WARN] PackLoader:240 - Cannot read IP mode file for STMicroelectronics.X-CUBE-TOUCHGFX.4.21.4
2023-09-13 18:50:34,194 [WARN] PackLoader:240 - Cannot read IP mode file for STMicroelectronics.X-CUBE-MEMS1.9.4.0
2023-09-13 18:50:34,290 [WARN] PackLoader:240 - Cannot read IP mode file for STMicroelectronics.X-CUBE-AI.7.3.0
2023-09-13 18:50:34,296 [WARN] PackLoader:240 - Cannot read IP mode file for STMicroelectronics.X-CUBE-ALGOBUILD.1.3.0
2023-09-13 18:50:34,308 [WARN] PackLoader:240 - Cannot read IP mode file for STMicroelectronics.X-CUBE-AZRTOS-G0.1.1.0
2023-09-13 18:50:34,316 [WARN] PackLoader:240 - Cannot read IP mode file for STMicroelectronics.X-CUBE-NFC4.3.0.0
2023-09-13 18:50:34,347 [WARN] PackLoader:240 - Cannot read IP mode file for SEGGER.I-CUBE-embOS.1.2.1
2023-09-13 18:50:34,394 [WARN] PackLoader:240 - Cannot read IP mode file for STMicroelectronics.X-CUBE-BLEMGR.1.3.0
2023-09-13 18:50:34,401 [WARN] PackLoader:240 - Cannot read IP mode file for STMicroelectronics.FP-ATR-SIGFOX1.3.2.0
2023-09-13 18:50:34,406 [WARN] PackLoader:240 - Cannot read IP mode file for STMicroelectronics.X-CUBE-TOUCHGFX.4.20.0
2023-09-13 18:50:34,464 [WARN] PackLoader:240 - Cannot read IP mode file for STMicroelectronics.X-CUBE-MEMS1.9.5.0
2023-09-13 18:50:34,623 [WARN] PackLoader:240 - Cannot read IP mode file for SEGGER.I-CUBE-embOS.1.3.1
2023-09-13 18:50:34,655 [WARN] PackLoader:240 - Cannot read IP mode file for STMicroelectronics.X-CUBE-GNSS1.6.0.0
2023-09-13 18:50:34,670 [WARN] PackLoader:240 - Cannot read IP mode file for STMicroelectronics.X-CUBE-AZRTOS-F4.1.1.0
2023-09-13 18:50:34,676 [WARN] PackLoader:240 - Cannot read IP mode file for STMicroelectronics.X-CUBE-BLEMGR.1.2.0
2023-09-13 18:50:34,687 [WARN] PackLoader:240 - Cannot read IP mode file for STMicroelectronics.X-CUBE-AZRTOS-L5.2.0.0
2023-09-13 18:50:34,729 [WARN] PackLoader:240 - Cannot read IP mode file for STMicroelectronics.X-CUBE-MEMS1.9.6.0
2023-09-13 18:50:34,853 [WARN] PackLoader:240 - Cannot read IP mode file for emotas.I-CUBE-CANOPEN.1.1.3
2023-09-13 18:50:34,864 [WARN] PackLoader:240 - Cannot read IP mode file for STMicroelectronics.X-CUBE-BLEMGR.2.0.0
2023-09-13 18:50:34,871 [WARN] PackLoader:240 - Cannot read IP mode file for STMicroelectronics.X-CUBE-NFC4.2.0.5
2023-09-13 18:50:34,885 [WARN] ConditionMgr:438 - getConditionDescription Invalid condition id : UX DEVICE CLASS RTOS Condition cause : null
2023-09-13 18:50:34,885 [WARN] ConditionMgr:438 - getConditionDescription Invalid condition id : UX DEVICE CLASS RTOS Condition cause : null
2023-09-13 18:50:34,888 [WARN] PackLoader:240 - Cannot read IP mode file for STMicroelectronics.X-CUBE-AZRTOS-H7.3.1.0
2023-09-13 18:50:34,888 [WARN] ConditionMgr:1039 - genDependencies : Invalid condition id : UX DEVICE CLASS RTOS Condition cause : null
2023-09-13 18:50:34,889 [WARN] ConditionMgr:1039 - genDependencies : Invalid condition id : UX DEVICE CLASS RTOS Condition cause : null
2023-09-13 18:50:34,889 [WARN] ConditionMgr:1039 - genDependencies : Invalid condition id : UX DEVICE CLASS RTOS Condition cause : null
2023-09-13 18:50:34,890 [WARN] ConditionMgr:1039 - genDependencies : Invalid condition id : UX DEVICE CLASS RTOS Condition cause : null
2023-09-13 18:50:34,890 [WARN] ConditionMgr:1039 - genDependencies : Invalid condition id : UX DEVICE CLASS RTOS Condition cause : null
2023-09-13 18:50:34,894 [WARN] PackLoader:240 - Cannot read IP mode file for wolfSSL.I-CUBE-wolfSSL.5.5.3
2023-09-13 18:50:34,901 [WARN] PackLoader:240 - Cannot read IP mode file for STMicroelectronics.X-CUBE-NFC7.1.0.1
2023-09-13 18:50:34,905 [WARN] PackLoader:240 - Cannot read IP mode file for STMicroelectronics.X-CUBE-NFC7.1.0.0
2023-09-13 18:50:34,911 [WARN] PackLoader:240 - Cannot read IP mode file for STMicroelectronics.X-CUBE-NFC6.3.0.0
2023-09-13 18:50:34,918 [WARN] PackLoader:240 - Cannot read IP mode file for STMicroelectronics.X-CUBE-EEPRMA1.4.1.0
2023-09-13 18:50:34,921 [WARN] PackLoader:240 - Cannot read IP mode file for STMicroelectronics.X-CUBE-AI.8.1.0
2023-09-13 18:50:34,939 [WARN] ConditionMgr:438 - getConditionDescription Invalid condition id : LAN8742 Phy interface Condition cause : null
2023-09-13 18:50:34,940 [WARN] PackLoader:240 - Cannot read IP mode file for STMicroelectronics.X-CUBE-AZRTOS-L4.2.0.0
2023-09-13 18:50:34,941 [WARN] ConditionMgr:1039 - genDependencies : Invalid condition id : LAN8742 Phy interface Condition cause : null
2023-09-13 18:50:34,941 [WARN] ConditionMgr:1039 - genDependencies : Invalid condition id : LAN8742 Phy interface Condition cause : null
2023-09-13 18:50:34,942 [WARN] ConditionMgr:1039 - genDependencies : Invalid condition id : LAN8742 Phy interface Condition cause : null
2023-09-13 18:50:34,950 [WARN] PackLoader:240 - Cannot read IP mode file for STMicroelectronics.X-CUBE-SFXS2LP1.4.0.0
2023-09-13 18:50:34,967 [WARN] PackLoader:240 - Cannot read IP mode file for STMicroelectronics.X-CUBE-AZRTOS-H7.3.0.0
2023-09-13 18:50:34,975 [WARN] PackLoader:240 - Cannot read IP mode file for STMicroelectronics.X-CUBE-ISPU.1.1.0
2023-09-13 18:50:34,982 [WARN] PackLoader:240 - Cannot read IP mode file for RoweBots.I-CUBE-UNISONRTOS.5.5.0-4
2023-09-13 18:50:34,988 [WARN] PackLoader:240 - Cannot read IP mode file for STMicroelectronics.X-CUBE-AI.8.0.0
2023-09-13 18:50:34,998 [WARN] ConditionMgr:438 - getConditionDescription Invalid condition id : UX DEVICE CLASS RTOS Condition cause : null
2023-09-13 18:50:34,998 [WARN] ConditionMgr:438 - getConditionDescription Invalid condition id : UX DEVICE CLASS RTOS Condition cause : null
2023-09-13 18:50:35,001 [WARN] PackLoader:240 - Cannot read IP mode file for STMicroelectronics.X-CUBE-AZRTOS-WB.2.0.0
2023-09-13 18:50:35,002 [WARN] ConditionMgr:1039 - genDependencies : Invalid condition id : UX DEVICE CLASS RTOS Condition cause : null
2023-09-13 18:50:35,002 [WARN] ConditionMgr:1039 - genDependencies : Invalid condition id : UX DEVICE CLASS RTOS Condition cause : null
2023-09-13 18:50:35,002 [WARN] ConditionMgr:1039 - genDependencies : Invalid condition id : UX DEVICE CLASS RTOS Condition cause : null
2023-09-13 18:50:35,002 [WARN] ConditionMgr:1039 - genDependencies : Invalid condition id : UX DEVICE CLASS RTOS Condition cause : null
2023-09-13 18:50:35,002 [WARN] ConditionMgr:1039 - genDependencies : Invalid condition id : UX DEVICE CLASS RTOS Condition cause : null
2023-09-13 18:50:35,007 [WARN] PackLoader:240 - Cannot read IP mode file for STMicroelectronics.X-CUBE-FREERTOS.1.0.0
2023-09-13 18:50:35,012 [WARN] PackLoader:240 - Cannot read IP mode file for STMicroelectronics.X-CUBE-FREERTOS.1.0.1
2023-09-13 18:50:35,024 [WARN] PackLoader:240 - Cannot read IP mode file for STMicroelectronics.X-CUBE-AZRTOS-L5.1.1.0
2023-09-13 18:50:35,029 [WARN] PackLoader:240 - Cannot read IP mode file for STMicroelectronics.X-CUBE-AI.8.0.1
2023-09-13 18:50:35,038 [WARN] PackLoader:240 - Cannot read IP mode file for STMicroelectronics.X-CUBE-SUBG2.5.0.0
2023-09-13 18:50:35,052 [WARN] PackLoader:240 - Cannot read IP mode file for STMicroelectronics.X-CUBE-TOF1.3.3.1
2023-09-13 18:50:35,073 [WARN] PackLoader:240 - Cannot read IP mode file for STMicroelectronics.X-CUBE-AZRTOS-G4.2.0.0
2023-09-13 18:50:35,085 [WARN] PackLoader:240 - Cannot read IP mode file for STMicroelectronics.X-CUBE-TOF1.3.3.0
2023-09-13 18:50:35,096 [WARN] PackLoader:240 - Cannot read IP mode file for STMicroelectronics.FP-ATR-ASTRA1.1.1.1
2023-09-13 18:50:35,109 [WARN] PackLoader:240 - Cannot read IP mode file for STMicroelectronics.X-CUBE-AZRTOS-G4.1.0.0
2023-09-13 18:50:35,129 [WARN] PackLoader:240 - Cannot read IP mode file for STMicroelectronics.X-CUBE-AZRTOS-L4.1.0.0
2023-09-13 18:50:35,137 [WARN] PackLoader:240 - Cannot read IP mode file for STMicroelectronics.X-CUBE-FREERTOS.1.1.0
2023-09-13 18:50:35,145 [WARN] PackLoader:240 - Cannot read IP mode file for STMicroelectronics.X-CUBE-AZRTOS-WL.1.0.0
2023-09-13 18:50:35,151 [WARN] PackLoader:240 - Cannot read IP mode file for portGmbH.I-Cube-SoM-uGOAL.1.1.0
2023-09-13 18:50:35,157 [WARN] PackLoader:240 - Cannot read IP mode file for STMicroelectronics.X-CUBE-ALS.1.0.1
2023-09-13 18:50:35,168 [WARN] PackLoader:240 - Cannot read IP mode file for STMicroelectronics.X-CUBE-AZRTOS-WB.1.1.0
2023-09-13 18:50:35,181 [WARN] PackLoader:240 - Cannot read IP mode file for STMicroelectronics.X-CUBE-AZRTOS-L5.1.0.0
2023-09-13 18:50:35,188 [WARN] PackLoader:240 - Cannot read IP mode file for STMicroelectronics.X-CUBE-EEPRMA1.3.1.1
2023-09-13 18:50:35,193 [WARN] PackLoader:240 - Cannot read IP mode file for STMicroelectronics.FP-ATR-ASTRA1.2.0.0
2023-09-13 18:50:35,194 [INFO] ThirdParty:978 - Integrity check success = true
2023-09-13 18:50:35,194 [INFO] IntegrityCheckThread:100 - exiting critical section [integrity check]
2023-09-13 18:50:35,194 [INFO] IntegrityCheckThread:103 - End integrity checks thread
2023-09-13 18:50:53,430 [ERROR] LogOutputStream:75 - [STDERR_REDIRECT] SLF4J: Failed to load class "org.slf4j.impl.StaticLoggerBinder".
2023-09-13 18:50:53,430 [ERROR] LogOutputStream:75 - [STDERR_REDIRECT] SLF4J: Defaulting to no-operation (NOP) logger implementation
2023-09-13 18:50:53,431 [ERROR] LogOutputStream:75 - [STDERR_REDIRECT] SLF4J: See http://www.slf4j.org/codes.html#StaticLoggerBinder for further details.
2023-09-13 18:51:58,559 [INFO] McuFinderGlobals:63 - Set McuFinder mode to 2 (CubeIDE integrated)
2023-09-13 18:51:58,562 [INFO] MainUpdater:2868 - connection check result : 10
2023-09-13 18:51:58,562 [INFO] MainUpdater:2868 - connection check result : 10
2023-09-13 18:51:58,583 [INFO] MicroXplorer:468 - Change Database Path : 
2023-09-13 18:51:58,583 [INFO] MicroXplorer:498 - Change Database Version : DB.6.0.91
2023-09-13 18:51:58,586 [WARN] ThirdParty:871 - waiting for thirdparty lock release [close project]
2023-09-13 18:51:58,586 [INFO] ThirdParty:873 - entering critical section [close project]
2023-09-13 18:51:58,587 [INFO] ThirdParty:883 - exiting critical section [close project]
2023-09-13 18:51:58,589 [INFO] PinOutPanel:1499 - setPackage(No Configuration,No Configuration)
2023-09-13 18:51:58,594 [INFO] UtilMem:75 - Begin LoadConfig() Used Memory: 560560736 Bytes (762314752)
2023-09-13 18:52:03,126 [INFO] ServerAccessManage:473 - Download File stm32cube_db_v6060.zip
2023-09-13 18:52:12,699 [INFO] FileExtend:240 - Unzip File : stm32cube_db_v6060.zip
2023-09-13 18:52:12,699 [INFO] FileExtend:255 - Standard Zip Deflate
2023-09-13 18:52:19,976 [INFO] LoadServerPackagesThread:196 - End of LoadServerPackages Thread
2023-09-13 18:52:20,165 [INFO] CheckServerUpdateThread:120 - End of CheckServer Thread
2023-09-13 19:05:39,027 [INFO] MainUpdater:2868 - connection check result : 10
2023-09-13 19:05:39,027 [INFO] MainUpdater:2868 - connection check result : 10
2023-09-13 19:05:39,034 [INFO] MicroXplorer:468 - Change Database Path : 
2023-09-13 19:05:39,035 [INFO] MicroXplorer:498 - Change Database Version : DB.6.0.91
2023-09-13 19:05:39,035 [WARN] ThirdParty:871 - waiting for thirdparty lock release [close project]
2023-09-13 19:05:39,035 [INFO] ThirdParty:873 - entering critical section [close project]
2023-09-13 19:05:39,035 [INFO] ThirdParty:883 - exiting critical section [close project]
2023-09-13 19:05:39,035 [INFO] PinOutPanel:1499 - setPackage(No Configuration,No Configuration)
2023-09-13 19:05:39,036 [INFO] UtilMem:75 - Begin LoadConfig() Used Memory: 328387264 Bytes (1045430272)
2023-09-13 19:05:39,049 [INFO] MicroXplorer:468 - Change Database Path : C:/Users/work/.stm32cubemx/databases/DB.6.0.60/db/
2023-09-13 19:05:39,049 [INFO] MicroXplorer:498 - Change Database Version : DB.6.0.60
2023-09-13 19:05:41,325 [INFO] OpenFileManager:308 - Change cursor
2023-09-13 19:05:41,349 [INFO] Mcu:1946 - Initializing MCU STM32F446R(C-E)Tx STM32F446RETx STM32F446RET6
2023-09-13 19:05:42,468 [INFO] Context:659 - Trying to add GPIOservice into a context  which must be forbidden
2023-09-13 19:05:43,146 [INFO] RtosManager:555 - Registered RTOS mode: class=CMSIS, group=RTOS, mode=CMSIS_V1, owner=FREERTOS
2023-09-13 19:05:43,146 [INFO] RtosManager:555 - Registered RTOS mode: class=CMSIS, group=RTOS2, mode=CMSIS_V2, owner=FREERTOS
2023-09-13 19:05:43,146 [INFO] RtosManager:555 - Registered RTOS mode: class=RTOS, group=Core, mode=CMSIS_V1, owner=FREERTOS
2023-09-13 19:05:43,146 [INFO] RtosManager:555 - Registered RTOS mode: class=RTOS, group=Core, mode=CMSIS_V2, owner=FREERTOS
2023-09-13 19:05:43,146 [WARN] ModelIntegratedComponent:184 - Missing modes for component STMicroelectronics:FreeRTOS:0.0.1:STMicroelectronics:RTOS:FreeRTOS:Core:::10.2.0:
2023-09-13 19:05:43,159 [WARN] ModelIntegratedComponent:63 - No mode defined for component null
2023-09-13 19:05:43,159 [WARN] ModelIntegratedComponent:63 - No mode defined for component null
2023-09-13 19:05:43,159 [WARN] ModelIntegratedComponent:63 - No mode defined for component null
2023-09-13 19:05:43,159 [WARN] ModelIntegratedComponent:63 - No mode defined for component null
2023-09-13 19:05:43,159 [WARN] ModelIntegratedComponent:63 - No mode defined for component null
2023-09-13 19:05:43,159 [WARN] ModelIntegratedComponent:63 - No mode defined for component null
2023-09-13 19:05:43,159 [WARN] ModelIntegratedComponent:63 - No mode defined for component null
2023-09-13 19:05:43,159 [WARN] ModelIntegratedComponent:63 - No mode defined for component null
2023-09-13 19:05:43,159 [WARN] ModelIntegratedComponent:63 - No mode defined for component null
2023-09-13 19:05:43,159 [WARN] ModelIntegratedComponent:63 - No mode defined for component null
2023-09-13 19:05:43,159 [WARN] ModelIntegratedComponent:63 - No mode defined for component null
2023-09-13 19:05:43,159 [WARN] ModelIntegratedComponent:63 - No mode defined for component null
2023-09-13 19:05:43,159 [WARN] ModelIntegratedComponent:63 - No mode defined for component null
2023-09-13 19:05:43,159 [WARN] ModelIntegratedComponent:63 - No mode defined for component null
2023-09-13 19:05:43,159 [WARN] ModelIntegratedComponent:63 - No mode defined for component null
2023-09-13 19:05:43,160 [WARN] ModelIntegratedComponent:63 - No mode defined for component null
2023-09-13 19:05:43,160 [WARN] ModelIntegratedComponent:63 - No mode defined for component null
2023-09-13 19:05:43,160 [WARN] ModelIntegratedComponent:63 - No mode defined for component null
2023-09-13 19:05:43,160 [WARN] ModelIntegratedComponent:63 - No mode defined for component null
2023-09-13 19:05:43,160 [WARN] ModelIntegratedComponent:63 - No mode defined for component null
2023-09-13 19:05:43,160 [WARN] ModelIntegratedComponent:63 - No mode defined for component null
2023-09-13 19:05:43,160 [WARN] ModelIntegratedComponent:63 - No mode defined for component null
2023-09-13 19:05:43,160 [WARN] ModelIntegratedComponent:63 - No mode defined for component null
2023-09-13 19:05:43,160 [WARN] ModelIntegratedComponent:63 - No mode defined for component null
2023-09-13 19:05:43,160 [WARN] ModelIntegratedComponent:63 - No mode defined for component null
2023-09-13 19:05:43,160 [WARN] ModelIntegratedComponent:63 - No mode defined for component null
2023-09-13 19:05:43,160 [WARN] ModelIntegratedComponent:63 - No mode defined for component null
2023-09-13 19:05:43,160 [WARN] ModelIntegratedComponent:63 - No mode defined for component null
2023-09-13 19:05:43,160 [WARN] ModelIntegratedComponent:63 - No mode defined for component null
2023-09-13 19:05:43,160 [WARN] ModelIntegratedComponent:63 - No mode defined for component null
2023-09-13 19:05:43,160 [WARN] ModelIntegratedComponent:63 - No mode defined for component null
2023-09-13 19:05:43,160 [WARN] ModelIntegratedComponent:63 - No mode defined for component null
2023-09-13 19:05:43,160 [WARN] ModelIntegratedComponent:63 - No mode defined for component null
2023-09-13 19:05:43,310 [INFO] ThirdPartyModel:298 - Start build external matchings
2023-09-13 19:05:44,601 [INFO] ThirdPartyModel:316 - End build external matchings
2023-09-13 19:05:44,633 [INFO] ImportTextPane:194 - (OptionalMessage_ERROR) IP (RCC) : Invalid parameter (48MHZClocksFreq_Value)
2023-09-13 19:05:44,633 [INFO] ImportTextPane:194 - (OptionalMessage_ERROR) IP (RCC) : Invalid parameter (EthernetFreq_Value)
2023-09-13 19:05:44,635 [INFO] ImportTextPane:194 - (OptionalMessage_ERROR) IP (RCC) : Parameter (FLatency) has Id (AdvancedSettings) currently not set
2023-09-13 19:05:44,635 [INFO] ImportTextPane:194 - (OptionalMessage_ERROR) IP (RCC) : Invalid parameter (FamilyName)
2023-09-13 19:05:44,635 [INFO] ImportTextPane:194 - (OptionalMessage_ERROR) IP (RCC) : Invalid parameter (I2SClocksFreq_Value)
2023-09-13 19:05:44,635 [INFO] ImportTextPane:194 - (OptionalMessage_ERROR) IP (RCC) : Parameter (MCO2PinFreq_Value) has invalid value (180000000)
2023-09-13 19:05:44,636 [INFO] ImportTextPane:194 - (OptionalMessage_ERROR) IP (RCC) : Parameter (SDIOFreq_Value) has invalid value (180000000)
2023-09-13 19:05:44,636 [INFO] ImportTextPane:194 - (OptionalMessage_ERROR) IP (RCC) : Parameter (USBFreq_Value) has invalid value (180000000)
2023-09-13 19:05:44,637 [INFO] ImportTextPane:194 - (OptionalMessage_ERROR) IP (RCC) : Invalid parameter (VCOInputMFreq_Value)
2023-09-13 19:05:44,637 [INFO] ImportTextPane:194 - (OptionalMessage_ERROR) IP (RCC) : Invalid parameter (VcooutputI2S)
2023-09-13 19:05:44,957 [INFO] UtilMem:75 - End LoadConfig() Used Memory: 465113608 Bytes (930086912)
2023-09-13 19:05:45,094 [INFO] ApiDb:581 - Connected to CubeFinder SQLite database (C:\Users\work\.stmcufinder\plugins\mcufinder\mcu\cube-finder-db.db)
2023-09-13 19:05:45,154 [INFO] ApiDb:668 - CubeFinder database Data Model version=2.1
2023-09-13 19:05:45,154 [INFO] ApiDb:669 - CubeFinder database Configuration version=3.0.37
2023-09-13 19:05:45,156 [INFO] ApiDb:670 - CubeFinder database generation date=2023-08-09 (1691586011)
2023-09-13 19:05:45,156 [INFO] ApiDb:671 - CubeFinder database FW Pack versions=[FP-ATR-ASTRA1_V2.0.0, FP-SNS-FLIGHT1_V5.0.1, FP-SNS-FLIGHT1_V5.0.2, FP-SNS-MOTENV1_V4.3.1, FP-SNS-MOTENV1_V4.3.2, STM32Cube_FW_C0_V1.1.0, STM32Cube_FW_F4_V1.27.1, STM32Cube_FW_F7_V1.17.0, STM32Cube_FW_G0_V1.6.1, STM32Cube_FW_G4_V1.5.1, STM32Cube_FW_H5_V0.5.1, STM32Cube_FW_H5_V1.1.0, STM32Cube_FW_H7_V1.11.0, STM32Cube_FW_L0_V1.12.2, STM32Cube_FW_L5_V1.5.0, STM32Cube_FW_U5_V1.3.0, STM32Cube_FW_U5_V1.3.0RC4, STM32Cube_FW_WBA_V1.0.0RC1, STM32Cube_FW_WBA_V1.1.0, STM32Cube_FW_WBA_V1.1.0RC1, STM32Cube_FW_WB_V1.15.0RC1, STM32Cube_FW_WB_V1.16.0, STM32Cube_FW_WB_V1.16.0RC2, STM32Cube_FW_WB_V1.17.0, STM32Cube_FW_WL_V1.3.0, X-CUBE-ALGOBUILD_V1.3.0, X-CUBE-ALS_V1.0.1, X-CUBE-AZRTOS-F4_V1.1.0, X-CUBE-AZRTOS-F7_V1.1.0, X-CUBE-AZRTOS-G0_V1.1.0, X-CUBE-AZRTOS-G4_V2.0.0, X-CUBE-AZRTOS-H7_V3.1.0, X-CUBE-AZRTOS-L4_V1.0.0, X-CUBE-AZRTOS-L4_V2.0.0, X-CUBE-AZRTOS-L5_V1.1.0, X-CUBE-AZRTOS-WB_V1.1.0, X-CUBE-AZRTOS-WL_V2.0.0, X-CUBE-BLE1_V7.0.0, X-CUBE-BLE2_V3.3.0, X-CUBE-BLEMGR_V2.0.0, X-CUBE-EEPRMA1_V4.1.0, X-CUBE-FREERTOS_V1.1.0, X-CUBE-GNSS1_V6.0.0, X-CUBE-MEMS1_V9.1.0, X-CUBE-MEMS1_V9.4.0, X-CUBE-MEMS1_V9.6.0, X-CUBE-NFC4_V3.0.0, X-CUBE-NFC7_V1.0.0, X-CUBE-SFXS2LP1_V4.0.0, X-CUBE-SUBG2_V5.0.0, X-CUBE-TOF1_V3.3.1]
2023-09-13 19:05:46,968 [INFO] ApiDb:240 - Found 323 in-development CPN: [B-G473E-ZEST1S, B-WB1M-WPAN1, B-WL5M-SUBG1, NUCLEO-C031C6, NUCLEO-H503RB, NUCLEO-H563ZI, NUCLEO-U545RE-Q, NUCLEO-U5A5ZJ-Q, NUCLEO-WBA52CG, STEVAL-PROTEUS1, STEVAL-SMARTAG2, STEVAL-STWINBX1, STM320518-EVAL, STM32C0116-DK, STM32C011D6Y3TR, STM32C011D6Y6TR, STM32C011F4P3, STM32C011F4P6, STM32C011F4U3, STM32C011F4U6TR, STM32C011F6P3, STM32C011F6P6, STM32C011F6U3, STM32C011F6U6TR, STM32C011J4M3, STM32C011J4M6, STM32C011J6M3, STM32C011J6M6, STM32C0316-DK, STM32C031C4T3, STM32C031C4T6, STM32C031C4U3, STM32C031C4U6, STM32C031C6T3, STM32C031C6T6, STM32C031C6U3, STM32C031C6U6, STM32C031F4P3, STM32C031F4P6, STM32C031F6P3, STM32C031F6P6, STM32C031G4U3, STM32C031G4U6, STM32C031G6U3, STM32C031G6U6, STM32C031K4T3, STM32C031K4T6, STM32C031K4U3, STM32C031K4U6, STM32C031K6T3, STM32C031K6T6, STM32C031K6U3, STM32C031K6U6, STM32G071K8TXN, STM32G071K8UXN, STM32G081GBU6N, STM32G081KBT6N, STM32G081KBUXN, STM32G0B1CCT6N, STM32G0B1KCT6, STM32G0B1NEY6TR, STM32G0B1RCT6N, STM32G0C1CCT6, STM32G0C1CCT6N, STM32G0C1CCU6N, STM32G0C1CET6N, STM32G0C1CEU6N, STM32G0C1KCT6, STM32G0C1NEY6TR, STM32G0C1RCI6N, STM32G0C1RCT6N, STM32G0C1REI6N, STM32G0C1RET6N, STM32G0C1VCI6, STM32G0C1VEI6, STM32G471CCT6, STM32G471CCU6, STM32G471CET3, STM32G471CET6, STM32G471CEU3, STM32G471CEU6, STM32G471MCT6, STM32G471MET3, STM32G471MET6, STM32G471MEY6TR, STM32G471QCT6, STM32G471QET3, STM32G471RCT6, STM32G471RET3, STM32G471RET6, STM32G471VCH6, STM32G471VCI6, STM32G471VCT6, STM32G471VEH3, STM32G471VEH6, STM32G471VEI3, STM32G471VEI6, STM32G471VET3, STM32G471VET6, STM32G474CCT6, STM32H503CBT6, STM32H503CBU6, STM32H503EBY6TR, STM32H503KBU6, STM32H503RBT6, STM32H562AGI6, STM32H562AII6, STM32H562IGK6, STM32H562IGT6, STM32H562IIK6, STM32H562IIT6, STM32H562RGT6, STM32H562RGV6, STM32H562RIT6, STM32H562RIV6, STM32H562VGT6, STM32H562VIT6, STM32H562ZGT6, STM32H562ZIT6, STM32H563AGI6, STM32H563AII3Q, STM32H563AII6, STM32H563IGK6, STM32H563IGT6, STM32H563IIK3Q, STM32H563IIK6, STM32H563IIT3Q, STM32H563IIT6, STM32H563MIY3QTR, STM32H563RGT6, STM32H563RGV6, STM32H563RIT6, STM32H563RIV6, STM32H563VGT6, STM32H563VIT3Q, STM32H563VIT6, STM32H563ZGT6, STM32H563ZIT3Q, STM32H563ZIT6, STM32H573AII3Q, STM32H573AII6, STM32H573I-DK, STM32H573IIK3Q, STM32H573IIK6, STM32H573IIT3Q, STM32H573IIT6, STM32H573MIY3QTR, STM32H573RIT6, STM32H573RIV6, STM32H573VIT3Q, STM32H573VIT6, STM32H573ZIT3Q, STM32H573ZIT6, STM32L4R5QGI6STR, STM32MP131AAE3, STM32MP131AAF3, STM32MP131AAG3, STM32MP131CAE3, STM32MP131CAF3, STM32MP131CAG3, STM32MP131DAE7, STM32MP131DAF7, STM32MP131DAG7, STM32MP131FAE7, STM32MP131FAF7, STM32MP131FAG7, STM32MP133AAE3, STM32MP133AAF3, STM32MP133AAG3, STM32MP133CAE3, STM32MP133CAF3, STM32MP133CAG3, STM32MP133DAE7, STM32MP133DAF7, STM32MP133DAG7, STM32MP133FAE7, STM32MP133FAF7, STM32MP133FAG7, STM32MP135AAE3, STM32MP135AAF3, STM32MP135AAG3, STM32MP135CAE3, STM32MP135CAF3, STM32MP135CAG3, STM32MP135DAE7, STM32MP135DAF7, STM32MP135DAG7, STM32MP135F-DK, STM32MP135FAE7, STM32MP135FAF7, STM32MP135FAF7T, STM32MP135FAF7U, STM32MP135FAG7, STM32U535CBT6, STM32U535CBT6Q, STM32U535CBU6, STM32U535CBU6Q, STM32U535CCT6, STM32U535CCT6Q, STM32U535CCU6, STM32U535CCU6Q, STM32U535CET6, STM32U535CET6Q, STM32U535CEU6, STM32U535CEU6Q, STM32U535JEY6QTR, STM32U535NCY6QTR, STM32U535NEY6QTR, STM32U535RBI6, STM32U535RBI6Q, STM32U535RBT6, STM32U535RBT6Q, STM32U535RCI6, STM32U535RCI6Q, STM32U535RCT6, STM32U535RCT6Q, STM32U535REI6, STM32U535REI6Q, STM32U535RET6, STM32U535RET6Q, STM32U535VCI6, STM32U535VCI6Q, STM32U535VCT6, STM32U535VCT6Q, STM32U535VEI6, STM32U535VEI6Q, STM32U535VET6, STM32U535VET6Q, STM32U545CET6, STM32U545CET6Q, STM32U545CEU6, STM32U545CEU6Q, STM32U545JEY6QTR, STM32U545NEY6QTR, STM32U545REI6, STM32U545REI6Q, STM32U545RET6, STM32U545RET6Q, STM32U545VEI6, STM32U545VEI6Q, STM32U545VET6, STM32U545VET6Q, STM32U595AIH6, STM32U595AIH6Q, STM32U595AJH6, STM32U595AJH6Q, STM32U595QII6, STM32U595QII6Q, STM32U595QJI6, STM32U595QJI6Q, STM32U595RIT6, STM32U595RIT6Q, STM32U595RJT6, STM32U595RJT6Q, STM32U595VIT6, STM32U595VIT6Q, STM32U595VJT6, STM32U595VJT6Q, STM32U595ZIT6, STM32U595ZIT6Q, STM32U595ZIY6QTR, STM32U595ZJT6, STM32U595ZJT6Q, STM32U595ZJY6QTR, STM32U599BJY6QTR, STM32U599NIH6Q, STM32U599NJH6Q, STM32U599VIT6Q, STM32U599VJT6, STM32U599VJT6Q, STM32U599ZIT6Q, STM32U599ZIY6QTR, STM32U599ZJT6Q, STM32U599ZJY6QTR, STM32U5A5AJH6, STM32U5A5AJH6Q, STM32U5A5QJI6, STM32U5A5QJI6Q, STM32U5A5RJT6, STM32U5A5RJT6Q, STM32U5A5VJT6, STM32U5A5VJT6Q, STM32U5A5ZJT6, STM32U5A5ZJT6Q, STM32U5A5ZJY6QTR, STM32U5A9BJY6QTR, STM32U5A9J-DK, STM32U5A9NJH6Q, STM32U5A9VJT6Q, STM32U5A9ZJT6Q, STM32U5A9ZJY6QTR, STM32U5F7VIT6, STM32U5F7VIT6Q, STM32U5F7VJT6, STM32U5F7VJT6Q, STM32U5F9BJY6QTR, STM32U5F9NJH6Q, STM32U5F9VIT6Q, STM32U5F9VJT6Q, STM32U5F9ZIJ6QTR, STM32U5F9ZIT6Q, STM32U5F9ZJJ6QTR, STM32U5F9ZJT6Q, STM32U5G7VJT6, STM32U5G7VJT6Q, STM32U5G9BJY6QTR, STM32U5G9J-DK1, STM32U5G9J-DK2, STM32U5G9NJH6Q, STM32U5G9VJT6Q, STM32U5G9ZJJ6QTR, STM32U5G9ZJT6Q, STM32WB1MMCH6, STM32WBA52CEU6, STM32WBA52CEU6T, STM32WBA52CGU6, STM32WBA52CGU6T, STM32WBA52KEU6, STM32WBA52KEU6T, STM32WBA52KGU6, STM32WBA52KGU6T, STM32WL5MOCH6, STM32WL5MOCH6TR]
2023-09-13 19:05:46,971 [INFO] DbMcus:217 - Found 3848 MCUs, 3848 are supported
2023-09-13 19:05:46,972 [INFO] ApiDb:423 - Load user favorites file C:\Users\work/.stm32cubeide/favorites.mcus.txt: 0 item(s)
2023-09-13 19:05:46,972 [INFO] ApiDb:427 - User favorites MCUs=[]
2023-09-13 19:05:46,972 [INFO] DbMcus:223 - Set 0 / 0 favorites MCUs
2023-09-13 19:05:47,250 [WARN] ThirdParty:833 - waiting for thirdparty lock release [change project]
2023-09-13 19:05:47,250 [INFO] ThirdParty:835 - entering critical section [change project]
2023-09-13 19:05:47,250 [INFO] ThirdParty:1030 - CMSIS Pack Vendor :STMicroelectronics X-CUBE-ISPU 1.1.0
2023-09-13 19:05:47,250 [INFO] ThirdParty:1030 - CMSIS Pack Vendor :STMicroelectronics USBPD 4.1
2023-09-13 19:05:47,250 [INFO] ThirdParty:1030 - CMSIS Pack Vendor :RoweBots I-CUBE-UNISONRTOS 5.5.0-4
2023-09-13 19:05:47,250 [INFO] ThirdParty:1030 - CMSIS Pack Vendor :STMicroelectronics X-CUBE-GNSS1 6.0.0
2023-09-13 19:05:47,250 [INFO] ThirdParty:1030 - CMSIS Pack Vendor :STMicroelectronics X-CUBE-AZRTOS-H7 2.1.0
2023-09-13 19:05:47,250 [INFO] ThirdParty:1030 - CMSIS Pack Vendor :STMicroelectronics USB_HOST 2.0.0
2023-09-13 19:05:47,250 [INFO] ThirdParty:1030 - CMSIS Pack Vendor :STMicroelectronics X-CUBE-AZRTOS-F4 1.1.0
2023-09-13 19:05:47,250 [INFO] ThirdParty:1030 - CMSIS Pack Vendor :STMicroelectronics LIBJPEG 8.0.0
2023-09-13 19:05:47,250 [INFO] ThirdParty:1030 - CMSIS Pack Vendor :STMicroelectronics X-CUBE-SMBUS 2.1.0
2023-09-13 19:05:47,250 [INFO] ThirdParty:1030 - CMSIS Pack Vendor :STMicroelectronics USB_DEVICE 3.0.0
2023-09-13 19:05:47,251 [INFO] ThirdParty:1030 - CMSIS Pack Vendor :STMicroelectronics X-CUBE-AI 8.0.0
2023-09-13 19:05:47,251 [INFO] ThirdParty:1030 - CMSIS Pack Vendor :STMicroelectronics X-CUBE-AZRTOS-WB 2.0.0
2023-09-13 19:05:47,251 [INFO] ThirdParty:1030 - CMSIS Pack Vendor :STMicroelectronics X-CUBE-FREERTOS 1.0.0
2023-09-13 19:05:47,251 [INFO] ThirdParty:1030 - CMSIS Pack Vendor :STMicroelectronics X-CUBE-FREERTOS 1.0.1
2023-09-13 19:05:47,251 [INFO] ThirdParty:1030 - CMSIS Pack Vendor :STMicroelectronics X-CUBE-TOUCHGFX 4.21.1
2023-09-13 19:05:47,251 [INFO] ThirdParty:1030 - CMSIS Pack Vendor :STMicroelectronics X-CUBE-TOUCHGFX 4.21.0
2023-09-13 19:05:47,251 [INFO] ThirdParty:1030 - CMSIS Pack Vendor :STMicroelectronics X-CUBE-TOUCHGFX 4.21.3
2023-09-13 19:05:47,251 [INFO] ThirdParty:1030 - CMSIS Pack Vendor :STMicroelectronics X-CUBE-BLEMGR 1.2.0
2023-09-13 19:05:47,251 [INFO] ThirdParty:1030 - CMSIS Pack Vendor :STMicroelectronics X-CUBE-AZRTOS-F7 1.1.0
2023-09-13 19:05:47,251 [INFO] ThirdParty:1030 - CMSIS Pack Vendor :STMicroelectronics X-CUBE-TOUCHGFX 4.21.4
2023-09-13 19:05:47,251 [INFO] ThirdParty:1030 - CMSIS Pack Vendor :STMicroelectronics X-CUBE-AZRTOS-L5 2.0.0
2023-09-13 19:05:47,251 [INFO] ThirdParty:1030 - CMSIS Pack Vendor :STMicroelectronics X-CUBE-MEMS1 9.4.0
2023-09-13 19:05:47,251 [INFO] ThirdParty:1030 - CMSIS Pack Vendor :STMicroelectronics USB_DEVICE 2.0.0
2023-09-13 19:05:47,251 [INFO] ThirdParty:1030 - CMSIS Pack Vendor :STMicroelectronics X-CUBE-AI 7.3.0
2023-09-13 19:05:47,251 [INFO] ThirdParty:1030 - CMSIS Pack Vendor :STMicroelectronics X-CUBE-MEMS1 9.6.0
2023-09-13 19:05:47,251 [INFO] ThirdParty:1030 - CMSIS Pack Vendor :STMicroelectronics FP-SNS-MOTENV1 4.3.0
2023-09-13 19:05:47,251 [INFO] ThirdParty:1030 - CMSIS Pack Vendor :STMicroelectronics FP-SNS-MOTENV1 4.3.2
2023-09-13 19:05:47,251 [INFO] ThirdParty:1030 - CMSIS Pack Vendor :STMicroelectronics FP-SNS-FLIGHT1 5.0.0
2023-09-13 19:05:47,251 [INFO] ThirdParty:1030 - CMSIS Pack Vendor :STMicroelectronics FP-SNS-MOTENV1 4.3.1
2023-09-13 19:05:47,251 [INFO] ThirdParty:1030 - CMSIS Pack Vendor :STMicroelectronics FP-SNS-FLIGHT1 5.0.1
2023-09-13 19:05:47,251 [INFO] ThirdParty:1030 - CMSIS Pack Vendor :STMicroelectronics X-CUBE-BLE1 6.2.3
2023-09-13 19:05:47,251 [INFO] ThirdParty:1030 - CMSIS Pack Vendor :STMicroelectronics X-CUBE-ALGOBUILD 1.3.0
2023-09-13 19:05:47,251 [INFO] ThirdParty:1030 - CMSIS Pack Vendor :STMicroelectronics X-CUBE-BLE1 6.2.4
2023-09-13 19:05:47,251 [INFO] ThirdParty:1030 - CMSIS Pack Vendor :STMicroelectronics X-CUBE-AZRTOS-L5 1.1.0
2023-09-13 19:05:47,251 [INFO] ThirdParty:1030 - CMSIS Pack Vendor :STMicroelectronics FreeRTOS 0.0.1
2023-09-13 19:05:47,251 [INFO] ThirdParty:1030 - CMSIS Pack Vendor :STMicroelectronics X-CUBE-AZRTOS-G0 1.1.0
2023-09-13 19:05:47,251 [INFO] ThirdParty:1030 - CMSIS Pack Vendor :emotas I-CUBE-CANOPEN 1.1.3
2023-09-13 19:05:47,251 [INFO] ThirdParty:1030 - CMSIS Pack Vendor :STMicroelectronics X-CUBE-BLEMGR 2.0.0
2023-09-13 19:05:47,251 [INFO] ThirdParty:1030 - CMSIS Pack Vendor :STMicroelectronics X-CUBE-AI 8.0.1
2023-09-13 19:05:47,251 [INFO] ThirdParty:1030 - CMSIS Pack Vendor :STMicroelectronics X-CUBE-NFC4 3.0.0
2023-09-13 19:05:47,251 [INFO] ThirdParty:1030 - CMSIS Pack Vendor :STMicroelectronics X-CUBE-SUBG2 5.0.0
2023-09-13 19:05:47,251 [INFO] ThirdParty:1030 - CMSIS Pack Vendor :STMicroelectronics STM32_WPAN 1.0.0
2023-09-13 19:05:47,251 [INFO] ThirdParty:1030 - CMSIS Pack Vendor :SEGGER I-CUBE-embOS 1.2.1
2023-09-13 19:05:47,251 [INFO] ThirdParty:1030 - CMSIS Pack Vendor :STMicroelectronics lwIP 2.0.3
2023-09-13 19:05:47,251 [INFO] ThirdParty:1030 - CMSIS Pack Vendor :STMicroelectronics FP-SNS-FLIGHT1 5.0.2
2023-09-13 19:05:47,252 [INFO] ThirdParty:1030 - CMSIS Pack Vendor :STMicroelectronics X-CUBE-NFC4 2.0.5
2023-09-13 19:05:47,252 [INFO] ThirdParty:1030 - CMSIS Pack Vendor :STMicroelectronics USB_HOST 1.0.0
2023-09-13 19:05:47,252 [INFO] ThirdParty:1030 - CMSIS Pack Vendor :STMicroelectronics X-CUBE-TOF1 3.3.1
2023-09-13 19:05:47,252 [INFO] ThirdParty:1030 - CMSIS Pack Vendor :STMicroelectronics X-CUBE-AZRTOS-G4 2.0.0
2023-09-13 19:05:47,252 [INFO] ThirdParty:1030 - CMSIS Pack Vendor :STMicroelectronics PDM2PCM 3.1.0
2023-09-13 19:05:47,252 [INFO] ThirdParty:1030 - CMSIS Pack Vendor :STMicroelectronics X-CUBE-AZRTOS-H7 3.1.0
2023-09-13 19:05:47,252 [INFO] ThirdParty:1030 - CMSIS Pack Vendor :STMicroelectronics X-CUBE-TOF1 3.3.0
2023-09-13 19:05:47,252 [INFO] ThirdParty:1030 - CMSIS Pack Vendor :STMicroelectronics FP-ATR-ASTRA1 1.1.1
2023-09-13 19:05:47,252 [INFO] ThirdParty:1030 - CMSIS Pack Vendor :STMicroelectronics PDM2PCM 3.3.0
2023-09-13 19:05:47,252 [INFO] ThirdParty:1030 - CMSIS Pack Vendor :STMicroelectronics X-CUBE-DISPLAY 3.0.0
2023-09-13 19:05:47,252 [INFO] ThirdParty:1030 - CMSIS Pack Vendor :STMicroelectronics X-CUBE-BLEMGR 1.3.0
2023-09-13 19:05:47,252 [INFO] ThirdParty:1030 - CMSIS Pack Vendor :wolfSSL I-CUBE-wolfSSL 5.5.3
2023-09-13 19:05:47,252 [INFO] ThirdParty:1030 - CMSIS Pack Vendor :STMicroelectronics X-CUBE-BLE1 7.0.0
2023-09-13 19:05:47,252 [INFO] ThirdParty:1030 - CMSIS Pack Vendor :STMicroelectronics FP-ATR-SIGFOX1 3.2.0
2023-09-13 19:05:47,252 [INFO] ThirdParty:1030 - CMSIS Pack Vendor :STMicroelectronics X-CUBE-AZRTOS-G4 1.0.0
2023-09-13 19:05:47,252 [INFO] ThirdParty:1030 - CMSIS Pack Vendor :STMicroelectronics X-CUBE-AZRTOS-L4 1.0.0
2023-09-13 19:05:47,252 [INFO] ThirdParty:1030 - CMSIS Pack Vendor :STMicroelectronics HAL Drivers 0.0.0
2023-09-13 19:05:47,252 [INFO] ThirdParty:1030 - CMSIS Pack Vendor :STMicroelectronics MBEDTLS 2.16.2
2023-09-13 19:05:47,252 [INFO] ThirdParty:1030 - CMSIS Pack Vendor :STMicroelectronics X-CUBE-TOUCHGFX 4.20.0
2023-09-13 19:05:47,252 [INFO] ThirdParty:1030 - CMSIS Pack Vendor :STMicroelectronics X-CUBE-FREERTOS 1.1.0
2023-09-13 19:05:47,252 [INFO] ThirdParty:1030 - CMSIS Pack Vendor :STMicroelectronics X-CUBE-TOUCHGFX 4.22.0
2023-09-13 19:05:47,252 [INFO] ThirdParty:1030 - CMSIS Pack Vendor :STMicroelectronics X-CUBE-NFC7 1.0.1
2023-09-13 19:05:47,252 [INFO] ThirdParty:1030 - CMSIS Pack Vendor :STMicroelectronics MBEDTLS 2.14.1
2023-09-13 19:05:47,252 [INFO] ThirdParty:1030 - CMSIS Pack Vendor :STMicroelectronics X-CUBE-NFC7 1.0.0
2023-09-13 19:05:47,252 [INFO] ThirdParty:1030 - CMSIS Pack Vendor :STMicroelectronics X-CUBE-AZRTOS-WL 1.0.0
2023-09-13 19:05:47,252 [INFO] ThirdParty:1030 - CMSIS Pack Vendor :STMicroelectronics X-CUBE-NFC6 3.0.0
2023-09-13 19:05:47,252 [INFO] ThirdParty:1030 - CMSIS Pack Vendor :STMicroelectronics X-CUBE-MEMS1 9.3.0
2023-09-13 19:05:47,252 [INFO] ThirdParty:1030 - CMSIS Pack Vendor :STMicroelectronics X-CUBE-EEPRMA1 4.1.0
2023-09-13 19:05:47,252 [INFO] ThirdParty:1030 - CMSIS Pack Vendor :portGmbH I-Cube-SoM-uGOAL 1.1.0
2023-09-13 19:05:47,252 [INFO] ThirdParty:1030 - CMSIS Pack Vendor :STMicroelectronics X-CUBE-ALS 1.0.1
2023-09-13 19:05:47,252 [INFO] ThirdParty:1030 - CMSIS Pack Vendor :STMicroelectronics X-CUBE-MEMS1 9.5.0
2023-09-13 19:05:47,252 [INFO] ThirdParty:1030 - CMSIS Pack Vendor :STMicroelectronics ThreadX 1.0.0
2023-09-13 19:05:47,252 [INFO] ThirdParty:1030 - CMSIS Pack Vendor :STMicroelectronics FP-SNS-SMARTAG2 1.2.0
2023-09-13 19:05:47,252 [INFO] ThirdParty:1030 - CMSIS Pack Vendor :STMicroelectronics X-CUBE-AZRTOS-WB 1.1.0
2023-09-13 19:05:47,252 [INFO] ThirdParty:1030 - CMSIS Pack Vendor :STMicroelectronics X-CUBE-AZRTOS-WL 2.0.0
2023-09-13 19:05:47,252 [INFO] ThirdParty:1030 - CMSIS Pack Vendor :SEGGER I-CUBE-embOS 1.3.1
2023-09-13 19:05:47,252 [INFO] ThirdParty:1030 - CMSIS Pack Vendor :STMicroelectronics X-CUBE-AZRTOS-L5 1.0.0
2023-09-13 19:05:47,252 [INFO] ThirdParty:1030 - CMSIS Pack Vendor :STMicroelectronics USB_DEVICE 1.0.0
2023-09-13 19:05:47,253 [INFO] ThirdParty:1030 - CMSIS Pack Vendor :STMicroelectronics X-CUBE-AI 8.1.0
2023-09-13 19:05:47,253 [INFO] ThirdParty:1030 - CMSIS Pack Vendor :STMicroelectronics X-CUBE-EEPRMA1 3.1.1
2023-09-13 19:05:47,253 [INFO] ThirdParty:1030 - CMSIS Pack Vendor :STMicroelectronics X-CUBE-AZRTOS-L4 2.0.0
2023-09-13 19:05:47,253 [INFO] ThirdParty:1030 - CMSIS Pack Vendor :STMicroelectronics ThreadX 0.0.2
2023-09-13 19:05:47,253 [INFO] ThirdParty:1030 - CMSIS Pack Vendor :WES I-CUBE-Cesium 1.3.0
2023-09-13 19:05:47,253 [INFO] ThirdParty:1030 - CMSIS Pack Vendor :STMicroelectronics FP-ATR-ASTRA1 2.0.0
2023-09-13 19:05:47,253 [INFO] ThirdParty:1030 - CMSIS Pack Vendor :STMicroelectronics lwIP 2.1.2
2023-09-13 19:05:47,253 [INFO] ThirdParty:1030 - CMSIS Pack Vendor :STMicroelectronics X-CUBE-SFXS2LP1 4.0.0
2023-09-13 19:05:47,253 [INFO] ThirdParty:1030 - CMSIS Pack Vendor :STMicroelectronics X-CUBE-BLE2 3.3.0
2023-09-13 19:05:47,253 [INFO] ThirdParty:1030 - CMSIS Pack Vendor :STMicroelectronics X-CUBE-DISPLAY 2.2.0
2023-09-13 19:05:47,253 [INFO] ThirdParty:1030 - CMSIS Pack Vendor :STMicroelectronics X-CUBE-TOF1 3.2.0
2023-09-13 19:05:47,253 [INFO] ThirdParty:1030 - CMSIS Pack Vendor :STMicroelectronics PDM2PCM 3.2.0
2023-09-13 19:05:47,253 [INFO] ThirdParty:1030 - CMSIS Pack Vendor :STMicroelectronics X-CUBE-AZRTOS-H7 3.0.0
2023-09-13 19:05:47,253 [INFO] ThirdParty:841 - exiting critical section [change project]
2023-09-13 19:05:47,549 [INFO] PinOutPanel:1499 - setPackage(No Configuration,No Configuration)
2023-09-13 19:05:47,550 [INFO] PinOutPanel:1499 - setPackage(STM32F446RETx,LQFP64)
2023-09-13 19:05:48,038 [INFO] UtilMem:75 - Before build in PCC Used Memory: 310833152 Bytes (930086912)
2023-09-13 19:05:48,655 [INFO] UtilMem:75 - After build in PCC Used Memory: 399439872 Bytes (930086912)
2023-09-13 19:05:48,684 [INFO] IPUIPlugin:80 - create IPUIPlugin
2023-09-13 19:05:48,684 [INFO] IPUIPlugin:80 - create IPUIPlugin
2023-09-13 19:05:48,684 [INFO] IPUIPlugin:80 - create IPUIPlugin
2023-09-13 19:05:48,685 [INFO] IPUIPlugin:80 - create IPUIPlugin
2023-09-13 19:05:48,685 [INFO] IPUIPlugin:80 - create IPUIPlugin
2023-09-13 19:05:48,685 [INFO] IPUIPlugin:80 - create IPUIPlugin
2023-09-13 19:05:48,685 [INFO] IPUIPlugin:80 - create IPUIPlugin
2023-09-13 19:05:48,685 [INFO] IPUIPlugin:80 - create IPUIPlugin
2023-09-13 19:05:48,685 [INFO] IPUIPlugin:80 - create IPUIPlugin
2023-09-13 19:05:48,685 [INFO] IPUIPlugin:80 - create IPUIPlugin
2023-09-13 19:05:48,685 [INFO] IPUIPlugin:80 - create IPUIPlugin
2023-09-13 19:05:48,686 [INFO] IPUIPlugin:80 - create IPUIPlugin
2023-09-13 19:05:48,686 [INFO] IPUIPlugin:80 - create IPUIPlugin
2023-09-13 19:05:48,686 [INFO] IPUIPlugin:80 - create IPUIPlugin
2023-09-13 19:05:48,686 [INFO] IPUIPlugin:80 - create IPUIPlugin
2023-09-13 19:05:48,686 [INFO] IPUIPlugin:80 - create IPUIPlugin
2023-09-13 19:05:48,686 [INFO] IPUIPlugin:80 - create IPUIPlugin
2023-09-13 19:05:48,686 [INFO] IPUIPlugin:80 - create IPUIPlugin
2023-09-13 19:05:48,687 [INFO] IPUIPlugin:80 - create IPUIPlugin
2023-09-13 19:05:48,687 [INFO] IPUIPlugin:80 - create IPUIPlugin
2023-09-13 19:05:48,687 [INFO] IPUIPlugin:80 - create IPUIPlugin
2023-09-13 19:05:48,687 [INFO] IPUIPlugin:80 - create IPUIPlugin
2023-09-13 19:05:48,687 [INFO] IPUIPlugin:80 - create IPUIPlugin
2023-09-13 19:05:48,687 [INFO] IPUIPlugin:80 - create IPUIPlugin
2023-09-13 19:05:48,689 [INFO] IPUIPlugin:80 - create IPUIPlugin
2023-09-13 19:05:48,689 [INFO] IPUIPlugin:80 - create IPUIPlugin
2023-09-13 19:05:48,689 [INFO] IPUIPlugin:80 - create IPUIPlugin
2023-09-13 19:05:48,689 [INFO] IPUIPlugin:80 - create IPUIPlugin
2023-09-13 19:05:48,689 [INFO] IPUIPlugin:80 - create IPUIPlugin
2023-09-13 19:05:48,690 [INFO] IPUIPlugin:80 - create IPUIPlugin
2023-09-13 19:05:48,690 [INFO] IPUIPlugin:80 - create IPUIPlugin
2023-09-13 19:05:48,690 [INFO] IPUIPlugin:80 - create IPUIPlugin
2023-09-13 19:05:48,690 [INFO] IPUIPlugin:80 - create IPUIPlugin
2023-09-13 19:05:48,691 [INFO] IPUIPlugin:80 - create IPUIPlugin
2023-09-13 19:05:48,691 [INFO] IPUIPlugin:80 - create IPUIPlugin
2023-09-13 19:05:48,691 [INFO] IPUIPlugin:80 - create IPUIPlugin
2023-09-13 19:05:48,691 [INFO] IPUIPlugin:80 - create IPUIPlugin
2023-09-13 19:05:48,691 [INFO] IPUIPlugin:80 - create IPUIPlugin
2023-09-13 19:05:48,692 [INFO] IPUIPlugin:80 - create IPUIPlugin
2023-09-13 19:05:48,692 [INFO] IPUIPlugin:80 - create IPUIPlugin
2023-09-13 19:05:48,692 [INFO] IPUIPlugin:80 - create IPUIPlugin
2023-09-13 19:05:48,692 [INFO] IPUIPlugin:80 - create IPUIPlugin
2023-09-13 19:05:48,692 [INFO] IPUIPlugin:80 - create IPUIPlugin
2023-09-13 19:05:48,692 [INFO] IPUIPlugin:80 - create IPUIPlugin
2023-09-13 19:05:48,693 [INFO] IPUIPlugin:80 - create IPUIPlugin
2023-09-13 19:05:48,693 [INFO] IPUIPlugin:80 - create IPUIPlugin
2023-09-13 19:05:48,693 [INFO] IPUIPlugin:80 - create IPUIPlugin
2023-09-13 19:05:48,693 [INFO] IPUIPlugin:80 - create IPUIPlugin
2023-09-13 19:05:48,694 [INFO] IPUIPlugin:80 - create IPUIPlugin
2023-09-13 19:05:48,694 [INFO] IPUIPlugin:80 - create IPUIPlugin
2023-09-13 19:05:48,694 [INFO] IPUIPlugin:80 - create IPUIPlugin
2023-09-13 19:05:48,694 [INFO] IPUIPlugin:80 - create IPUIPlugin
2023-09-13 19:05:48,695 [INFO] IPUIPlugin:80 - create IPUIPlugin
2023-09-13 19:05:48,695 [INFO] IPUIPlugin:80 - create IPUIPlugin
2023-09-13 19:05:48,695 [INFO] IPUIPlugin:80 - create IPUIPlugin
2023-09-13 19:05:48,695 [INFO] IPUIPlugin:80 - create IPUIPlugin
2023-09-13 19:05:48,696 [INFO] IPUIPlugin:80 - create IPUIPlugin
2023-09-13 19:05:48,696 [INFO] IPUIPlugin:80 - create IPUIPlugin
2023-09-13 19:05:48,697 [INFO] IPUIPlugin:80 - create IPUIPlugin
2023-09-13 19:05:48,697 [INFO] IPUIPlugin:80 - create IPUIPlugin
2023-09-13 19:05:48,754 [INFO] ApiDbMcu:507 - Load IP Config File for PDM2PCM
2023-09-13 19:05:48,764 [INFO] Can:71 - Can Add PropertyChangeListener com.st.microxplorer.plugins.ip.can.Can@4a41a2c5
2023-09-13 19:05:48,765 [INFO] Can:71 - Can Add PropertyChangeListener com.st.microxplorer.plugins.ip.can.Can@36d4d75a
2023-09-13 19:05:48,959 [INFO] CADModel:165 - CPN selected for project levelSTM32F446RET6
2023-09-13 19:05:48,959 [INFO] CADModel:114 - Register for checkConnection events
2023-09-13 19:05:49,016 [INFO] OpenFileManager:328 - Restore cursor
2023-09-13 19:06:53,982 [INFO] NvicIntPanel:101 - NVIC parent = com.st.microxplorer.plugins.ip.nvic.MultiNvicIntPanel[,0,0,0x0,invalid,layout=javax.swing.BoxLayout,alignmentX=0.0,alignmentY=0.0,border=,flags=9,maximumSize=,minimumSize=,preferredSize=]
2023-09-13 19:07:35,207 [INFO] NvicIntPanel:101 - NVIC parent = com.st.microxplorer.plugins.ip.nvic.MultiNvicIntPanel[,0,0,0x0,invalid,layout=javax.swing.BoxLayout,alignmentX=0.0,alignmentY=0.0,border=,flags=9,maximumSize=,minimumSize=,preferredSize=]
2023-09-13 19:07:35,304 [INFO] NvicIntPanel:101 - NVIC parent = com.st.microxplorer.plugins.ip.nvic.MultiNvicIntPanel[,0,0,0x0,invalid,layout=javax.swing.BoxLayout,alignmentX=0.0,alignmentY=0.0,border=,flags=9,maximumSize=,minimumSize=,preferredSize=]
2023-09-13 19:07:35,404 [INFO] NvicIntPanel:101 - NVIC parent = com.st.microxplorer.plugins.ip.nvic.MultiNvicIntPanel[,0,0,0x0,invalid,layout=javax.swing.BoxLayout,alignmentX=0.0,alignmentY=0.0,border=,flags=9,maximumSize=,minimumSize=,preferredSize=]
2023-09-13 21:42:13,946 [INFO] NvicIntPanel:101 - NVIC parent = com.st.microxplorer.plugins.ip.nvic.MultiNvicIntPanel[,0,0,504x249,layout=javax.swing.BoxLayout,alignmentX=0.0,alignmentY=0.0,border=,flags=9,maximumSize=,minimumSize=,preferredSize=]
2023-09-13 23:07:15,686 [ERROR] LogOutputStream:75 - [STDERR_REDIRECT] 
